Using pre-set license
Built from '2021.3/staging' branch; Version is '2021.3.11f1 (0a5ca18544bf) revision 679073'; Using compiler version '192829333'; Build Type 'Release'
OS: 'Windows 11  (10.0.22621) 64bit Professional' Language: 'ko' Physical Memory: 15773 MB
BatchMode: 1, IsHumanControllingUs: 0, StartBugReporterOnCrash: 0, Is64bit: 1, IsPro: 1

COMMAND LINE ARGUMENTS:
C:\Program Files\Unity\Hub\Editor\2021.3.11f1\Editor\Unity.exe
-adb2
-batchMode
-noUpm
-name
AssetImportWorker1
-projectPath
C:/Users/Gnob/test
-logFile
Logs/AssetImportWorker1.log
-srvPort
2277
Successfully changed project path to: C:/Users/Gnob/test
C:/Users/Gnob/test
[UnityMemory] Configuration Parameters - Can be set up in boot.config
    "memorysetup-bucket-allocator-granularity=16"
    "memorysetup-bucket-allocator-bucket-count=8"
    "memorysetup-bucket-allocator-block-size=33554432"
    "memorysetup-bucket-allocator-block-count=8"
    "memorysetup-main-allocator-block-size=16777216"
    "memorysetup-thread-allocator-block-size=16777216"
    "memorysetup-gfx-main-allocator-block-size=16777216"
    "memorysetup-gfx-thread-allocator-block-size=16777216"
    "memorysetup-cache-allocator-block-size=4194304"
    "memorysetup-typetree-allocator-block-size=2097152"
    "memorysetup-profiler-bucket-allocator-granularity=16"
    "memorysetup-profiler-bucket-allocator-bucket-count=8"
    "memorysetup-profiler-bucket-allocator-block-size=33554432"
    "memorysetup-profiler-bucket-allocator-block-count=8"
    "memorysetup-profiler-allocator-block-size=16777216"
    "memorysetup-profiler-editor-allocator-block-size=1048576"
    "memorysetup-temp-allocator-size-main=16777216"
    "memorysetup-job-temp-allocator-block-size=2097152"
    "memorysetup-job-temp-allocator-block-size-background=1048576"
    "memorysetup-job-temp-allocator-reduction-small-platforms=262144"
    "memorysetup-temp-allocator-size-background-worker=32768"
    "memorysetup-temp-allocator-size-job-worker=262144"
    "memorysetup-temp-allocator-size-preload-manager=33554432"
    "memorysetup-temp-allocator-size-nav-mesh-worker=65536"
    "memorysetup-temp-allocator-size-audio-worker=65536"
    "memorysetup-temp-allocator-size-cloud-worker=32768"
    "memorysetup-temp-allocator-size-gi-baking-worker=262144"
    "memorysetup-temp-allocator-size-gfx=262144"
Refreshing native plugins compatible for Editor in 172.76 ms, found 16 plugins.
Preloading 0 native plugins for Editor in 0.00 ms.
Initialize engine version: 2021.3.11f1 (0a5ca18544bf)
[Subsystems] Discovering subsystems at path C:/Program Files/Unity/Hub/Editor/2021.3.11f1/Editor/Data/Resources/UnitySubsystems
[Subsystems] Discovering subsystems at path C:/Users/Gnob/test/Assets
GfxDevice: creating device client; threaded=0; jobified=0
Direct3D:
    Version:  Direct3D 11.0 [level 11.1]
    Renderer: AMD Radeon (TM) Graphics (ID=0x15e7)
    Vendor:   ATI
    VRAM:     7886 MB
    Driver:   31.0.12019.15004
Initialize mono
Mono path[0] = 'C:/Program Files/Unity/Hub/Editor/2021.3.11f1/Editor/Data/Managed'
Mono path[1] = 'C:/Program Files/Unity/Hub/Editor/2021.3.11f1/Editor/Data/MonoBleedingEdge/lib/mono/unityjit-win32'
Mono config path = 'C:/Program Files/Unity/Hub/Editor/2021.3.11f1/Editor/Data/MonoBleedingEdge/etc'
Using monoOptions --debugger-agent=transport=dt_socket,embedding=1,server=y,suspend=n,address=127.0.0.1:56536
Begin MonoManager ReloadAssembly
Registering precompiled unity dll's ...
Register platform support module: C:/Program Files/Unity/Hub/Editor/2021.3.11f1/Editor/Data/PlaybackEngines/WindowsStandaloneSupport/UnityEditor.WindowsStandalone.Extensions.dll
Registered in 0.002603 seconds.
Native extension for WindowsStandalone target not found
Refreshing native plugins compatible for Editor in 151.18 ms, found 16 plugins.
Preloading 0 native plugins for Editor in 0.00 ms.
Mono: successfully reloaded assembly
- Completed reload, in  0.743 seconds
Domain Reload Profiling:
	ReloadAssembly (743ms)
		BeginReloadAssembly (75ms)
			ExecutionOrderSort (0ms)
			DisableScriptedObjects (0ms)
			BackupInstance (0ms)
			ReleaseScriptingObjects (0ms)
			CreateAndSetChildDomain (1ms)
		EndReloadAssembly (561ms)
			LoadAssemblies (74ms)
			RebuildTransferFunctionScriptingTraits (0ms)
			SetupTypeCache (113ms)
			ReleaseScriptCaches (0ms)
			RebuildScriptCaches (31ms)
			SetupLoadedEditorAssemblies (359ms)
				LogAssemblyErrors (0ms)
				InitializePlatformSupportModulesInManaged (8ms)
				SetLoadedEditorAssemblies (0ms)
				RefreshPlugins (151ms)
				BeforeProcessingInitializeOnLoad (2ms)
				ProcessInitializeOnLoadAttributes (148ms)
				ProcessInitializeOnLoadMethodAttributes (50ms)
				AfterProcessingInitializeOnLoad (0ms)
				EditorAssembliesLoaded (0ms)
			ExecutionOrderSort2 (0ms)
			AwakeInstancesAfterBackupRestoration (0ms)
Platform modules already initialized, skipping
Registering precompiled user dll's ...
Registered in 0.014384 seconds.
Begin MonoManager ReloadAssembly
Symbol file LoadedFromMemory doesn't match image C:\Users\Gnob\test\Library\PackageCache\com.unity.visualscripting@1.7.8\Editor\VisualScripting.Core\Dependencies\DotNetZip\Unity.VisualScripting.IonicZip.dll
Symbol file LoadedFromMemory doesn't match image C:\Users\Gnob\test\Library\PackageCache\com.unity.visualscripting@1.7.8\Editor\VisualScripting.Core\Dependencies\YamlDotNet\Unity.VisualScripting.YamlDotNet.dll
Native extension for WindowsStandalone target not found
Refreshing native plugins compatible for Editor in 162.96 ms, found 16 plugins.
Preloading 0 native plugins for Editor in 0.00 ms.
Mono: successfully reloaded assembly
- Completed reload, in  1.724 seconds
Domain Reload Profiling:
	ReloadAssembly (1725ms)
		BeginReloadAssembly (135ms)
			ExecutionOrderSort (0ms)
			DisableScriptedObjects (8ms)
			BackupInstance (0ms)
			ReleaseScriptingObjects (1ms)
			CreateAndSetChildDomain (31ms)
		EndReloadAssembly (1450ms)
			LoadAssemblies (95ms)
			RebuildTransferFunctionScriptingTraits (0ms)
			SetupTypeCache (394ms)
			ReleaseScriptCaches (1ms)
			RebuildScriptCaches (87ms)
			SetupLoadedEditorAssemblies (813ms)
				LogAssemblyErrors (0ms)
				InitializePlatformSupportModulesInManaged (4ms)
				SetLoadedEditorAssemblies (0ms)
				RefreshPlugins (163ms)
				BeforeProcessingInitializeOnLoad (131ms)
				ProcessInitializeOnLoadAttributes (385ms)
				ProcessInitializeOnLoadMethodAttributes (125ms)
				AfterProcessingInitializeOnLoad (3ms)
				EditorAssembliesLoaded (0ms)
			ExecutionOrderSort2 (0ms)
			AwakeInstancesAfterBackupRestoration (6ms)
Platform modules already initialized, skipping
========================================================================
Worker process is ready to serve import requests
Launched and connected shader compiler UnityShaderCompiler.exe after 0.05 seconds
Refreshing native plugins compatible for Editor in 1.89 ms, found 16 plugins.
Preloading 0 native plugins for Editor in 0.00 ms.
Unloading 5830 Unused Serialized files (Serialized files now loaded: 0)
Unloading 166 unused Assets / (1.2 MB). Loaded Objects now: 6195.
Memory consumption went from 225.8 MB to 224.5 MB.
Total: 6.306700 ms (FindLiveObjects: 0.639600 ms CreateObjectMapping: 0.272900 ms MarkObjects: 4.631700 ms  DeleteObjects: 0.761600 ms)

AssetImportParameters requested are different than current active one (requested -> active):
  custom:video-decoder-ogg-theora: a1e56fd34408186e4bbccfd4996cb3dc -> 
  custom:container-muxer-webm: aa71ff27fc2769a1b78a27578f13a17b -> 
  custom:container-demuxer-webm: 4f35f7cbe854078d1ac9338744f61a02 -> 
  custom:video-encoder-webm-vp8: eb34c28f22e8b96e1ab97ce403110664 -> 
  custom:video-codec-MediaFoundation-h265: 746d11721c4dcdbdad8f713fa42b33f4 -> 
  custom:audio-encoder-webm-vorbis: bf7c407c2cedff20999df2af8eb42d56 -> 
  custom:framework-win-MediaFoundation: 216162199b28c13a410421893ffa2e32 -> 
  custom:container-demuxer-ogg: 62fdf1f143b41e24485cea50d1cbac27 -> 
  custom:video-decoder-webm-vp8: 9c59270c3fd7afecdb556c50c9e8de78 -> 
  custom:audio-decoder-ogg-vorbis: bf7c407c2cedff20999df2af8eb42d56 -> 
========================================================================
Received Import Request.
  Time since last request: 249337.850436 seconds.
  path: Assets/Pixel_planets/Suns/13.png
  artifactKey: Guid(8b743a03fe659ab4f9c21476d6c9d3b0) Importer(815301076,1909f56bfc062723c751e8b465ee728b)
Start importing Assets/Pixel_planets/Suns/13.png using Guid(8b743a03fe659ab4f9c21476d6c9d3b0) Importer(815301076,1909f56bfc062723c751e8b465ee728b)  -> (artifact id: 'e0af1a5c241063ae814b7dd62a247e75') in 0.164901 seconds 
========================================================================
Received Import Request.
  Time since last request: 0.000051 seconds.
  path: Assets/Pixel_planets/Suns/27.png
  artifactKey: Guid(853fbded5604fda47a39362b062304ee) Importer(815301076,1909f56bfc062723c751e8b465ee728b)
Start importing Assets/Pixel_planets/Suns/27.png using Guid(853fbded5604fda47a39362b062304ee) Importer(815301076,1909f56bfc062723c751e8b465ee728b)  -> (artifact id: '26223c5ade7201e41a8fe6090ecb39ae') in 0.021387 seconds 
========================================================================
Received Import Request.
  Time since last request: 0.000071 seconds.
  path: Assets/Pixel_planets/Suns/17.png
  artifactKey: Guid(9a848043e5d83ee499c33bd3c3f2e72a) Importer(815301076,1909f56bfc062723c751e8b465ee728b)
Start importing Assets/Pixel_planets/Suns/17.png using Guid(9a848043e5d83ee499c33bd3c3f2e72a) Importer(815301076,1909f56bfc062723c751e8b465ee728b)  -> (artifact id: '84c2ee78bb5636e1ce7902e6b416ce4d') in 0.026083 seconds 
========================================================================
Received Import Request.
  Time since last request: 0.000061 seconds.
  path: Assets/Pixel_planets/Suns/9.png
  artifactKey: Guid(70c3e3bae2cebdb4e99143b6f2bf788b) Importer(815301076,1909f56bfc062723c751e8b465ee728b)
Start importing Assets/Pixel_planets/Suns/9.png using Guid(70c3e3bae2cebdb4e99143b6f2bf788b) Importer(815301076,1909f56bfc062723c751e8b465ee728b)  -> (artifact id: '7fd2b46710817242e0c33d8698d7bf5f') in 0.021954 seconds 
========================================================================
Received Import Request.
  Time since last request: 0.000035 seconds.
  path: Assets/Pixel_planets/Suns/19.png
  artifactKey: Guid(af97055c48e81d141927810e265f5989) Importer(815301076,1909f56bfc062723c751e8b465ee728b)
Start importing Assets/Pixel_planets/Suns/19.png using Guid(af97055c48e81d141927810e265f5989) Importer(815301076,1909f56bfc062723c751e8b465ee728b)  -> (artifact id: 'ee431b16510b39472636f414c3eeb6e0') in 0.028334 seconds 
========================================================================
Received Import Request.
  Time since last request: 0.000033 seconds.
  path: Assets/Pixel_planets/Suns/22.png
  artifactKey: Guid(3aaa0ef0975714349b8dbd2686334c34) Importer(815301076,1909f56bfc062723c751e8b465ee728b)
Start importing Assets/Pixel_planets/Suns/22.png using Guid(3aaa0ef0975714349b8dbd2686334c34) Importer(815301076,1909f56bfc062723c751e8b465ee728b)  -> (artifact id: '64289c4632edf7778eefaf17172828f5') in 0.025059 seconds 
========================================================================
Received Import Request.
  Time since last request: 0.000032 seconds.
  path: Assets/Pixel_planets/Suns/20.png
  artifactKey: Guid(468cfd4261c88ee45b673c009898aa27) Importer(815301076,1909f56bfc062723c751e8b465ee728b)
Start importing Assets/Pixel_planets/Suns/20.png using Guid(468cfd4261c88ee45b673c009898aa27) Importer(815301076,1909f56bfc062723c751e8b465ee728b)  -> (artifact id: '06dc6f1007d89756489645c9354bd466') in 0.029576 seconds 
========================================================================
Received Import Request.
  Time since last request: 0.000036 seconds.
  path: Assets/Pixel_planets/Suns/25.png
  artifactKey: Guid(391e14142fdb0d646866c9c2537cc710) Importer(815301076,1909f56bfc062723c751e8b465ee728b)
Start importing Assets/Pixel_planets/Suns/25.png using Guid(391e14142fdb0d646866c9c2537cc710) Importer(815301076,1909f56bfc062723c751e8b465ee728b)  -> (artifact id: 'f54be4099635a86f94e9cfd42b546eac') in 0.025089 seconds 
========================================================================
Received Import Request.
  Time since last request: 0.000031 seconds.
  path: Assets/Pixel_planets/Suns/16.png
  artifactKey: Guid(fdb802c7a02468b4182bba166c522139) Importer(815301076,1909f56bfc062723c751e8b465ee728b)
Start importing Assets/Pixel_planets/Suns/16.png using Guid(fdb802c7a02468b4182bba166c522139) Importer(815301076,1909f56bfc062723c751e8b465ee728b)  -> (artifact id: '40264a40f2f8b353a783e198a2ca654d') in 0.025924 seconds 
Editor requested this worker to shutdown with reason: Scaling down because of idle timeout
AssetImportWorker is now disconnected from the server
Process exiting
Exiting without the bug reporter. Application will terminate with return code 0