Using pre-set license
Built from '2021.3/staging' branch; Version is '2021.3.11f1 (0a5ca18544bf) revision 679073'; Using compiler version '192829333'; Build Type 'Release'
OS: 'Windows 11  (10.0.22621) 64bit Professional' Language: 'ko' Physical Memory: 15773 MB
BatchMode: 1, IsHumanControllingUs: 0, StartBugReporterOnCrash: 0, Is64bit: 1, IsPro: 1

COMMAND LINE ARGUMENTS:
C:\Program Files\Unity\Hub\Editor\2021.3.11f1\Editor\Unity.exe
-adb2
-batchMode
-noUpm
-name
AssetImportWorker2
-projectPath
C:/Users/Gnob/test
-logFile
Logs/AssetImportWorker2.log
-srvPort
4246
Successfully changed project path to: C:/Users/Gnob/test
C:/Users/Gnob/test
[UnityMemory] Configuration Parameters - Can be set up in boot.config
    "memorysetup-bucket-allocator-granularity=16"
    "memorysetup-bucket-allocator-bucket-count=8"
    "memorysetup-bucket-allocator-block-size=33554432"
    "memorysetup-bucket-allocator-block-count=8"
    "memorysetup-main-allocator-block-size=16777216"
    "memorysetup-thread-allocator-block-size=16777216"
    "memorysetup-gfx-main-allocator-block-size=16777216"
    "memorysetup-gfx-thread-allocator-block-size=16777216"
    "memorysetup-cache-allocator-block-size=4194304"
    "memorysetup-typetree-allocator-block-size=2097152"
    "memorysetup-profiler-bucket-allocator-granularity=16"
    "memorysetup-profiler-bucket-allocator-bucket-count=8"
    "memorysetup-profiler-bucket-allocator-block-size=33554432"
    "memorysetup-profiler-bucket-allocator-block-count=8"
    "memorysetup-profiler-allocator-block-size=16777216"
    "memorysetup-profiler-editor-allocator-block-size=1048576"
    "memorysetup-temp-allocator-size-main=16777216"
    "memorysetup-job-temp-allocator-block-size=2097152"
    "memorysetup-job-temp-allocator-block-size-background=1048576"
    "memorysetup-job-temp-allocator-reduction-small-platforms=262144"
    "memorysetup-temp-allocator-size-background-worker=32768"
    "memorysetup-temp-allocator-size-job-worker=262144"
    "memorysetup-temp-allocator-size-preload-manager=33554432"
    "memorysetup-temp-allocator-size-nav-mesh-worker=65536"
    "memorysetup-temp-allocator-size-audio-worker=65536"
    "memorysetup-temp-allocator-size-cloud-worker=32768"
    "memorysetup-temp-allocator-size-gi-baking-worker=262144"
    "memorysetup-temp-allocator-size-gfx=262144"
Refreshing native plugins compatible for Editor in 155.43 ms, found 16 plugins.
Preloading 0 native plugins for Editor in 0.00 ms.
Initialize engine version: 2021.3.11f1 (0a5ca18544bf)
[Subsystems] Discovering subsystems at path C:/Program Files/Unity/Hub/Editor/2021.3.11f1/Editor/Data/Resources/UnitySubsystems
[Subsystems] Discovering subsystems at path C:/Users/Gnob/test/Assets
GfxDevice: creating device client; threaded=0; jobified=0
Direct3D:
    Version:  Direct3D 11.0 [level 11.1]
    Renderer: AMD Radeon (TM) Graphics (ID=0x15e7)
    Vendor:   ATI
    VRAM:     7886 MB
    Driver:   31.0.12019.15004
Initialize mono
Mono path[0] = 'C:/Program Files/Unity/Hub/Editor/2021.3.11f1/Editor/Data/Managed'
Mono path[1] = 'C:/Program Files/Unity/Hub/Editor/2021.3.11f1/Editor/Data/MonoBleedingEdge/lib/mono/unityjit-win32'
Mono config path = 'C:/Program Files/Unity/Hub/Editor/2021.3.11f1/Editor/Data/MonoBleedingEdge/etc'
Using monoOptions --debugger-agent=transport=dt_socket,embedding=1,server=y,suspend=n,address=127.0.0.1:56572
Begin MonoManager ReloadAssembly
Registering precompiled unity dll's ...
Register platform support module: C:/Program Files/Unity/Hub/Editor/2021.3.11f1/Editor/Data/PlaybackEngines/WindowsStandaloneSupport/UnityEditor.WindowsStandalone.Extensions.dll
Registered in 0.002285 seconds.
Native extension for WindowsStandalone target not found
Refreshing native plugins compatible for Editor in 110.17 ms, found 16 plugins.
Preloading 0 native plugins for Editor in 0.00 ms.
Mono: successfully reloaded assembly
- Completed reload, in  0.549 seconds
Domain Reload Profiling:
	ReloadAssembly (549ms)
		BeginReloadAssembly (54ms)
			ExecutionOrderSort (0ms)
			DisableScriptedObjects (0ms)
			BackupInstance (0ms)
			ReleaseScriptingObjects (0ms)
			CreateAndSetChildDomain (1ms)
		EndReloadAssembly (416ms)
			LoadAssemblies (53ms)
			RebuildTransferFunctionScriptingTraits (0ms)
			SetupTypeCache (79ms)
			ReleaseScriptCaches (0ms)
			RebuildScriptCaches (33ms)
			SetupLoadedEditorAssemblies (260ms)
				LogAssemblyErrors (0ms)
				InitializePlatformSupportModulesInManaged (6ms)
				SetLoadedEditorAssemblies (0ms)
				RefreshPlugins (110ms)
				BeforeProcessingInitializeOnLoad (1ms)
				ProcessInitializeOnLoadAttributes (105ms)
				ProcessInitializeOnLoadMethodAttributes (38ms)
				AfterProcessingInitializeOnLoad (0ms)
				EditorAssembliesLoaded (0ms)
			ExecutionOrderSort2 (0ms)
			AwakeInstancesAfterBackupRestoration (0ms)
Platform modules already initialized, skipping
Registering precompiled user dll's ...
Registered in 0.008604 seconds.
Begin MonoManager ReloadAssembly
Symbol file LoadedFromMemory doesn't match image C:\Users\Gnob\test\Library\PackageCache\com.unity.visualscripting@1.7.8\Editor\VisualScripting.Core\Dependencies\DotNetZip\Unity.VisualScripting.IonicZip.dll
Symbol file LoadedFromMemory doesn't match image C:\Users\Gnob\test\Library\PackageCache\com.unity.visualscripting@1.7.8\Editor\VisualScripting.Core\Dependencies\YamlDotNet\Unity.VisualScripting.YamlDotNet.dll
Native extension for WindowsStandalone target not found
Refreshing native plugins compatible for Editor in 114.98 ms, found 16 plugins.
Preloading 0 native plugins for Editor in 0.00 ms.
Mono: successfully reloaded assembly
- Completed reload, in  1.144 seconds
Domain Reload Profiling:
	ReloadAssembly (1145ms)
		BeginReloadAssembly (107ms)
			ExecutionOrderSort (0ms)
			DisableScriptedObjects (5ms)
			BackupInstance (0ms)
			ReleaseScriptingObjects (0ms)
			CreateAndSetChildDomain (20ms)
		EndReloadAssembly (950ms)
			LoadAssemblies (75ms)
			RebuildTransferFunctionScriptingTraits (0ms)
			SetupTypeCache (212ms)
			ReleaseScriptCaches (1ms)
			RebuildScriptCaches (60ms)
			SetupLoadedEditorAssemblies (564ms)
				LogAssemblyErrors (0ms)
				InitializePlatformSupportModulesInManaged (3ms)
				SetLoadedEditorAssemblies (0ms)
				RefreshPlugins (115ms)
				BeforeProcessingInitializeOnLoad (98ms)
				ProcessInitializeOnLoadAttributes (269ms)
				ProcessInitializeOnLoadMethodAttributes (76ms)
				AfterProcessingInitializeOnLoad (3ms)
				EditorAssembliesLoaded (0ms)
			ExecutionOrderSort2 (0ms)
			AwakeInstancesAfterBackupRestoration (5ms)
Platform modules already initialized, skipping
========================================================================
Worker process is ready to serve import requests
Launched and connected shader compiler UnityShaderCompiler.exe after 0.04 seconds
Refreshing native plugins compatible for Editor in 2.07 ms, found 16 plugins.
Preloading 0 native plugins for Editor in 0.00 ms.
Unloading 5830 Unused Serialized files (Serialized files now loaded: 0)
Unloading 166 unused Assets / (1.2 MB). Loaded Objects now: 6195.
Memory consumption went from 225.8 MB to 224.6 MB.
Total: 5.143700 ms (FindLiveObjects: 0.535000 ms CreateObjectMapping: 0.504400 ms MarkObjects: 3.544300 ms  DeleteObjects: 0.559100 ms)

AssetImportParameters requested are different than current active one (requested -> active):
  custom:video-decoder-ogg-theora: a1e56fd34408186e4bbccfd4996cb3dc -> 
  custom:container-muxer-webm: aa71ff27fc2769a1b78a27578f13a17b -> 
  custom:container-demuxer-webm: 4f35f7cbe854078d1ac9338744f61a02 -> 
  custom:video-encoder-webm-vp8: eb34c28f22e8b96e1ab97ce403110664 -> 
  custom:video-codec-MediaFoundation-h265: 746d11721c4dcdbdad8f713fa42b33f4 -> 
  custom:audio-encoder-webm-vorbis: bf7c407c2cedff20999df2af8eb42d56 -> 
  custom:framework-win-MediaFoundation: 216162199b28c13a410421893ffa2e32 -> 
  custom:container-demuxer-ogg: 62fdf1f143b41e24485cea50d1cbac27 -> 
  custom:video-decoder-webm-vp8: 9c59270c3fd7afecdb556c50c9e8de78 -> 
  custom:audio-decoder-ogg-vorbis: bf7c407c2cedff20999df2af8eb42d56 -> 
========================================================================
Received Import Request.
  Time since last request: 92088.438832 seconds.
  path: Assets/Pixel_planets/Showcase/sprites/sprMoon/2e26ad4b-0e06-422b-8f85-36cb34150fa3.png
  artifactKey: Guid(3b7aa139d8b7e664c9feab61db3f9a0a) Importer(815301076,1909f56bfc062723c751e8b465ee728b)
Start importing Assets/Pixel_planets/Showcase/sprites/sprMoon/2e26ad4b-0e06-422b-8f85-36cb34150fa3.png using Guid(3b7aa139d8b7e664c9feab61db3f9a0a) Importer(815301076,1909f56bfc062723c751e8b465ee728b)  -> (artifact id: '234029b63bcb3795d16736901baf4f77') in 0.124710 seconds 
========================================================================
Received Import Request.
  Time since last request: 0.060244 seconds.
  path: Assets/Pixel_planets/Showcase/sprites/sprMoon/15ec9968-bfd4-45ba-86c5-4e18cab5300e.png
  artifactKey: Guid(b84afe8cce38f4448844e3e78fb02552) Importer(815301076,1909f56bfc062723c751e8b465ee728b)
Start importing Assets/Pixel_planets/Showcase/sprites/sprMoon/15ec9968-bfd4-45ba-86c5-4e18cab5300e.png using Guid(b84afe8cce38f4448844e3e78fb02552) Importer(815301076,1909f56bfc062723c751e8b465ee728b)  -> (artifact id: 'f824fd1e15d374d6d693848c6ca32f84') in 0.019030 seconds 
========================================================================
Received Import Request.
  Time since last request: 0.021133 seconds.
  path: Assets/Pixel_planets/Showcase/sprites/sprMoon/38bc61ed-64a8-4553-9dc2-771873d85a15.png
  artifactKey: Guid(5e83f1f9c710d3447a4a854000845ee4) Importer(815301076,1909f56bfc062723c751e8b465ee728b)
Start importing Assets/Pixel_planets/Showcase/sprites/sprMoon/38bc61ed-64a8-4553-9dc2-771873d85a15.png using Guid(5e83f1f9c710d3447a4a854000845ee4) Importer(815301076,1909f56bfc062723c751e8b465ee728b)  -> (artifact id: '603b1eb4067b621209c6e8b0354d4f18') in 0.017984 seconds 
========================================================================
Received Import Request.
  Time since last request: 0.000025 seconds.
  path: Assets/Pixel_planets/Showcase/sprites/sprPlanet/layers/4c010354-51cb-4ab5-bf32-1785c301d763/58d6ffb0-393a-4f49-855b-b55e004e21f1.png
  artifactKey: Guid(ae1f9046ce8e113498b4a86a0e9aa1c2) Importer(815301076,1909f56bfc062723c751e8b465ee728b)
Start importing Assets/Pixel_planets/Showcase/sprites/sprPlanet/layers/4c010354-51cb-4ab5-bf32-1785c301d763/58d6ffb0-393a-4f49-855b-b55e004e21f1.png using Guid(ae1f9046ce8e113498b4a86a0e9aa1c2) Importer(815301076,1909f56bfc062723c751e8b465ee728b)  -> (artifact id: 'ccb609d63eca8517f587190bdadfff47') in 0.011288 seconds 
========================================================================
Received Import Request.
  Time since last request: 0.016947 seconds.
  path: Assets/Pixel_planets/Showcase/sprites/sprPlanet/layers/30aa2418-c83a-4765-9f21-456c05791ebc/58d6ffb0-393a-4f49-855b-b55e004e21f1.png
  artifactKey: Guid(f0a9a50f28c87c942916278bb8d87412) Importer(815301076,1909f56bfc062723c751e8b465ee728b)
Start importing Assets/Pixel_planets/Showcase/sprites/sprPlanet/layers/30aa2418-c83a-4765-9f21-456c05791ebc/58d6ffb0-393a-4f49-855b-b55e004e21f1.png using Guid(f0a9a50f28c87c942916278bb8d87412) Importer(815301076,1909f56bfc062723c751e8b465ee728b)  -> (artifact id: '2b9fe4f3f89ef623ed6c52c3e1abeeed') in 0.012407 seconds 
========================================================================
Received Import Request.
  Time since last request: 0.000060 seconds.
  path: Assets/Pixel_planets/Showcase/sprites/sprPlanet/layers/fcbde6ef-2e33-442f-ba90-70a40755b6c4/58d6ffb0-393a-4f49-855b-b55e004e21f1.png
  artifactKey: Guid(86296cdd9baeb3e4a89e3500f31b161a) Importer(815301076,1909f56bfc062723c751e8b465ee728b)
Start importing Assets/Pixel_planets/Showcase/sprites/sprPlanet/layers/fcbde6ef-2e33-442f-ba90-70a40755b6c4/58d6ffb0-393a-4f49-855b-b55e004e21f1.png using Guid(86296cdd9baeb3e4a89e3500f31b161a) Importer(815301076,1909f56bfc062723c751e8b465ee728b)  -> (artifact id: '450080354f09ea09384d40dfc39ced7c') in 0.017281 seconds 
========================================================================
Received Import Request.
  Time since last request: 0.000045 seconds.
  path: Assets/Pixel_planets/Showcase/sprites/sprPlanet/layers/95e3fb73-6c3f-43eb-bef5-9633572262bb/58d6ffb0-393a-4f49-855b-b55e004e21f1.png
  artifactKey: Guid(6ba0dc7d777712d46811a44e51b0c1cf) Importer(815301076,1909f56bfc062723c751e8b465ee728b)
Start importing Assets/Pixel_planets/Showcase/sprites/sprPlanet/layers/95e3fb73-6c3f-43eb-bef5-9633572262bb/58d6ffb0-393a-4f49-855b-b55e004e21f1.png using Guid(6ba0dc7d777712d46811a44e51b0c1cf) Importer(815301076,1909f56bfc062723c751e8b465ee728b)  -> (artifact id: '680c778463bc770df80fc520e7280556') in 0.017302 seconds 
========================================================================
Received Import Request.
  Time since last request: 0.000079 seconds.
  path: Assets/Pixel_planets/Showcase/sprites/sprPlanet/layers/80e570bf-5d10-477a-8251-db58bc253a37/58d6ffb0-393a-4f49-855b-b55e004e21f1.png
  artifactKey: Guid(ed2f0c6e5c04c3b46881a929382f366a) Importer(815301076,1909f56bfc062723c751e8b465ee728b)
Start importing Assets/Pixel_planets/Showcase/sprites/sprPlanet/layers/80e570bf-5d10-477a-8251-db58bc253a37/58d6ffb0-393a-4f49-855b-b55e004e21f1.png using Guid(ed2f0c6e5c04c3b46881a929382f366a) Importer(815301076,1909f56bfc062723c751e8b465ee728b)  -> (artifact id: '06fc8841bf1fe11e79c589a71ee0a76a') in 0.018809 seconds 
========================================================================
Received Import Request.
  Time since last request: 0.000056 seconds.
  path: Assets/Pixel_planets/Showcase/sprites/sprPlanet/layers/a893dd17-c06b-406d-81a8-c2593d353c8c/58d6ffb0-393a-4f49-855b-b55e004e21f1.png
  artifactKey: Guid(208559f4939863c4fa18d3163606adcf) Importer(815301076,1909f56bfc062723c751e8b465ee728b)
Start importing Assets/Pixel_planets/Showcase/sprites/sprPlanet/layers/a893dd17-c06b-406d-81a8-c2593d353c8c/58d6ffb0-393a-4f49-855b-b55e004e21f1.png using Guid(208559f4939863c4fa18d3163606adcf) Importer(815301076,1909f56bfc062723c751e8b465ee728b)  -> (artifact id: 'b4bdc158b842923facc270b13cb7491a') in 0.018030 seconds 
========================================================================
Received Import Request.
  Time since last request: 0.000028 seconds.
  path: Assets/Pixel_planets/Showcase/sprites/sprStar2/b9f16e77-2483-4c30-a70f-192f94146936.png
  artifactKey: Guid(357d688140f1d5b4bac151322060372a) Importer(815301076,1909f56bfc062723c751e8b465ee728b)
Start importing Assets/Pixel_planets/Showcase/sprites/sprStar2/b9f16e77-2483-4c30-a70f-192f94146936.png using Guid(357d688140f1d5b4bac151322060372a) Importer(815301076,1909f56bfc062723c751e8b465ee728b)  -> (artifact id: 'ffa9a4ec6a261f6e99faffe4baecc1b9') in 0.022283 seconds 
========================================================================
Received Import Request.
  Time since last request: 0.000039 seconds.
  path: Assets/Pixel_planets/Showcase/sprites/sprPlanet/layers/651c69c3-320f-4530-be8c-340b27183bc4/58d6ffb0-393a-4f49-855b-b55e004e21f1.png
  artifactKey: Guid(8b27d85ce59487a4aa8c18336124bd57) Importer(815301076,1909f56bfc062723c751e8b465ee728b)
Start importing Assets/Pixel_planets/Showcase/sprites/sprPlanet/layers/651c69c3-320f-4530-be8c-340b27183bc4/58d6ffb0-393a-4f49-855b-b55e004e21f1.png using Guid(8b27d85ce59487a4aa8c18336124bd57) Importer(815301076,1909f56bfc062723c751e8b465ee728b)  -> (artifact id: '1947f9375eacfdbede275246c18abe3b') in 0.024175 seconds 
========================================================================
Received Import Request.
  Time since last request: 0.000033 seconds.
  path: Assets/Pixel_planets/Showcase/sprites/sprPlanet/layers/fb7a60f5-ffd6-4692-b9aa-d7c1bb7d31a3/58d6ffb0-393a-4f49-855b-b55e004e21f1.png
  artifactKey: Guid(84f183068feabc54bbdd80852796c44a) Importer(815301076,1909f56bfc062723c751e8b465ee728b)
Start importing Assets/Pixel_planets/Showcase/sprites/sprPlanet/layers/fb7a60f5-ffd6-4692-b9aa-d7c1bb7d31a3/58d6ffb0-393a-4f49-855b-b55e004e21f1.png using Guid(84f183068feabc54bbdd80852796c44a) Importer(815301076,1909f56bfc062723c751e8b465ee728b)  -> (artifact id: '4124bdddbc439d2b40f8059ff73ae57f') in 0.018709 seconds 
========================================================================
Received Import Request.
  Time since last request: 0.000043 seconds.
  path: Assets/Pixel_planets/Showcase/sprites/sprPlanet/layers/91411619-55b2-4369-a10e-adca3a84bfcd/58d6ffb0-393a-4f49-855b-b55e004e21f1.png
  artifactKey: Guid(38c0b8c5c75ff044785fe202128d2b6f) Importer(815301076,1909f56bfc062723c751e8b465ee728b)
Start importing Assets/Pixel_planets/Showcase/sprites/sprPlanet/layers/91411619-55b2-4369-a10e-adca3a84bfcd/58d6ffb0-393a-4f49-855b-b55e004e21f1.png using Guid(38c0b8c5c75ff044785fe202128d2b6f) Importer(815301076,1909f56bfc062723c751e8b465ee728b)  -> (artifact id: '880fa65ebe376f2cc062dc38f39c0042') in 0.016287 seconds 
========================================================================
Received Import Request.
  Time since last request: 0.000032 seconds.
  path: Assets/Pixel_planets/Showcase/sprites/sprPlanet/layers/88c545f7-d271-47f8-9b88-7fd4f3afc8a4/58d6ffb0-393a-4f49-855b-b55e004e21f1.png
  artifactKey: Guid(a64ef4978c5745b4095b5c9d59edeb3e) Importer(815301076,1909f56bfc062723c751e8b465ee728b)
Start importing Assets/Pixel_planets/Showcase/sprites/sprPlanet/layers/88c545f7-d271-47f8-9b88-7fd4f3afc8a4/58d6ffb0-393a-4f49-855b-b55e004e21f1.png using Guid(a64ef4978c5745b4095b5c9d59edeb3e) Importer(815301076,1909f56bfc062723c751e8b465ee728b)  -> (artifact id: '567e298e6e825adbf22a797c53289215') in 0.018216 seconds 
========================================================================
Received Import Request.
  Time since last request: 0.000031 seconds.
  path: Assets/Pixel_planets/Showcase/sprites/sprPlanet/layers/36d9d426-b45e-44f4-b5cd-a9a1c4c21cb7/58d6ffb0-393a-4f49-855b-b55e004e21f1.png
  artifactKey: Guid(070dcb0b6d0016b4083911acf8f4d8fc) Importer(815301076,1909f56bfc062723c751e8b465ee728b)
Start importing Assets/Pixel_planets/Showcase/sprites/sprPlanet/layers/36d9d426-b45e-44f4-b5cd-a9a1c4c21cb7/58d6ffb0-393a-4f49-855b-b55e004e21f1.png using Guid(070dcb0b6d0016b4083911acf8f4d8fc) Importer(815301076,1909f56bfc062723c751e8b465ee728b)  -> (artifact id: '320cad03cf090e40710866f5656281ec') in 0.013787 seconds 
========================================================================
Received Import Request.
  Time since last request: 0.287460 seconds.
  path: Assets/Pixel_planets/Showcase/sprites/sprMoon/d189cd2e-ff0f-4cb7-a330-e8552b1025dd.png
  artifactKey: Guid(e03a7eb39582adc4fb75599609de6941) Importer(815301076,1909f56bfc062723c751e8b465ee728b)
Start importing Assets/Pixel_planets/Showcase/sprites/sprMoon/d189cd2e-ff0f-4cb7-a330-e8552b1025dd.png using Guid(e03a7eb39582adc4fb75599609de6941) Importer(815301076,1909f56bfc062723c751e8b465ee728b)  -> (artifact id: '43dba8cdd095c92af8a1293ba319e32d') in 0.020647 seconds 
========================================================================
Received Import Request.
  Time since last request: 0.000060 seconds.
  path: Assets/Pixel_planets/Showcase/sprites/sprStar1/layers/7f70a188-b1f9-4712-9124-3fb0fbe2d013/ea37dcad-903a-4b6b-b86e-5484284472c5.png
  artifactKey: Guid(886ce7a5429f82747a866e278fdb9660) Importer(815301076,1909f56bfc062723c751e8b465ee728b)
Start importing Assets/Pixel_planets/Showcase/sprites/sprStar1/layers/7f70a188-b1f9-4712-9124-3fb0fbe2d013/ea37dcad-903a-4b6b-b86e-5484284472c5.png using Guid(886ce7a5429f82747a866e278fdb9660) Importer(815301076,1909f56bfc062723c751e8b465ee728b)  -> (artifact id: 'e02467a5149ee75bc3f630ebdc392b84') in 0.020705 seconds 
========================================================================
Received Import Request.
  Time since last request: 0.000038 seconds.
  path: Assets/Pixel_planets/Showcase/sprites/sprComet/e1ef373d-5542-4263-9b3e-8c2659d6ac71.png
  artifactKey: Guid(ca3cd09800834564080e17110dff0008) Importer(815301076,1909f56bfc062723c751e8b465ee728b)
Start importing Assets/Pixel_planets/Showcase/sprites/sprComet/e1ef373d-5542-4263-9b3e-8c2659d6ac71.png using Guid(ca3cd09800834564080e17110dff0008) Importer(815301076,1909f56bfc062723c751e8b465ee728b)  -> (artifact id: '2f46273cd94dbf658a4757c7155f4dfc') in 0.021906 seconds 
========================================================================
Received Import Request.
  Time since last request: 0.000023 seconds.
  path: Assets/Pixel_planets/Showcase/sprites/sprStar1/layers/11550d7c-ed37-4e7f-a6e0-a8f8029661e2/ea37dcad-903a-4b6b-b86e-5484284472c5.png
  artifactKey: Guid(aaa98bc78d891ca40a841aaa4c9c1220) Importer(815301076,1909f56bfc062723c751e8b465ee728b)
Start importing Assets/Pixel_planets/Showcase/sprites/sprStar1/layers/11550d7c-ed37-4e7f-a6e0-a8f8029661e2/ea37dcad-903a-4b6b-b86e-5484284472c5.png using Guid(aaa98bc78d891ca40a841aaa4c9c1220) Importer(815301076,1909f56bfc062723c751e8b465ee728b)  -> (artifact id: '537636eca2a410cacc670ab5050925c7') in 0.016550 seconds 
========================================================================
Received Import Request.
  Time since last request: 0.000024 seconds.
  path: Assets/Pixel_planets/Showcase/sprites/sprStar1/layers/dfc42e6a-2e01-4db9-8953-c62fa8c85333/ea37dcad-903a-4b6b-b86e-5484284472c5.png
  artifactKey: Guid(a7f69392d8af2c342b0075810c8be7a7) Importer(815301076,1909f56bfc062723c751e8b465ee728b)
Start importing Assets/Pixel_planets/Showcase/sprites/sprStar1/layers/dfc42e6a-2e01-4db9-8953-c62fa8c85333/ea37dcad-903a-4b6b-b86e-5484284472c5.png using Guid(a7f69392d8af2c342b0075810c8be7a7) Importer(815301076,1909f56bfc062723c751e8b465ee728b)  -> (artifact id: 'fe7b010ae6b4856ad281365e50f8b9a9') in 0.013986 seconds 
========================================================================
Received Import Request.
  Time since last request: 0.000044 seconds.
  path: Assets/Pixel_planets/Showcase/sprites/sprStar1/layers/4a4f7454-e7f1-41ff-b3ea-16242e9fc5f2/ea37dcad-903a-4b6b-b86e-5484284472c5.png
  artifactKey: Guid(ddfb06720eb6f9c4588aec2a5b53d562) Importer(815301076,1909f56bfc062723c751e8b465ee728b)
Start importing Assets/Pixel_planets/Showcase/sprites/sprStar1/layers/4a4f7454-e7f1-41ff-b3ea-16242e9fc5f2/ea37dcad-903a-4b6b-b86e-5484284472c5.png using Guid(ddfb06720eb6f9c4588aec2a5b53d562) Importer(815301076,1909f56bfc062723c751e8b465ee728b)  -> (artifact id: 'cf6f90033730551c038788385442569e') in 0.020047 seconds 
========================================================================
Received Import Request.
  Time since last request: 0.242871 seconds.
  path: Assets/Pixel_planets/Showcase/sprites/sprMoon/f9743e1d-147c-4dfd-a746-075cc597d89f.png
  artifactKey: Guid(820ef75e8a3471046a6fe28663145c51) Importer(815301076,1909f56bfc062723c751e8b465ee728b)
Start importing Assets/Pixel_planets/Showcase/sprites/sprMoon/f9743e1d-147c-4dfd-a746-075cc597d89f.png using Guid(820ef75e8a3471046a6fe28663145c51) Importer(815301076,1909f56bfc062723c751e8b465ee728b)  -> (artifact id: '26eedf9b69832c11e57ff28dfd847e73') in 0.019686 seconds 
========================================================================
Received Import Request.
  Time since last request: 1.815375 seconds.
  path: Assets/Prefabs/star.prefab
  artifactKey: Guid(2bdb178577ebaf94d9372987b2dd7f1e) Importer(815301076,1909f56bfc062723c751e8b465ee728b)
Start importing Assets/Prefabs/star.prefab using Guid(2bdb178577ebaf94d9372987b2dd7f1e) Importer(815301076,1909f56bfc062723c751e8b465ee728b)  -> (artifact id: 'c2a94ca0a76d17dc687b22b131e286e3') in 0.150919 seconds 
========================================================================
Received Prepare
Registering precompiled user dll's ...
Registered in 0.008414 seconds.
Begin MonoManager ReloadAssembly
Symbol file LoadedFromMemory doesn't match image C:\Users\Gnob\test\Library\PackageCache\com.unity.visualscripting@1.7.8\Editor\VisualScripting.Core\Dependencies\DotNetZip\Unity.VisualScripting.IonicZip.dll
Symbol file LoadedFromMemory doesn't match image C:\Users\Gnob\test\Library\PackageCache\com.unity.visualscripting@1.7.8\Editor\VisualScripting.Core\Dependencies\YamlDotNet\Unity.VisualScripting.YamlDotNet.dll
Native extension for WindowsStandalone target not found
Refreshing native plugins compatible for Editor in 3.29 ms, found 16 plugins.
Preloading 0 native plugins for Editor in 0.00 ms.
Unable to write to 'ProjectSettings\GvhProjectSettings.xml' (System.IO.IOException: Sharing violation on path C:\Users\Gnob\test\ProjectSettings\GvhProjectSettings.xml
  at System.IO.FileStream..ctor (System.String path, System.IO.FileMode mode, System.IO.FileAccess access, System.IO.FileShare share, System.Int32 bufferSize, System.Boolean anonymous, System.IO.FileOptions options) [0x0019e] in <9aad1b3a47484d63ba2b3985692d80e9>:0 
  at System.IO.FileStream..ctor (System.String path, System.IO.FileMode mode, System.IO.FileAccess access, System.IO.FileShare share, System.Int32 bufferSize, System.IO.FileOptions options) [0x00000] in <9aad1b3a47484d63ba2b3985692d80e9>:0 
  at System.IO.FileStream..ctor (System.String path, System.IO.FileMode mode, System.IO.FileAccess access, System.IO.FileShare share, System.Int32 bufferSize, System.Boolean useAsync) [0x00000] in <9aad1b3a47484d63ba2b3985692d80e9>:0 
  at (wrapper remoting-invoke-with-check) System.IO.FileStream..ctor(string,System.IO.FileMode,System.IO.FileAccess,System.IO.FileShare,int,bool)
  at System.Xml.XmlWriterSettings.CreateWriter (System.String outputFileName) [0x00051] in <dd0557022e4e4150b548e69900b259c8>:0 
  at System.Xml.XmlWriter.Create (System.String outputFileName, System.Xml.XmlWriterSettings settings) [0x0000a] in <dd0557022e4e4150b548e69900b259c8>:0 
  at Google.ProjectSettings.Save () [0x000a1] in <f84891da46494f42b06c4c4875aa2f96>:0 , Project settings were not saved!
UnityEngine.StackTraceUtility:ExtractStackTrace ()
UnityEngine.DebugLogHandler:LogFormat (UnityEngine.LogType,UnityEngine.Object,string,object[])
UnityEngine.Logger:Log (UnityEngine.LogType,object)
UnityEngine.Debug:LogError (object)
Google.Logger:Log (string,Google.LogLevel)
Google.ProjectSettings:Save ()
Google.ProjectSettings:SetBool (string,bool,Google.SettingsLocation)
Google.ProjectSettings:SetBool (string,bool)
Google.IOSResolver:set_VerboseLoggingEnabled (bool)
Google.IOSResolver:.cctor ()
System.Runtime.CompilerServices.RuntimeHelpers:RunClassConstructor (System.RuntimeTypeHandle)
UnityEditor.EditorAssemblies:ProcessInitializeOnLoadAttributes (System.Type[])

Mono: successfully reloaded assembly
- Completed reload, in  1.309 seconds
Domain Reload Profiling:
	ReloadAssembly (1309ms)
		BeginReloadAssembly (128ms)
			ExecutionOrderSort (0ms)
			DisableScriptedObjects (8ms)
			BackupInstance (0ms)
			ReleaseScriptingObjects (0ms)
			CreateAndSetChildDomain (47ms)
		EndReloadAssembly (1105ms)
			LoadAssemblies (78ms)
			RebuildTransferFunctionScriptingTraits (0ms)
			SetupTypeCache (230ms)
			ReleaseScriptCaches (2ms)
			RebuildScriptCaches (75ms)
			SetupLoadedEditorAssemblies (597ms)
				LogAssemblyErrors (0ms)
				InitializePlatformSupportModulesInManaged (14ms)
				SetLoadedEditorAssemblies (1ms)
				RefreshPlugins (3ms)
				BeforeProcessingInitializeOnLoad (114ms)
				ProcessInitializeOnLoadAttributes (349ms)
				ProcessInitializeOnLoadMethodAttributes (112ms)
				AfterProcessingInitializeOnLoad (4ms)
				EditorAssembliesLoaded (0ms)
			ExecutionOrderSort2 (0ms)
			AwakeInstancesAfterBackupRestoration (16ms)
Platform modules already initialized, skipping
Refreshing native plugins compatible for Editor in 12.47 ms, found 16 plugins.
Preloading 0 native plugins for Editor in 0.00 ms.
Unloading 5703 Unused Serialized files (Serialized files now loaded: 0)
Unloading 157 unused Assets / (1.2 MB). Loaded Objects now: 6261.
Memory consumption went from 226.1 MB to 224.9 MB.
Total: 7.967100 ms (FindLiveObjects: 0.502000 ms CreateObjectMapping: 0.301200 ms MarkObjects: 6.511600 ms  DeleteObjects: 0.650100 ms)

AssetImportParameters requested are different than current active one (requested -> active):
  custom:video-decoder-ogg-theora: a1e56fd34408186e4bbccfd4996cb3dc -> 
  custom:container-muxer-webm: aa71ff27fc2769a1b78a27578f13a17b -> 
  custom:container-demuxer-webm: 4f35f7cbe854078d1ac9338744f61a02 -> 
  custom:video-encoder-webm-vp8: eb34c28f22e8b96e1ab97ce403110664 -> 
  custom:video-codec-MediaFoundation-h265: 746d11721c4dcdbdad8f713fa42b33f4 -> 
  custom:audio-encoder-webm-vorbis: bf7c407c2cedff20999df2af8eb42d56 -> 
  custom:framework-win-MediaFoundation: 216162199b28c13a410421893ffa2e32 -> 
  custom:container-demuxer-ogg: 62fdf1f143b41e24485cea50d1cbac27 -> 
  custom:video-decoder-webm-vp8: 9c59270c3fd7afecdb556c50c9e8de78 -> 
  custom:audio-decoder-ogg-vorbis: bf7c407c2cedff20999df2af8eb42d56 -> 
========================================================================
Received Prepare
Registering precompiled user dll's ...
Registered in 0.007955 seconds.
Begin MonoManager ReloadAssembly
Symbol file LoadedFromMemory doesn't match image C:\Users\Gnob\test\Library\PackageCache\com.unity.visualscripting@1.7.8\Editor\VisualScripting.Core\Dependencies\DotNetZip\Unity.VisualScripting.IonicZip.dll
Symbol file LoadedFromMemory doesn't match image C:\Users\Gnob\test\Library\PackageCache\com.unity.visualscripting@1.7.8\Editor\VisualScripting.Core\Dependencies\YamlDotNet\Unity.VisualScripting.YamlDotNet.dll
Native extension for WindowsStandalone target not found
Refreshing native plugins compatible for Editor in 3.76 ms, found 16 plugins.
Preloading 0 native plugins for Editor in 0.00 ms.
Mono: successfully reloaded assembly
- Completed reload, in  1.267 seconds
Domain Reload Profiling:
	ReloadAssembly (1268ms)
		BeginReloadAssembly (118ms)
			ExecutionOrderSort (0ms)
			DisableScriptedObjects (6ms)
			BackupInstance (0ms)
			ReleaseScriptingObjects (0ms)
			CreateAndSetChildDomain (44ms)
		EndReloadAssembly (1074ms)
			LoadAssemblies (71ms)
			RebuildTransferFunctionScriptingTraits (0ms)
			SetupTypeCache (236ms)
			ReleaseScriptCaches (4ms)
			RebuildScriptCaches (90ms)
			SetupLoadedEditorAssemblies (543ms)
				LogAssemblyErrors (0ms)
				InitializePlatformSupportModulesInManaged (14ms)
				SetLoadedEditorAssemblies (1ms)
				RefreshPlugins (4ms)
				BeforeProcessingInitializeOnLoad (97ms)
				ProcessInitializeOnLoadAttributes (315ms)
				ProcessInitializeOnLoadMethodAttributes (109ms)
				AfterProcessingInitializeOnLoad (4ms)
				EditorAssembliesLoaded (0ms)
			ExecutionOrderSort2 (0ms)
			AwakeInstancesAfterBackupRestoration (15ms)
Platform modules already initialized, skipping
Refreshing native plugins compatible for Editor in 11.66 ms, found 16 plugins.
Preloading 0 native plugins for Editor in 0.00 ms.
Unloading 5704 Unused Serialized files (Serialized files now loaded: 0)
Unloading 153 unused Assets / (1.2 MB). Loaded Objects now: 6264.
Memory consumption went from 226.2 MB to 225.0 MB.
Total: 4.348400 ms (FindLiveObjects: 0.475800 ms CreateObjectMapping: 0.170600 ms MarkObjects: 3.119900 ms  DeleteObjects: 0.581000 ms)

AssetImportParameters requested are different than current active one (requested -> active):
  custom:video-decoder-ogg-theora: a1e56fd34408186e4bbccfd4996cb3dc -> 
  custom:container-muxer-webm: aa71ff27fc2769a1b78a27578f13a17b -> 
  custom:container-demuxer-webm: 4f35f7cbe854078d1ac9338744f61a02 -> 
  custom:video-encoder-webm-vp8: eb34c28f22e8b96e1ab97ce403110664 -> 
  custom:video-codec-MediaFoundation-h265: 746d11721c4dcdbdad8f713fa42b33f4 -> 
  custom:audio-encoder-webm-vorbis: bf7c407c2cedff20999df2af8eb42d56 -> 
  custom:framework-win-MediaFoundation: 216162199b28c13a410421893ffa2e32 -> 
  custom:container-demuxer-ogg: 62fdf1f143b41e24485cea50d1cbac27 -> 
  custom:video-decoder-webm-vp8: 9c59270c3fd7afecdb556c50c9e8de78 -> 
  custom:audio-decoder-ogg-vorbis: bf7c407c2cedff20999df2af8eb42d56 -> 
========================================================================
Received Prepare
Registering precompiled user dll's ...
Registered in 0.007861 seconds.
Begin MonoManager ReloadAssembly
Symbol file LoadedFromMemory doesn't match image C:\Users\Gnob\test\Library\PackageCache\com.unity.visualscripting@1.7.8\Editor\VisualScripting.Core\Dependencies\DotNetZip\Unity.VisualScripting.IonicZip.dll
Symbol file LoadedFromMemory doesn't match image C:\Users\Gnob\test\Library\PackageCache\com.unity.visualscripting@1.7.8\Editor\VisualScripting.Core\Dependencies\YamlDotNet\Unity.VisualScripting.YamlDotNet.dll
Native extension for WindowsStandalone target not found
Refreshing native plugins compatible for Editor in 3.53 ms, found 16 plugins.
Preloading 0 native plugins for Editor in 0.00 ms.
Unable to write to 'ProjectSettings\GvhProjectSettings.xml' (System.IO.IOException: Sharing violation on path C:\Users\Gnob\test\ProjectSettings\GvhProjectSettings.xml
  at System.IO.FileStream..ctor (System.String path, System.IO.FileMode mode, System.IO.FileAccess access, System.IO.FileShare share, System.Int32 bufferSize, System.Boolean anonymous, System.IO.FileOptions options) [0x0019e] in <9aad1b3a47484d63ba2b3985692d80e9>:0 
  at System.IO.FileStream..ctor (System.String path, System.IO.FileMode mode, System.IO.FileAccess access, System.IO.FileShare share, System.Int32 bufferSize, System.IO.FileOptions options) [0x00000] in <9aad1b3a47484d63ba2b3985692d80e9>:0 
  at System.IO.FileStream..ctor (System.String path, System.IO.FileMode mode, System.IO.FileAccess access, System.IO.FileShare share, System.Int32 bufferSize, System.Boolean useAsync) [0x00000] in <9aad1b3a47484d63ba2b3985692d80e9>:0 
  at (wrapper remoting-invoke-with-check) System.IO.FileStream..ctor(string,System.IO.FileMode,System.IO.FileAccess,System.IO.FileShare,int,bool)
  at System.Xml.XmlWriterSettings.CreateWriter (System.String outputFileName) [0x00051] in <dd0557022e4e4150b548e69900b259c8>:0 
  at System.Xml.XmlWriter.Create (System.String outputFileName, System.Xml.XmlWriterSettings settings) [0x0000a] in <dd0557022e4e4150b548e69900b259c8>:0 
  at Google.ProjectSettings.Save () [0x000a1] in <f84891da46494f42b06c4c4875aa2f96>:0 , Project settings were not saved!
UnityEngine.StackTraceUtility:ExtractStackTrace ()
UnityEngine.DebugLogHandler:LogFormat (UnityEngine.LogType,UnityEngine.Object,string,object[])
UnityEngine.Logger:Log (UnityEngine.LogType,object)
UnityEngine.Debug:LogError (object)
Google.Logger:Log (string,Google.LogLevel)
Google.ProjectSettings:Save ()
Google.ProjectSettings:SetBool (string,bool,Google.SettingsLocation)
Google.ProjectSettings:SetBool (string,bool)
Google.IOSResolver:set_VerboseLoggingEnabled (bool)
Google.IOSResolver:.cctor ()
System.Runtime.CompilerServices.RuntimeHelpers:RunClassConstructor (System.RuntimeTypeHandle)
UnityEditor.EditorAssemblies:ProcessInitializeOnLoadAttributes (System.Type[])

Mono: successfully reloaded assembly
- Completed reload, in  1.232 seconds
Domain Reload Profiling:
	ReloadAssembly (1233ms)
		BeginReloadAssembly (118ms)
			ExecutionOrderSort (0ms)
			DisableScriptedObjects (6ms)
			BackupInstance (0ms)
			ReleaseScriptingObjects (0ms)
			CreateAndSetChildDomain (44ms)
		EndReloadAssembly (1036ms)
			LoadAssemblies (73ms)
			RebuildTransferFunctionScriptingTraits (0ms)
			SetupTypeCache (227ms)
			ReleaseScriptCaches (4ms)
			RebuildScriptCaches (70ms)
			SetupLoadedEditorAssemblies (554ms)
				LogAssemblyErrors (0ms)
				InitializePlatformSupportModulesInManaged (14ms)
				SetLoadedEditorAssemblies (1ms)
				RefreshPlugins (4ms)
				BeforeProcessingInitializeOnLoad (108ms)
				ProcessInitializeOnLoadAttributes (323ms)
				ProcessInitializeOnLoadMethodAttributes (101ms)
				AfterProcessingInitializeOnLoad (3ms)
				EditorAssembliesLoaded (0ms)
			ExecutionOrderSort2 (0ms)
			AwakeInstancesAfterBackupRestoration (16ms)
Platform modules already initialized, skipping
Refreshing native plugins compatible for Editor in 12.69 ms, found 16 plugins.
Preloading 0 native plugins for Editor in 0.00 ms.
Unloading 5704 Unused Serialized files (Serialized files now loaded: 0)
Unloading 153 unused Assets / (1.2 MB). Loaded Objects now: 6267.
Memory consumption went from 226.2 MB to 225.0 MB.
Total: 8.596700 ms (FindLiveObjects: 0.994800 ms CreateObjectMapping: 0.438500 ms MarkObjects: 5.785600 ms  DeleteObjects: 1.376300 ms)

AssetImportParameters requested are different than current active one (requested -> active):
  custom:video-decoder-ogg-theora: a1e56fd34408186e4bbccfd4996cb3dc -> 
  custom:container-muxer-webm: aa71ff27fc2769a1b78a27578f13a17b -> 
  custom:container-demuxer-webm: 4f35f7cbe854078d1ac9338744f61a02 -> 
  custom:video-encoder-webm-vp8: eb34c28f22e8b96e1ab97ce403110664 -> 
  custom:video-codec-MediaFoundation-h265: 746d11721c4dcdbdad8f713fa42b33f4 -> 
  custom:audio-encoder-webm-vorbis: bf7c407c2cedff20999df2af8eb42d56 -> 
  custom:framework-win-MediaFoundation: 216162199b28c13a410421893ffa2e32 -> 
  custom:container-demuxer-ogg: 62fdf1f143b41e24485cea50d1cbac27 -> 
  custom:video-decoder-webm-vp8: 9c59270c3fd7afecdb556c50c9e8de78 -> 
  custom:audio-decoder-ogg-vorbis: bf7c407c2cedff20999df2af8eb42d56 -> 
========================================================================
Received Import Request.
  Time since last request: 191.203810 seconds.
  path: Assets/Pixel_planets/Showcase/sprites/sprComet/e280fb49-586d-47ea-8b1e-033623c5705f.png
  artifactKey: Guid(d11b3da84b5957443813ad98c7e39879) Importer(815301076,1909f56bfc062723c751e8b465ee728b)
Start importing Assets/Pixel_planets/Showcase/sprites/sprComet/e280fb49-586d-47ea-8b1e-033623c5705f.png using Guid(d11b3da84b5957443813ad98c7e39879) Importer(815301076,1909f56bfc062723c751e8b465ee728b)  -> (artifact id: '36980750dcb50c6f6a961ec2ef577ad7') in 0.068646 seconds 
========================================================================
Received Import Request.
  Time since last request: 0.639574 seconds.
  path: Assets/Pixel_planets/Showcase/sprites/sprStar2/layers/68ce257b-93c0-4cad-9e68-46d63fadaef7/db0b5121-fa85-488e-b3a1-c57d5e519adc.png
  artifactKey: Guid(442028e51120a0d489d01980cb49ff29) Importer(815301076,1909f56bfc062723c751e8b465ee728b)
Start importing Assets/Pixel_planets/Showcase/sprites/sprStar2/layers/68ce257b-93c0-4cad-9e68-46d63fadaef7/db0b5121-fa85-488e-b3a1-c57d5e519adc.png using Guid(442028e51120a0d489d01980cb49ff29) Importer(815301076,1909f56bfc062723c751e8b465ee728b)  -> (artifact id: '6521e9644bcc7c41cf6cf37c2fdffbcf') in 0.016398 seconds 
========================================================================
Received Import Request.
  Time since last request: 0.021149 seconds.
  path: Assets/Pixel_planets/Showcase/sprites/sprComet/d3778393-7400-4db6-bb9f-402e7b530ace.png
  artifactKey: Guid(95594175c522d9148904ad6603451b59) Importer(815301076,1909f56bfc062723c751e8b465ee728b)
Start importing Assets/Pixel_planets/Showcase/sprites/sprComet/d3778393-7400-4db6-bb9f-402e7b530ace.png using Guid(95594175c522d9148904ad6603451b59) Importer(815301076,1909f56bfc062723c751e8b465ee728b)  -> (artifact id: '42e592faac84e55192aa2f80b8c73efd') in 0.016393 seconds 
========================================================================
Received Import Request.
  Time since last request: 5.585023 seconds.
  path: Assets/Pixel_planets/Showcase/sprites/sprComet/layers/e280fb49-586d-47ea-8b1e-033623c5705f/85684fe5-56d5-44a6-b098-87c13a46c178.png
  artifactKey: Guid(29e0cb4546964764ab960e2bc1cbf198) Importer(815301076,1909f56bfc062723c751e8b465ee728b)
Start importing Assets/Pixel_planets/Showcase/sprites/sprComet/layers/e280fb49-586d-47ea-8b1e-033623c5705f/85684fe5-56d5-44a6-b098-87c13a46c178.png using Guid(29e0cb4546964764ab960e2bc1cbf198) Importer(815301076,1909f56bfc062723c751e8b465ee728b)  -> (artifact id: '1273c9b11115e2ff4d485c0ed845e317') in 0.056738 seconds 
========================================================================
Received Import Request.
  Time since last request: 0.000030 seconds.
  path: Assets/Pixel_planets/Showcase/sprites/sprMoon/layers/2e26ad4b-0e06-422b-8f85-36cb34150fa3/554f4959-f029-4304-a89b-6161919f7e00.png
  artifactKey: Guid(32270e9bdbff1fe4f992706b99bf9248) Importer(815301076,1909f56bfc062723c751e8b465ee728b)
Start importing Assets/Pixel_planets/Showcase/sprites/sprMoon/layers/2e26ad4b-0e06-422b-8f85-36cb34150fa3/554f4959-f029-4304-a89b-6161919f7e00.png using Guid(32270e9bdbff1fe4f992706b99bf9248) Importer(815301076,1909f56bfc062723c751e8b465ee728b)  -> (artifact id: '62dc800d45e9e4ca60c1e035981132d8') in 0.023606 seconds 
========================================================================
Received Import Request.
  Time since last request: 0.000045 seconds.
  path: Assets/Pixel_planets/Showcase/sprites/sprPlanet/layers/e1c724ef-ed02-47e8-adfc-3e1454879f99/58d6ffb0-393a-4f49-855b-b55e004e21f1.png
  artifactKey: Guid(14e7fb1cfa95ce54887813f91856be48) Importer(815301076,1909f56bfc062723c751e8b465ee728b)
Start importing Assets/Pixel_planets/Showcase/sprites/sprPlanet/layers/e1c724ef-ed02-47e8-adfc-3e1454879f99/58d6ffb0-393a-4f49-855b-b55e004e21f1.png using Guid(14e7fb1cfa95ce54887813f91856be48) Importer(815301076,1909f56bfc062723c751e8b465ee728b)  -> (artifact id: '9e148a6df4785c188613eaddb4656a2d') in 0.014974 seconds 
========================================================================
Received Import Request.
  Time since last request: 0.000035 seconds.
  path: Assets/Pixel_planets/Showcase/sprites/sprMoon/layers/a110950e-4a98-492a-bbf8-b7568d4311dd/554f4959-f029-4304-a89b-6161919f7e00.png
  artifactKey: Guid(8ac3d009f46479040a03920f113e4885) Importer(815301076,1909f56bfc062723c751e8b465ee728b)
Start importing Assets/Pixel_planets/Showcase/sprites/sprMoon/layers/a110950e-4a98-492a-bbf8-b7568d4311dd/554f4959-f029-4304-a89b-6161919f7e00.png using Guid(8ac3d009f46479040a03920f113e4885) Importer(815301076,1909f56bfc062723c751e8b465ee728b)  -> (artifact id: '19b06227b2c863b7f326fc6e2b90eb07') in 0.018335 seconds 
========================================================================
Received Import Request.
  Time since last request: 0.000025 seconds.
  path: Assets/Pixel_planets/Showcase/sprites/sprMoon/layers/38bc61ed-64a8-4553-9dc2-771873d85a15/554f4959-f029-4304-a89b-6161919f7e00.png
  artifactKey: Guid(72b5f41698a6dc04eb96283a13c643ee) Importer(815301076,1909f56bfc062723c751e8b465ee728b)
Start importing Assets/Pixel_planets/Showcase/sprites/sprMoon/layers/38bc61ed-64a8-4553-9dc2-771873d85a15/554f4959-f029-4304-a89b-6161919f7e00.png using Guid(72b5f41698a6dc04eb96283a13c643ee) Importer(815301076,1909f56bfc062723c751e8b465ee728b)  -> (artifact id: '140a6c2c30fd131205aed76e0f5f6bad') in 0.017642 seconds 
========================================================================
Received Import Request.
  Time since last request: 0.000024 seconds.
  path: Assets/Pixel_planets/Showcase/sprites/sprMoon/layers/49d556c9-ec3a-4fc1-8f64-2ff564e844e8/554f4959-f029-4304-a89b-6161919f7e00.png
  artifactKey: Guid(e6fc2e23ee1768543959dd9288ee17fd) Importer(815301076,1909f56bfc062723c751e8b465ee728b)
Start importing Assets/Pixel_planets/Showcase/sprites/sprMoon/layers/49d556c9-ec3a-4fc1-8f64-2ff564e844e8/554f4959-f029-4304-a89b-6161919f7e00.png using Guid(e6fc2e23ee1768543959dd9288ee17fd) Importer(815301076,1909f56bfc062723c751e8b465ee728b)  -> (artifact id: '41873102bc52baaf683a9c4827d1c733') in 0.017072 seconds 
========================================================================
Received Import Request.
  Time since last request: 0.000029 seconds.
  path: Assets/Pixel_planets/Showcase/sprites/sprMoon/layers/5f55783b-1d8d-442b-8e78-ce5b6fb656b4/554f4959-f029-4304-a89b-6161919f7e00.png
  artifactKey: Guid(415408b5869b16c449c590fbcbc2c9cf) Importer(815301076,1909f56bfc062723c751e8b465ee728b)
Start importing Assets/Pixel_planets/Showcase/sprites/sprMoon/layers/5f55783b-1d8d-442b-8e78-ce5b6fb656b4/554f4959-f029-4304-a89b-6161919f7e00.png using Guid(415408b5869b16c449c590fbcbc2c9cf) Importer(815301076,1909f56bfc062723c751e8b465ee728b)  -> (artifact id: '4c64406b0f3812a21baf75f88abbc9ae') in 0.019590 seconds 
========================================================================
Received Import Request.
  Time since last request: 0.000026 seconds.
  path: Assets/Pixel_planets/Showcase/sprites/sprMoon/layers/a4468c59-c218-4b09-85a7-22f05a19c07d/554f4959-f029-4304-a89b-6161919f7e00.png
  artifactKey: Guid(3029e7e9670214940a1a0d6cc679f945) Importer(815301076,1909f56bfc062723c751e8b465ee728b)
Start importing Assets/Pixel_planets/Showcase/sprites/sprMoon/layers/a4468c59-c218-4b09-85a7-22f05a19c07d/554f4959-f029-4304-a89b-6161919f7e00.png using Guid(3029e7e9670214940a1a0d6cc679f945) Importer(815301076,1909f56bfc062723c751e8b465ee728b)  -> (artifact id: '7bda66537e28a2ae0ed952bd5627d681') in 0.017967 seconds 
========================================================================
Received Import Request.
  Time since last request: 0.000030 seconds.
  path: Assets/Pixel_planets/Showcase/sprites/sprPlanet/layers/f8afc3c8-cc6e-4004-abd0-4c561d1ed4ae/58d6ffb0-393a-4f49-855b-b55e004e21f1.png
  artifactKey: Guid(940320dbef70d924d8272b800c6d09cd) Importer(815301076,1909f56bfc062723c751e8b465ee728b)
Start importing Assets/Pixel_planets/Showcase/sprites/sprPlanet/layers/f8afc3c8-cc6e-4004-abd0-4c561d1ed4ae/58d6ffb0-393a-4f49-855b-b55e004e21f1.png using Guid(940320dbef70d924d8272b800c6d09cd) Importer(815301076,1909f56bfc062723c751e8b465ee728b)  -> (artifact id: 'f48e3a1c06aba6d76aca7c7b183b990d') in 0.018109 seconds 
========================================================================
Received Import Request.
  Time since last request: 0.000030 seconds.
  path: Assets/Pixel_planets/Showcase/sprites/sprPlanet/layers/e8c6426e-a43b-4c8e-bdb2-f33a7809dea4/58d6ffb0-393a-4f49-855b-b55e004e21f1.png
  artifactKey: Guid(ea791a6ebedb5b742abf9dd90edd15f4) Importer(815301076,1909f56bfc062723c751e8b465ee728b)
Start importing Assets/Pixel_planets/Showcase/sprites/sprPlanet/layers/e8c6426e-a43b-4c8e-bdb2-f33a7809dea4/58d6ffb0-393a-4f49-855b-b55e004e21f1.png using Guid(ea791a6ebedb5b742abf9dd90edd15f4) Importer(815301076,1909f56bfc062723c751e8b465ee728b)  -> (artifact id: '3266e7ff147793b22b4b1ccf87bd7f49') in 0.017472 seconds 
========================================================================
Received Import Request.
  Time since last request: 0.000024 seconds.
  path: Assets/Pixel_planets/Showcase/sprites/sprMoon/layers/eb109636-a468-4c56-9e04-afa5a2257131/554f4959-f029-4304-a89b-6161919f7e00.png
  artifactKey: Guid(2b28ccef6a13ebb48aae260464c25df9) Importer(815301076,1909f56bfc062723c751e8b465ee728b)
Start importing Assets/Pixel_planets/Showcase/sprites/sprMoon/layers/eb109636-a468-4c56-9e04-afa5a2257131/554f4959-f029-4304-a89b-6161919f7e00.png using Guid(2b28ccef6a13ebb48aae260464c25df9) Importer(815301076,1909f56bfc062723c751e8b465ee728b)  -> (artifact id: '7bacf0b20867a149f5c5a561cbdac464') in 0.018173 seconds 
========================================================================
Received Import Request.
  Time since last request: 0.000033 seconds.
  path: Assets/Pixel_planets/Showcase/sprites/sprMoon/layers/96cf67c4-61b9-479a-9f2f-348592c95b72/554f4959-f029-4304-a89b-6161919f7e00.png
  artifactKey: Guid(99a0cd406cb3a0349b3070f27221606c) Importer(815301076,1909f56bfc062723c751e8b465ee728b)
Start importing Assets/Pixel_planets/Showcase/sprites/sprMoon/layers/96cf67c4-61b9-479a-9f2f-348592c95b72/554f4959-f029-4304-a89b-6161919f7e00.png using Guid(99a0cd406cb3a0349b3070f27221606c) Importer(815301076,1909f56bfc062723c751e8b465ee728b)  -> (artifact id: '80ce8690bee7e44bf088d0d4c0c73acc') in 0.015103 seconds 
========================================================================
Received Import Request.
  Time since last request: 0.294652 seconds.
  path: Assets/Pixel_planets/Showcase/sprites/sprMoon/layers/2f2a1e47-5a7d-4429-92af-07a7ecc406b3/554f4959-f029-4304-a89b-6161919f7e00.png
  artifactKey: Guid(bc42e59dd4250cb45b665e16ceae25f0) Importer(815301076,1909f56bfc062723c751e8b465ee728b)
Start importing Assets/Pixel_planets/Showcase/sprites/sprMoon/layers/2f2a1e47-5a7d-4429-92af-07a7ecc406b3/554f4959-f029-4304-a89b-6161919f7e00.png using Guid(bc42e59dd4250cb45b665e16ceae25f0) Importer(815301076,1909f56bfc062723c751e8b465ee728b)  -> (artifact id: '3aa2361d0fcb571f6b366cfc77e055e5') in 0.016079 seconds 
========================================================================
Received Import Request.
  Time since last request: 0.000078 seconds.
  path: Assets/Pixel_planets/Showcase/sprites/sprMoon/layers/15ec9968-bfd4-45ba-86c5-4e18cab5300e/554f4959-f029-4304-a89b-6161919f7e00.png
  artifactKey: Guid(b9c423275008cc2408b56c175fb561cd) Importer(815301076,1909f56bfc062723c751e8b465ee728b)
Start importing Assets/Pixel_planets/Showcase/sprites/sprMoon/layers/15ec9968-bfd4-45ba-86c5-4e18cab5300e/554f4959-f029-4304-a89b-6161919f7e00.png using Guid(b9c423275008cc2408b56c175fb561cd) Importer(815301076,1909f56bfc062723c751e8b465ee728b)  -> (artifact id: '0096942e3e28e0d650e9a4d3b161d5ba') in 0.013777 seconds 
========================================================================
Received Import Request.
  Time since last request: 0.000034 seconds.
  path: Assets/Pixel_planets/Showcase/sprites/sprMoon/layers/9a0dfa6d-fa40-4e2b-91e1-26cbc12c0694/554f4959-f029-4304-a89b-6161919f7e00.png
  artifactKey: Guid(24985e6884585d44a9002c9dec0f02cb) Importer(815301076,1909f56bfc062723c751e8b465ee728b)
Start importing Assets/Pixel_planets/Showcase/sprites/sprMoon/layers/9a0dfa6d-fa40-4e2b-91e1-26cbc12c0694/554f4959-f029-4304-a89b-6161919f7e00.png using Guid(24985e6884585d44a9002c9dec0f02cb) Importer(815301076,1909f56bfc062723c751e8b465ee728b)  -> (artifact id: '3c6847d26c47fbd3a2b190a37a5930d9') in 0.019771 seconds 
========================================================================
Received Import Request.
  Time since last request: 46.413278 seconds.
  path: Assets/Pixel_planets/Showcase/sprites/sprLayer1/layers/88b9e389-4a29-4601-97df-58c40b18d003/be6dc452-5f55-4069-867e-ebbe3f7d5cc2.png
  artifactKey: Guid(9b507582c7c178e4dbac04b1d5c405d0) Importer(815301076,1909f56bfc062723c751e8b465ee728b)
Start importing Assets/Pixel_planets/Showcase/sprites/sprLayer1/layers/88b9e389-4a29-4601-97df-58c40b18d003/be6dc452-5f55-4069-867e-ebbe3f7d5cc2.png using Guid(9b507582c7c178e4dbac04b1d5c405d0) Importer(815301076,1909f56bfc062723c751e8b465ee728b)  -> (artifact id: 'd6a6f5a68b15ee3abd03f90c94c25826') in 0.104367 seconds 
========================================================================
Received Import Request.
  Time since last request: 1.102710 seconds.
  path: Assets/Pixel_planets/Showcase/sprites/sprMoon/a4468c59-c218-4b09-85a7-22f05a19c07d.png
  artifactKey: Guid(2de5660ad26c14645b11279165e888f4) Importer(815301076,1909f56bfc062723c751e8b465ee728b)
Start importing Assets/Pixel_planets/Showcase/sprites/sprMoon/a4468c59-c218-4b09-85a7-22f05a19c07d.png using Guid(2de5660ad26c14645b11279165e888f4) Importer(815301076,1909f56bfc062723c751e8b465ee728b)  -> (artifact id: 'f086cf5a1c839ffd5ca450095f5befc7') in 0.017024 seconds 
========================================================================
Received Import Request.
  Time since last request: 0.262651 seconds.
  path: Assets/Pixel_planets/Showcase/sprites/sprComet/layers/e1ef373d-5542-4263-9b3e-8c2659d6ac71/85684fe5-56d5-44a6-b098-87c13a46c178.png
  artifactKey: Guid(cff48e6c9799fb243ba07f01e61f38d8) Importer(815301076,1909f56bfc062723c751e8b465ee728b)
Start importing Assets/Pixel_planets/Showcase/sprites/sprComet/layers/e1ef373d-5542-4263-9b3e-8c2659d6ac71/85684fe5-56d5-44a6-b098-87c13a46c178.png using Guid(cff48e6c9799fb243ba07f01e61f38d8) Importer(815301076,1909f56bfc062723c751e8b465ee728b)  -> (artifact id: 'c6c278440ebcd5a1ec3b41337878120a') in 0.019694 seconds 
========================================================================
Received Import Request.
  Time since last request: 0.000033 seconds.
  path: Assets/Pixel_planets/Showcase/sprites/sprComet/layers/486587d0-1ae7-4423-accd-8e04937311b7/85684fe5-56d5-44a6-b098-87c13a46c178.png
  artifactKey: Guid(309837f432436e340898182fb92ce5f8) Importer(815301076,1909f56bfc062723c751e8b465ee728b)
Start importing Assets/Pixel_planets/Showcase/sprites/sprComet/layers/486587d0-1ae7-4423-accd-8e04937311b7/85684fe5-56d5-44a6-b098-87c13a46c178.png using Guid(309837f432436e340898182fb92ce5f8) Importer(815301076,1909f56bfc062723c751e8b465ee728b)  -> (artifact id: 'b998e6e88fc30727d5040de0f244ec4c') in 0.018006 seconds 
========================================================================
Received Import Request.
  Time since last request: 0.000038 seconds.
  path: Assets/Pixel_planets/Showcase/sprites/sprStar1/41320ccf-1294-4b0f-8f89-573c436903dc.png
  artifactKey: Guid(bc1710584412601439178a829e9f6633) Importer(815301076,1909f56bfc062723c751e8b465ee728b)
Start importing Assets/Pixel_planets/Showcase/sprites/sprStar1/41320ccf-1294-4b0f-8f89-573c436903dc.png using Guid(bc1710584412601439178a829e9f6633) Importer(815301076,1909f56bfc062723c751e8b465ee728b)  -> (artifact id: '494bb39bd158efcd1844af0879d58091') in 0.022731 seconds 
========================================================================
Received Import Request.
  Time since last request: 0.000041 seconds.
  path: Assets/Pixel_planets/Showcase/sprites/sprStar1/83720bce-940b-4b19-b1b2-90388a559d64.png
  artifactKey: Guid(b5d23652b18552a4f83900d6632e6ada) Importer(815301076,1909f56bfc062723c751e8b465ee728b)
Start importing Assets/Pixel_planets/Showcase/sprites/sprStar1/83720bce-940b-4b19-b1b2-90388a559d64.png using Guid(b5d23652b18552a4f83900d6632e6ada) Importer(815301076,1909f56bfc062723c751e8b465ee728b)  -> (artifact id: '474e8a599cd5bdea6b3d7f6de6a07095') in 0.019054 seconds 
========================================================================
Received Import Request.
  Time since last request: 0.000053 seconds.
  path: Assets/Pixel_planets/Showcase/sprites/sprComet/layers/0f64544d-5af4-4e36-a797-a5584013df0b/85684fe5-56d5-44a6-b098-87c13a46c178.png
  artifactKey: Guid(9247811370b0e2749ad2056a63c99d7a) Importer(815301076,1909f56bfc062723c751e8b465ee728b)
Start importing Assets/Pixel_planets/Showcase/sprites/sprComet/layers/0f64544d-5af4-4e36-a797-a5584013df0b/85684fe5-56d5-44a6-b098-87c13a46c178.png using Guid(9247811370b0e2749ad2056a63c99d7a) Importer(815301076,1909f56bfc062723c751e8b465ee728b)  -> (artifact id: 'faad6810f8daf0488e5e1d8a4f47aa52') in 0.012892 seconds 
========================================================================
Received Import Request.
  Time since last request: 0.924137 seconds.
  path: Assets/Pixel_planets/Showcase/sprites/sprMoon/layers/f9743e1d-147c-4dfd-a746-075cc597d89f/554f4959-f029-4304-a89b-6161919f7e00.png
  artifactKey: Guid(1921d3f8358d74749b950cb91cc1c129) Importer(815301076,1909f56bfc062723c751e8b465ee728b)
Start importing Assets/Pixel_planets/Showcase/sprites/sprMoon/layers/f9743e1d-147c-4dfd-a746-075cc597d89f/554f4959-f029-4304-a89b-6161919f7e00.png using Guid(1921d3f8358d74749b950cb91cc1c129) Importer(815301076,1909f56bfc062723c751e8b465ee728b)  -> (artifact id: '131872683f0d130d36606fb9a8ff8eee') in 0.020833 seconds 
========================================================================
Received Import Request.
  Time since last request: 0.037888 seconds.
  path: Assets/Pixel_planets/Showcase/sprites/sprPlanet/layers/f9b7d933-4a24-4e68-8340-834fbd31c73f/58d6ffb0-393a-4f49-855b-b55e004e21f1.png
  artifactKey: Guid(aa2ecf2994e1b1249875792bb2dd66d7) Importer(815301076,1909f56bfc062723c751e8b465ee728b)
Start importing Assets/Pixel_planets/Showcase/sprites/sprPlanet/layers/f9b7d933-4a24-4e68-8340-834fbd31c73f/58d6ffb0-393a-4f49-855b-b55e004e21f1.png using Guid(aa2ecf2994e1b1249875792bb2dd66d7) Importer(815301076,1909f56bfc062723c751e8b465ee728b)  -> (artifact id: '2b552843547e527065fbd76335c2c8ae') in 0.017697 seconds 
========================================================================
Received Import Request.
  Time since last request: 0.035199 seconds.
  path: Assets/Pixel_planets/Showcase/sprites/sprPlanet/layers/24e376ff-984d-4581-b411-b4a80cb6fc12/58d6ffb0-393a-4f49-855b-b55e004e21f1.png
  artifactKey: Guid(250cf27d339a19d4a943f93706162fd6) Importer(815301076,1909f56bfc062723c751e8b465ee728b)
Start importing Assets/Pixel_planets/Showcase/sprites/sprPlanet/layers/24e376ff-984d-4581-b411-b4a80cb6fc12/58d6ffb0-393a-4f49-855b-b55e004e21f1.png using Guid(250cf27d339a19d4a943f93706162fd6) Importer(815301076,1909f56bfc062723c751e8b465ee728b)  -> (artifact id: 'c5a5d7b9be0cce5f2842bf9a0ff1f9ac') in 0.017531 seconds 
========================================================================
Received Import Request.
  Time since last request: 0.000023 seconds.
  path: Assets/Pixel_planets/Showcase/sprites/sprPlanet/layers/8b5c9518-8e2c-44c2-89b9-8de47268572d/58d6ffb0-393a-4f49-855b-b55e004e21f1.png
  artifactKey: Guid(b416675a66660f84993ba0693b296f9c) Importer(815301076,1909f56bfc062723c751e8b465ee728b)
Start importing Assets/Pixel_planets/Showcase/sprites/sprPlanet/layers/8b5c9518-8e2c-44c2-89b9-8de47268572d/58d6ffb0-393a-4f49-855b-b55e004e21f1.png using Guid(b416675a66660f84993ba0693b296f9c) Importer(815301076,1909f56bfc062723c751e8b465ee728b)  -> (artifact id: '9bfe7e92443c6682d3476a9576ea701c') in 0.018682 seconds 
========================================================================
Received Import Request.
  Time since last request: 0.000024 seconds.
  path: Assets/Pixel_planets/Showcase/sprites/sprPlanet/layers/17a73e84-e5d2-47c1-a551-421df0a68e0e/58d6ffb0-393a-4f49-855b-b55e004e21f1.png
  artifactKey: Guid(e469e737f2b663f4b9eb9d408f3a8ca2) Importer(815301076,1909f56bfc062723c751e8b465ee728b)
Start importing Assets/Pixel_planets/Showcase/sprites/sprPlanet/layers/17a73e84-e5d2-47c1-a551-421df0a68e0e/58d6ffb0-393a-4f49-855b-b55e004e21f1.png using Guid(e469e737f2b663f4b9eb9d408f3a8ca2) Importer(815301076,1909f56bfc062723c751e8b465ee728b)  -> (artifact id: '1b85a84464a6cd5220e2b800767f300f') in 0.015110 seconds 
========================================================================
Received Import Request.
  Time since last request: 0.191179 seconds.
  path: Assets/Pixel_planets/Showcase/sprites/sprMoon/9a0dfa6d-fa40-4e2b-91e1-26cbc12c0694.png
  artifactKey: Guid(c55b98fe179cf964c9edb16db9288b08) Importer(815301076,1909f56bfc062723c751e8b465ee728b)
Start importing Assets/Pixel_planets/Showcase/sprites/sprMoon/9a0dfa6d-fa40-4e2b-91e1-26cbc12c0694.png using Guid(c55b98fe179cf964c9edb16db9288b08) Importer(815301076,1909f56bfc062723c751e8b465ee728b)  -> (artifact id: '884b04aa2875520ea60ca8058084e1c4') in 0.024190 seconds 
========================================================================
Received Import Request.
  Time since last request: 0.362435 seconds.
  path: Assets/Pixel_planets/Showcase/sprites/sprMoon/8d506bdf-abc0-4f77-a91c-a8535dbbd97e.png
  artifactKey: Guid(dd5f9be235b72c245a243c8c30e72502) Importer(815301076,1909f56bfc062723c751e8b465ee728b)
Start importing Assets/Pixel_planets/Showcase/sprites/sprMoon/8d506bdf-abc0-4f77-a91c-a8535dbbd97e.png using Guid(dd5f9be235b72c245a243c8c30e72502) Importer(815301076,1909f56bfc062723c751e8b465ee728b)  -> (artifact id: 'f4efc669f0fd3e001a5d5f3ffc3798b9') in 0.025468 seconds 
========================================================================
Received Import Request.
  Time since last request: 0.288137 seconds.
  path: Assets/Pixel_planets/Showcase/sprites/sprStar2/5bf56b0d-4c04-4b59-b82f-cab76e64c0dc.png
  artifactKey: Guid(b7c9112095d6fcc4baada8295315a8fa) Importer(815301076,1909f56bfc062723c751e8b465ee728b)
Start importing Assets/Pixel_planets/Showcase/sprites/sprStar2/5bf56b0d-4c04-4b59-b82f-cab76e64c0dc.png using Guid(b7c9112095d6fcc4baada8295315a8fa) Importer(815301076,1909f56bfc062723c751e8b465ee728b)  -> (artifact id: '4638e4121d5c00c2a979a08b900edeff') in 0.017390 seconds 
========================================================================
Received Import Request.
  Time since last request: 0.042657 seconds.
  path: Assets/Pixel_planets/Showcase/sprites/sprLayer2/4db1cd71-8a43-4cc8-904d-becc08b7b143.png
  artifactKey: Guid(c3acfe99e86c9de488b9977908afdb51) Importer(815301076,1909f56bfc062723c751e8b465ee728b)
Start importing Assets/Pixel_planets/Showcase/sprites/sprLayer2/4db1cd71-8a43-4cc8-904d-becc08b7b143.png using Guid(c3acfe99e86c9de488b9977908afdb51) Importer(815301076,1909f56bfc062723c751e8b465ee728b)  -> (artifact id: 'ab6f81d2bad851071c49fdb79d7c8337') in 0.086577 seconds 
========================================================================
Received Import Request.
  Time since last request: 143.895483 seconds.
  path: Packages/com.unity.2d.animation/Editor/Assets/SkinningModule/Icons/Selected/Copy@2x.png
  artifactKey: Guid(6cc5103edc9f0dd4f80e8274c73dfeac) Importer(815301076,1909f56bfc062723c751e8b465ee728b)
Start importing Packages/com.unity.2d.animation/Editor/Assets/SkinningModule/Icons/Selected/Copy@2x.png using Guid(6cc5103edc9f0dd4f80e8274c73dfeac) Importer(815301076,1909f56bfc062723c751e8b465ee728b)  -> (artifact id: '60f89bbf973f9e6b21fada132bb4120f') in 0.030071 seconds 
========================================================================
Received Import Request.
  Time since last request: 0.037896 seconds.
  path: Packages/com.unity.2d.animation/Editor/Assets/SkinningModule/Icons/Light/Copy@3x.png
  artifactKey: Guid(55ad4b6109677be42b239f450ce98c29) Importer(815301076,1909f56bfc062723c751e8b465ee728b)
Start importing Packages/com.unity.2d.animation/Editor/Assets/SkinningModule/Icons/Light/Copy@3x.png using Guid(55ad4b6109677be42b239f450ce98c29) Importer(815301076,1909f56bfc062723c751e8b465ee728b)  -> (artifact id: '2f8cba568149dd93689a55410507f18e') in 0.023273 seconds 
========================================================================
Received Import Request.
  Time since last request: 0.276861 seconds.
  path: Packages/com.unity.2d.animation/Editor/Assets/SkinningModule/Icons/Light/Copy@4x.png
  artifactKey: Guid(5430b5412bcac5b4986be0a875a5e978) Importer(815301076,1909f56bfc062723c751e8b465ee728b)
Start importing Packages/com.unity.2d.animation/Editor/Assets/SkinningModule/Icons/Light/Copy@4x.png using Guid(5430b5412bcac5b4986be0a875a5e978) Importer(815301076,1909f56bfc062723c751e8b465ee728b)  -> (artifact id: '1c85584db508f248d71420c93ed2ddb1') in 0.023989 seconds 
========================================================================
Received Import Request.
  Time since last request: 0.000025 seconds.
  path: Packages/com.unity.2d.animation/Editor/Assets/SkinningModule/Icons/Selected/Create Bones.png
  artifactKey: Guid(7b86a539750e1a44ca7ec5b7f690babd) Importer(815301076,1909f56bfc062723c751e8b465ee728b)
Start importing Packages/com.unity.2d.animation/Editor/Assets/SkinningModule/Icons/Selected/Create Bones.png using Guid(7b86a539750e1a44ca7ec5b7f690babd) Importer(815301076,1909f56bfc062723c751e8b465ee728b)  -> (artifact id: 'f02e649d1d657ab738437f27d0b11e98') in 0.027618 seconds 
========================================================================
Received Import Request.
  Time since last request: 0.227972 seconds.
  path: Packages/com.unity.2d.animation/Editor/Assets/SkinningModule/Icons/Selected/Create Bones@2x.png
  artifactKey: Guid(5b7f664b515582d458717c354f6be292) Importer(815301076,1909f56bfc062723c751e8b465ee728b)
Start importing Packages/com.unity.2d.animation/Editor/Assets/SkinningModule/Icons/Selected/Create Bones@2x.png using Guid(5b7f664b515582d458717c354f6be292) Importer(815301076,1909f56bfc062723c751e8b465ee728b)  -> (artifact id: 'f1650d1f5a0a0a062a5e5192072bf1eb') in 0.029284 seconds 
========================================================================
Received Import Request.
  Time since last request: 0.000022 seconds.
  path: Packages/com.unity.2d.animation/Editor/Assets/SkinningModule/Icons/Selected/Create Bones@3x.png
  artifactKey: Guid(7835bec40f86c2c4fb3f91a6eb3b7034) Importer(815301076,1909f56bfc062723c751e8b465ee728b)
Start importing Packages/com.unity.2d.animation/Editor/Assets/SkinningModule/Icons/Selected/Create Bones@3x.png using Guid(7835bec40f86c2c4fb3f91a6eb3b7034) Importer(815301076,1909f56bfc062723c751e8b465ee728b)  -> (artifact id: 'b65598ff816455030c470ce6a2cfebb8') in 0.045005 seconds 
========================================================================
Received Import Request.
  Time since last request: 0.000024 seconds.
  path: Packages/com.unity.2d.animation/Editor/Assets/SkinningModule/Icons/Light/Create Bones@4x.png
  artifactKey: Guid(f618c5fe13b18994aa5aee8b97d8dca1) Importer(815301076,1909f56bfc062723c751e8b465ee728b)
Start importing Packages/com.unity.2d.animation/Editor/Assets/SkinningModule/Icons/Light/Create Bones@4x.png using Guid(f618c5fe13b18994aa5aee8b97d8dca1) Importer(815301076,1909f56bfc062723c751e8b465ee728b)  -> (artifact id: '025183463cbe10adb67fe3a90d305491') in 0.026609 seconds 
========================================================================
Received Import Request.
  Time since last request: 0.170106 seconds.
  path: Packages/com.unity.2d.animation/Editor/Assets/SkinningModule/Icons/Selected/Create_Edge.png
  artifactKey: Guid(ad7b296d426713b4593ee1a19fcbf9d1) Importer(815301076,1909f56bfc062723c751e8b465ee728b)
Start importing Packages/com.unity.2d.animation/Editor/Assets/SkinningModule/Icons/Selected/Create_Edge.png using Guid(ad7b296d426713b4593ee1a19fcbf9d1) Importer(815301076,1909f56bfc062723c751e8b465ee728b)  -> (artifact id: '4d9621f4c7f2147d684beb69ceef578b') in 0.039254 seconds 
========================================================================
Received Import Request.
  Time since last request: 0.000027 seconds.
  path: Packages/com.unity.2d.animation/Editor/Assets/SkinningModule/Icons/Light/Create_Edge@2x.png
  artifactKey: Guid(3b4e88f5705085042a95960cdcef2561) Importer(815301076,1909f56bfc062723c751e8b465ee728b)
Start importing Packages/com.unity.2d.animation/Editor/Assets/SkinningModule/Icons/Light/Create_Edge@2x.png using Guid(3b4e88f5705085042a95960cdcef2561) Importer(815301076,1909f56bfc062723c751e8b465ee728b)  -> (artifact id: '839203a83393e1cd5016ceedf4372155') in 0.026781 seconds 
========================================================================
Received Import Request.
  Time since last request: 0.203657 seconds.
  path: Packages/com.unity.2d.animation/Editor/Assets/SkinningModule/Icons/Selected/Create_Edge@3x.png
  artifactKey: Guid(374643871a39dd44880f1c0eff14f46c) Importer(815301076,1909f56bfc062723c751e8b465ee728b)
Start importing Packages/com.unity.2d.animation/Editor/Assets/SkinningModule/Icons/Selected/Create_Edge@3x.png using Guid(374643871a39dd44880f1c0eff14f46c) Importer(815301076,1909f56bfc062723c751e8b465ee728b)  -> (artifact id: 'd6dfbf18dc3f06f01ba2b7fa7edd7ff7') in 0.045300 seconds 
========================================================================
Received Import Request.
  Time since last request: 0.000053 seconds.
  path: Packages/com.unity.2d.animation/Editor/Assets/SkinningModule/Icons/Light/Create_Vertex.png
  artifactKey: Guid(31f371f2dfe50c34081023094aed72c3) Importer(815301076,1909f56bfc062723c751e8b465ee728b)
Start importing Packages/com.unity.2d.animation/Editor/Assets/SkinningModule/Icons/Light/Create_Vertex.png using Guid(31f371f2dfe50c34081023094aed72c3) Importer(815301076,1909f56bfc062723c751e8b465ee728b)  -> (artifact id: '32d4c920ed0e6bb5d14abfccd8a00ca1') in 0.027293 seconds 
========================================================================
Received Import Request.
  Time since last request: 0.000040 seconds.
  path: Packages/com.unity.2d.animation/Editor/Assets/SkinningModule/Icons/Selected/Create_Vertex.png
  artifactKey: Guid(e7ddb9213511d984f8b951a7c913d83a) Importer(815301076,1909f56bfc062723c751e8b465ee728b)
Start importing Packages/com.unity.2d.animation/Editor/Assets/SkinningModule/Icons/Selected/Create_Vertex.png using Guid(e7ddb9213511d984f8b951a7c913d83a) Importer(815301076,1909f56bfc062723c751e8b465ee728b)  -> (artifact id: 'fd9dc82b5c1fab7bf4ea2cdf99de910b') in 0.026356 seconds 
========================================================================
Received Import Request.
  Time since last request: 0.000024 seconds.
  path: Packages/com.unity.2d.animation/Editor/Assets/SkinningModule/Icons/Selected/Create_Vertex@2x.png
  artifactKey: Guid(8afb57fea8c4eea4a8085e91c810380b) Importer(815301076,1909f56bfc062723c751e8b465ee728b)
Start importing Packages/com.unity.2d.animation/Editor/Assets/SkinningModule/Icons/Selected/Create_Vertex@2x.png using Guid(8afb57fea8c4eea4a8085e91c810380b) Importer(815301076,1909f56bfc062723c751e8b465ee728b)  -> (artifact id: 'cd4b9e90e30427765ffabf096a2cbd6a') in 0.025755 seconds 
========================================================================
Received Import Request.
  Time since last request: 0.132926 seconds.
  path: Packages/com.unity.2d.animation/Editor/Assets/SkinningModule/Icons/Light/Create_Vertex@3x.png
  artifactKey: Guid(66fa19194577350438c952106f661c2f) Importer(815301076,1909f56bfc062723c751e8b465ee728b)
Start importing Packages/com.unity.2d.animation/Editor/Assets/SkinningModule/Icons/Light/Create_Vertex@3x.png using Guid(66fa19194577350438c952106f661c2f) Importer(815301076,1909f56bfc062723c751e8b465ee728b)  -> (artifact id: '5a1e73c4dd30ad9be7b94b89bacedde4') in 0.023015 seconds 
========================================================================
Received Import Request.
  Time since last request: 0.000032 seconds.
  path: Packages/com.unity.2d.animation/Editor/Assets/SkinningModule/Icons/Selected/Create_Vertex@4x.png
  artifactKey: Guid(6a7ac9e8c26b12440bf2b1da2ca97794) Importer(815301076,1909f56bfc062723c751e8b465ee728b)
Start importing Packages/com.unity.2d.animation/Editor/Assets/SkinningModule/Icons/Selected/Create_Vertex@4x.png using Guid(6a7ac9e8c26b12440bf2b1da2ca97794) Importer(815301076,1909f56bfc062723c751e8b465ee728b)  -> (artifact id: 'b53aca2f303649e014738cd35d36ba92') in 0.027932 seconds 
========================================================================
Received Import Request.
  Time since last request: 0.163499 seconds.
  path: Packages/com.unity.recorder/Editor/Assets/customrecorder_16.png
  artifactKey: Guid(e37930a0cc67be24bb961bcb1f8513a1) Importer(815301076,1909f56bfc062723c751e8b465ee728b)
Start importing Packages/com.unity.recorder/Editor/Assets/customrecorder_16.png using Guid(e37930a0cc67be24bb961bcb1f8513a1) Importer(815301076,1909f56bfc062723c751e8b465ee728b)  -> (artifact id: 'f79cc114adbbe024bacd26c77827f4cc') in 0.030733 seconds 
========================================================================
Received Import Request.
  Time since last request: 0.017049 seconds.
  path: Packages/com.unity.render-pipelines.core/Editor/LookDev/Icons/d_Add.png
  artifactKey: Guid(160b197aba549514286b94426ceae589) Importer(815301076,1909f56bfc062723c751e8b465ee728b)
Start importing Packages/com.unity.render-pipelines.core/Editor/LookDev/Icons/d_Add.png using Guid(160b197aba549514286b94426ceae589) Importer(815301076,1909f56bfc062723c751e8b465ee728b)  -> (artifact id: '835d93513b8e007dd1f0636fa45e8ad8') in 0.023490 seconds 
========================================================================
Received Import Request.
  Time since last request: 195.368023 seconds.
  path: Assets/Prefabs/star.prefab
  artifactKey: Guid(2bdb178577ebaf94d9372987b2dd7f1e) Importer(815301076,1909f56bfc062723c751e8b465ee728b)
Start importing Assets/Prefabs/star.prefab using Guid(2bdb178577ebaf94d9372987b2dd7f1e) Importer(815301076,1909f56bfc062723c751e8b465ee728b)  -> (artifact id: '1e903d9fb074a31da5c13f107a391b4d') in 0.118377 seconds 
========================================================================
Received Prepare
Registering precompiled user dll's ...
Registered in 0.008321 seconds.
Begin MonoManager ReloadAssembly
Symbol file LoadedFromMemory doesn't match image C:\Users\Gnob\test\Library\PackageCache\com.unity.visualscripting@1.7.8\Editor\VisualScripting.Core\Dependencies\DotNetZip\Unity.VisualScripting.IonicZip.dll
Symbol file LoadedFromMemory doesn't match image C:\Users\Gnob\test\Library\PackageCache\com.unity.visualscripting@1.7.8\Editor\VisualScripting.Core\Dependencies\YamlDotNet\Unity.VisualScripting.YamlDotNet.dll
Native extension for WindowsStandalone target not found
Refreshing native plugins compatible for Editor in 3.95 ms, found 16 plugins.
Preloading 0 native plugins for Editor in 0.00 ms.
Unable to write to 'ProjectSettings\GvhProjectSettings.xml' (System.IO.IOException: Sharing violation on path C:\Users\Gnob\test\ProjectSettings\GvhProjectSettings.xml
  at System.IO.FileStream..ctor (System.String path, System.IO.FileMode mode, System.IO.FileAccess access, System.IO.FileShare share, System.Int32 bufferSize, System.Boolean anonymous, System.IO.FileOptions options) [0x0019e] in <9aad1b3a47484d63ba2b3985692d80e9>:0 
  at System.IO.FileStream..ctor (System.String path, System.IO.FileMode mode, System.IO.FileAccess access, System.IO.FileShare share, System.Int32 bufferSize, System.IO.FileOptions options) [0x00000] in <9aad1b3a47484d63ba2b3985692d80e9>:0 
  at System.IO.FileStream..ctor (System.String path, System.IO.FileMode mode, System.IO.FileAccess access, System.IO.FileShare share, System.Int32 bufferSize, System.Boolean useAsync) [0x00000] in <9aad1b3a47484d63ba2b3985692d80e9>:0 
  at (wrapper remoting-invoke-with-check) System.IO.FileStream..ctor(string,System.IO.FileMode,System.IO.FileAccess,System.IO.FileShare,int,bool)
  at System.Xml.XmlWriterSettings.CreateWriter (System.String outputFileName) [0x00051] in <dd0557022e4e4150b548e69900b259c8>:0 
  at System.Xml.XmlWriter.Create (System.String outputFileName, System.Xml.XmlWriterSettings settings) [0x0000a] in <dd0557022e4e4150b548e69900b259c8>:0 
  at Google.ProjectSettings.Save () [0x000a1] in <f84891da46494f42b06c4c4875aa2f96>:0 , Project settings were not saved!
UnityEngine.StackTraceUtility:ExtractStackTrace ()
UnityEngine.DebugLogHandler:LogFormat (UnityEngine.LogType,UnityEngine.Object,string,object[])
UnityEngine.Logger:Log (UnityEngine.LogType,object)
UnityEngine.Debug:LogError (object)
Google.Logger:Log (string,Google.LogLevel)
Google.ProjectSettings:Save ()
Google.ProjectSettings:SetBool (string,bool,Google.SettingsLocation)
Google.ProjectSettings:SetBool (string,bool)
Google.IOSResolver:set_VerboseLoggingEnabled (bool)
Google.IOSResolver:.cctor ()
System.Runtime.CompilerServices.RuntimeHelpers:RunClassConstructor (System.RuntimeTypeHandle)
UnityEditor.EditorAssemblies:ProcessInitializeOnLoadAttributes (System.Type[])

Mono: successfully reloaded assembly
- Completed reload, in  1.498 seconds
Domain Reload Profiling:
	ReloadAssembly (1498ms)
		BeginReloadAssembly (121ms)
			ExecutionOrderSort (0ms)
			DisableScriptedObjects (8ms)
			BackupInstance (0ms)
			ReleaseScriptingObjects (0ms)
			CreateAndSetChildDomain (45ms)
		EndReloadAssembly (1303ms)
			LoadAssemblies (73ms)
			RebuildTransferFunctionScriptingTraits (0ms)
			SetupTypeCache (344ms)
			ReleaseScriptCaches (6ms)
			RebuildScriptCaches (97ms)
			SetupLoadedEditorAssemblies (632ms)
				LogAssemblyErrors (0ms)
				InitializePlatformSupportModulesInManaged (16ms)
				SetLoadedEditorAssemblies (1ms)
				RefreshPlugins (4ms)
				BeforeProcessingInitializeOnLoad (124ms)
				ProcessInitializeOnLoadAttributes (363ms)
				ProcessInitializeOnLoadMethodAttributes (120ms)
				AfterProcessingInitializeOnLoad (4ms)
				EditorAssembliesLoaded (0ms)
			ExecutionOrderSort2 (0ms)
			AwakeInstancesAfterBackupRestoration (18ms)
Platform modules already initialized, skipping
Refreshing native plugins compatible for Editor in 9.63 ms, found 16 plugins.
Preloading 0 native plugins for Editor in 0.00 ms.
Unloading 5703 Unused Serialized files (Serialized files now loaded: 0)
Unloading 157 unused Assets / (1.2 MB). Loaded Objects now: 6318.
Memory consumption went from 226.2 MB to 225.0 MB.
Total: 4.338100 ms (FindLiveObjects: 0.449300 ms CreateObjectMapping: 0.161100 ms MarkObjects: 3.093900 ms  DeleteObjects: 0.633100 ms)

AssetImportParameters requested are different than current active one (requested -> active):
  custom:video-decoder-ogg-theora: a1e56fd34408186e4bbccfd4996cb3dc -> 
  custom:container-muxer-webm: aa71ff27fc2769a1b78a27578f13a17b -> 
  custom:container-demuxer-webm: 4f35f7cbe854078d1ac9338744f61a02 -> 
  custom:video-encoder-webm-vp8: eb34c28f22e8b96e1ab97ce403110664 -> 
  custom:video-codec-MediaFoundation-h265: 746d11721c4dcdbdad8f713fa42b33f4 -> 
  custom:audio-encoder-webm-vorbis: bf7c407c2cedff20999df2af8eb42d56 -> 
  custom:framework-win-MediaFoundation: 216162199b28c13a410421893ffa2e32 -> 
  custom:container-demuxer-ogg: 62fdf1f143b41e24485cea50d1cbac27 -> 
  custom:video-decoder-webm-vp8: 9c59270c3fd7afecdb556c50c9e8de78 -> 
  custom:audio-decoder-ogg-vorbis: bf7c407c2cedff20999df2af8eb42d56 -> 
========================================================================
Received Prepare
Registering precompiled user dll's ...
Registered in 0.007747 seconds.
Begin MonoManager ReloadAssembly
Symbol file LoadedFromMemory doesn't match image C:\Users\Gnob\test\Library\PackageCache\com.unity.visualscripting@1.7.8\Editor\VisualScripting.Core\Dependencies\DotNetZip\Unity.VisualScripting.IonicZip.dll
Symbol file LoadedFromMemory doesn't match image C:\Users\Gnob\test\Library\PackageCache\com.unity.visualscripting@1.7.8\Editor\VisualScripting.Core\Dependencies\YamlDotNet\Unity.VisualScripting.YamlDotNet.dll
Native extension for WindowsStandalone target not found
Refreshing native plugins compatible for Editor in 3.03 ms, found 16 plugins.
Preloading 0 native plugins for Editor in 0.00 ms.
Mono: successfully reloaded assembly
- Completed reload, in  1.388 seconds
Domain Reload Profiling:
	ReloadAssembly (1389ms)
		BeginReloadAssembly (123ms)
			ExecutionOrderSort (0ms)
			DisableScriptedObjects (6ms)
			BackupInstance (0ms)
			ReleaseScriptingObjects (0ms)
			CreateAndSetChildDomain (49ms)
		EndReloadAssembly (1184ms)
			LoadAssemblies (76ms)
			RebuildTransferFunctionScriptingTraits (0ms)
			SetupTypeCache (261ms)
			ReleaseScriptCaches (4ms)
			RebuildScriptCaches (91ms)
			SetupLoadedEditorAssemblies (614ms)
				LogAssemblyErrors (0ms)
				InitializePlatformSupportModulesInManaged (15ms)
				SetLoadedEditorAssemblies (1ms)
				RefreshPlugins (3ms)
				BeforeProcessingInitializeOnLoad (118ms)
				ProcessInitializeOnLoadAttributes (362ms)
				ProcessInitializeOnLoadMethodAttributes (111ms)
				AfterProcessingInitializeOnLoad (4ms)
				EditorAssembliesLoaded (0ms)
			ExecutionOrderSort2 (0ms)
			AwakeInstancesAfterBackupRestoration (19ms)
Platform modules already initialized, skipping
Refreshing native plugins compatible for Editor in 12.17 ms, found 16 plugins.
Preloading 0 native plugins for Editor in 0.00 ms.
Unloading 5704 Unused Serialized files (Serialized files now loaded: 0)
Unloading 153 unused Assets / (1.2 MB). Loaded Objects now: 6321.
Memory consumption went from 226.3 MB to 225.1 MB.
Total: 8.832600 ms (FindLiveObjects: 0.714400 ms CreateObjectMapping: 0.505000 ms MarkObjects: 6.161200 ms  DeleteObjects: 1.450000 ms)

AssetImportParameters requested are different than current active one (requested -> active):
  custom:video-decoder-ogg-theora: a1e56fd34408186e4bbccfd4996cb3dc -> 
  custom:container-muxer-webm: aa71ff27fc2769a1b78a27578f13a17b -> 
  custom:container-demuxer-webm: 4f35f7cbe854078d1ac9338744f61a02 -> 
  custom:video-encoder-webm-vp8: eb34c28f22e8b96e1ab97ce403110664 -> 
  custom:video-codec-MediaFoundation-h265: 746d11721c4dcdbdad8f713fa42b33f4 -> 
  custom:audio-encoder-webm-vorbis: bf7c407c2cedff20999df2af8eb42d56 -> 
  custom:framework-win-MediaFoundation: 216162199b28c13a410421893ffa2e32 -> 
  custom:container-demuxer-ogg: 62fdf1f143b41e24485cea50d1cbac27 -> 
  custom:video-decoder-webm-vp8: 9c59270c3fd7afecdb556c50c9e8de78 -> 
  custom:audio-decoder-ogg-vorbis: bf7c407c2cedff20999df2af8eb42d56 -> 
========================================================================
Received Prepare
Registering precompiled user dll's ...
Registered in 0.009107 seconds.
Begin MonoManager ReloadAssembly
Symbol file LoadedFromMemory doesn't match image C:\Users\Gnob\test\Library\PackageCache\com.unity.visualscripting@1.7.8\Editor\VisualScripting.Core\Dependencies\DotNetZip\Unity.VisualScripting.IonicZip.dll
Symbol file LoadedFromMemory doesn't match image C:\Users\Gnob\test\Library\PackageCache\com.unity.visualscripting@1.7.8\Editor\VisualScripting.Core\Dependencies\YamlDotNet\Unity.VisualScripting.YamlDotNet.dll
Native extension for WindowsStandalone target not found
Refreshing native plugins compatible for Editor in 3.64 ms, found 16 plugins.
Preloading 0 native plugins for Editor in 0.00 ms.
Mono: successfully reloaded assembly
- Completed reload, in  1.343 seconds
Domain Reload Profiling:
	ReloadAssembly (1344ms)
		BeginReloadAssembly (123ms)
			ExecutionOrderSort (0ms)
			DisableScriptedObjects (6ms)
			BackupInstance (0ms)
			ReleaseScriptingObjects (0ms)
			CreateAndSetChildDomain (43ms)
		EndReloadAssembly (1144ms)
			LoadAssemblies (78ms)
			RebuildTransferFunctionScriptingTraits (0ms)
			SetupTypeCache (248ms)
			ReleaseScriptCaches (3ms)
			RebuildScriptCaches (79ms)
			SetupLoadedEditorAssemblies (618ms)
				LogAssemblyErrors (0ms)
				InitializePlatformSupportModulesInManaged (14ms)
				SetLoadedEditorAssemblies (1ms)
				RefreshPlugins (4ms)
				BeforeProcessingInitializeOnLoad (122ms)
				ProcessInitializeOnLoadAttributes (358ms)
				ProcessInitializeOnLoadMethodAttributes (114ms)
				AfterProcessingInitializeOnLoad (4ms)
				EditorAssembliesLoaded (0ms)
			ExecutionOrderSort2 (0ms)
			AwakeInstancesAfterBackupRestoration (16ms)
Platform modules already initialized, skipping
Refreshing native plugins compatible for Editor in 11.84 ms, found 16 plugins.
Preloading 0 native plugins for Editor in 0.00 ms.
Unloading 5704 Unused Serialized files (Serialized files now loaded: 0)
Unloading 153 unused Assets / (1.2 MB). Loaded Objects now: 6324.
Memory consumption went from 226.3 MB to 225.1 MB.
Total: 8.262400 ms (FindLiveObjects: 1.048700 ms CreateObjectMapping: 0.870100 ms MarkObjects: 5.663300 ms  DeleteObjects: 0.677600 ms)

AssetImportParameters requested are different than current active one (requested -> active):
  custom:video-decoder-ogg-theora: a1e56fd34408186e4bbccfd4996cb3dc -> 
  custom:container-muxer-webm: aa71ff27fc2769a1b78a27578f13a17b -> 
  custom:container-demuxer-webm: 4f35f7cbe854078d1ac9338744f61a02 -> 
  custom:video-encoder-webm-vp8: eb34c28f22e8b96e1ab97ce403110664 -> 
  custom:video-codec-MediaFoundation-h265: 746d11721c4dcdbdad8f713fa42b33f4 -> 
  custom:audio-encoder-webm-vorbis: bf7c407c2cedff20999df2af8eb42d56 -> 
  custom:framework-win-MediaFoundation: 216162199b28c13a410421893ffa2e32 -> 
  custom:container-demuxer-ogg: 62fdf1f143b41e24485cea50d1cbac27 -> 
  custom:video-decoder-webm-vp8: 9c59270c3fd7afecdb556c50c9e8de78 -> 
  custom:audio-decoder-ogg-vorbis: bf7c407c2cedff20999df2af8eb42d56 -> 
========================================================================
Received Prepare
Registering precompiled user dll's ...
Registered in 0.007867 seconds.
Begin MonoManager ReloadAssembly
Symbol file LoadedFromMemory doesn't match image C:\Users\Gnob\test\Library\PackageCache\com.unity.visualscripting@1.7.8\Editor\VisualScripting.Core\Dependencies\DotNetZip\Unity.VisualScripting.IonicZip.dll
Symbol file LoadedFromMemory doesn't match image C:\Users\Gnob\test\Library\PackageCache\com.unity.visualscripting@1.7.8\Editor\VisualScripting.Core\Dependencies\YamlDotNet\Unity.VisualScripting.YamlDotNet.dll
Native extension for WindowsStandalone target not found
Refreshing native plugins compatible for Editor in 3.72 ms, found 16 plugins.
Preloading 0 native plugins for Editor in 0.00 ms.
Unable to write to 'ProjectSettings\GvhProjectSettings.xml' (System.IO.IOException: Sharing violation on path C:\Users\Gnob\test\ProjectSettings\GvhProjectSettings.xml
  at System.IO.FileStream..ctor (System.String path, System.IO.FileMode mode, System.IO.FileAccess access, System.IO.FileShare share, System.Int32 bufferSize, System.Boolean anonymous, System.IO.FileOptions options) [0x0019e] in <9aad1b3a47484d63ba2b3985692d80e9>:0 
  at System.IO.FileStream..ctor (System.String path, System.IO.FileMode mode, System.IO.FileAccess access, System.IO.FileShare share, System.Int32 bufferSize, System.IO.FileOptions options) [0x00000] in <9aad1b3a47484d63ba2b3985692d80e9>:0 
  at System.IO.FileStream..ctor (System.String path, System.IO.FileMode mode, System.IO.FileAccess access, System.IO.FileShare share, System.Int32 bufferSize, System.Boolean useAsync) [0x00000] in <9aad1b3a47484d63ba2b3985692d80e9>:0 
  at (wrapper remoting-invoke-with-check) System.IO.FileStream..ctor(string,System.IO.FileMode,System.IO.FileAccess,System.IO.FileShare,int,bool)
  at System.Xml.XmlWriterSettings.CreateWriter (System.String outputFileName) [0x00051] in <dd0557022e4e4150b548e69900b259c8>:0 
  at System.Xml.XmlWriter.Create (System.String outputFileName, System.Xml.XmlWriterSettings settings) [0x0000a] in <dd0557022e4e4150b548e69900b259c8>:0 
  at Google.ProjectSettings.Save () [0x000a1] in <f84891da46494f42b06c4c4875aa2f96>:0 , Project settings were not saved!
UnityEngine.StackTraceUtility:ExtractStackTrace ()
UnityEngine.DebugLogHandler:LogFormat (UnityEngine.LogType,UnityEngine.Object,string,object[])
UnityEngine.Logger:Log (UnityEngine.LogType,object)
UnityEngine.Debug:LogError (object)
Google.Logger:Log (string,Google.LogLevel)
Google.ProjectSettings:Save ()
Google.ProjectSettings:SetBool (string,bool,Google.SettingsLocation)
Google.ProjectSettings:SetBool (string,bool)
Google.IOSResolver:set_VerboseLoggingEnabled (bool)
Google.IOSResolver:.cctor ()
System.Runtime.CompilerServices.RuntimeHelpers:RunClassConstructor (System.RuntimeTypeHandle)
UnityEditor.EditorAssemblies:ProcessInitializeOnLoadAttributes (System.Type[])

Mono: successfully reloaded assembly
- Completed reload, in  1.339 seconds
Domain Reload Profiling:
	ReloadAssembly (1340ms)
		BeginReloadAssembly (120ms)
			ExecutionOrderSort (0ms)
			DisableScriptedObjects (6ms)
			BackupInstance (0ms)
			ReleaseScriptingObjects (0ms)
			CreateAndSetChildDomain (46ms)
		EndReloadAssembly (1146ms)
			LoadAssemblies (77ms)
			RebuildTransferFunctionScriptingTraits (0ms)
			SetupTypeCache (252ms)
			ReleaseScriptCaches (4ms)
			RebuildScriptCaches (79ms)
			SetupLoadedEditorAssemblies (604ms)
				LogAssemblyErrors (0ms)
				InitializePlatformSupportModulesInManaged (13ms)
				SetLoadedEditorAssemblies (1ms)
				RefreshPlugins (4ms)
				BeforeProcessingInitializeOnLoad (121ms)
				ProcessInitializeOnLoadAttributes (352ms)
				ProcessInitializeOnLoadMethodAttributes (110ms)
				AfterProcessingInitializeOnLoad (4ms)
				EditorAssembliesLoaded (0ms)
			ExecutionOrderSort2 (0ms)
			AwakeInstancesAfterBackupRestoration (16ms)
Platform modules already initialized, skipping
Refreshing native plugins compatible for Editor in 12.31 ms, found 16 plugins.
Preloading 0 native plugins for Editor in 0.00 ms.
Unloading 5704 Unused Serialized files (Serialized files now loaded: 0)
Unloading 153 unused Assets / (1.2 MB). Loaded Objects now: 6327.
Memory consumption went from 226.3 MB to 225.1 MB.
Total: 9.266100 ms (FindLiveObjects: 1.115700 ms CreateObjectMapping: 0.440000 ms MarkObjects: 6.165600 ms  DeleteObjects: 1.542200 ms)

AssetImportParameters requested are different than current active one (requested -> active):
  custom:video-decoder-ogg-theora: a1e56fd34408186e4bbccfd4996cb3dc -> 
  custom:container-muxer-webm: aa71ff27fc2769a1b78a27578f13a17b -> 
  custom:container-demuxer-webm: 4f35f7cbe854078d1ac9338744f61a02 -> 
  custom:video-encoder-webm-vp8: eb34c28f22e8b96e1ab97ce403110664 -> 
  custom:video-codec-MediaFoundation-h265: 746d11721c4dcdbdad8f713fa42b33f4 -> 
  custom:audio-encoder-webm-vorbis: bf7c407c2cedff20999df2af8eb42d56 -> 
  custom:framework-win-MediaFoundation: 216162199b28c13a410421893ffa2e32 -> 
  custom:container-demuxer-ogg: 62fdf1f143b41e24485cea50d1cbac27 -> 
  custom:video-decoder-webm-vp8: 9c59270c3fd7afecdb556c50c9e8de78 -> 
  custom:audio-decoder-ogg-vorbis: bf7c407c2cedff20999df2af8eb42d56 -> 
========================================================================
Received Import Request.
  Time since last request: 327.891550 seconds.
  path: Packages/com.unity.2d.animation/Editor/Assets/SkinningModule/Icons/Selected/d_Bone.png
  artifactKey: Guid(006a3adba8ff95144b4e779daa84bb7e) Importer(815301076,1909f56bfc062723c751e8b465ee728b)
Start importing Packages/com.unity.2d.animation/Editor/Assets/SkinningModule/Icons/Selected/d_Bone.png using Guid(006a3adba8ff95144b4e779daa84bb7e) Importer(815301076,1909f56bfc062723c751e8b465ee728b)  -> (artifact id: '784c35bc04429f2509e0c56a0f0ffeea') in 0.077543 seconds 
========================================================================
Received Import Request.
  Time since last request: 0.000034 seconds.
  path: Packages/com.unity.2d.animation/Editor/Assets/SkinningModule/Icons/Dark/d_Bone@3x.png
  artifactKey: Guid(fe145a004cb46de488885e70d26cade0) Importer(815301076,1909f56bfc062723c751e8b465ee728b)
Start importing Packages/com.unity.2d.animation/Editor/Assets/SkinningModule/Icons/Dark/d_Bone@3x.png using Guid(fe145a004cb46de488885e70d26cade0) Importer(815301076,1909f56bfc062723c751e8b465ee728b)  -> (artifact id: '76e7d939131e23ee857e31085ba59276') in 0.026622 seconds 
========================================================================
Received Import Request.
  Time since last request: 0.000050 seconds.
  path: Packages/com.unity.2d.animation/Editor/Assets/SkinningModule/Icons/Dark/d_Bone.png
  artifactKey: Guid(fc2eaf4b0441b7645960252182c27446) Importer(815301076,1909f56bfc062723c751e8b465ee728b)
Start importing Packages/com.unity.2d.animation/Editor/Assets/SkinningModule/Icons/Dark/d_Bone.png using Guid(fc2eaf4b0441b7645960252182c27446) Importer(815301076,1909f56bfc062723c751e8b465ee728b)  -> (artifact id: '00df4cac2adc81280043d835f2b38121') in 0.024101 seconds 
========================================================================
Received Prepare
Registering precompiled user dll's ...
Registered in 0.007715 seconds.
Begin MonoManager ReloadAssembly
Symbol file LoadedFromMemory doesn't match image C:\Users\Gnob\test\Library\PackageCache\com.unity.visualscripting@1.7.8\Editor\VisualScripting.Core\Dependencies\DotNetZip\Unity.VisualScripting.IonicZip.dll
Symbol file LoadedFromMemory doesn't match image C:\Users\Gnob\test\Library\PackageCache\com.unity.visualscripting@1.7.8\Editor\VisualScripting.Core\Dependencies\YamlDotNet\Unity.VisualScripting.YamlDotNet.dll
Native extension for WindowsStandalone target not found
Refreshing native plugins compatible for Editor in 3.96 ms, found 16 plugins.
Preloading 0 native plugins for Editor in 0.00 ms.
Mono: successfully reloaded assembly
- Completed reload, in  1.376 seconds
Domain Reload Profiling:
	ReloadAssembly (1377ms)
		BeginReloadAssembly (130ms)
			ExecutionOrderSort (0ms)
			DisableScriptedObjects (6ms)
			BackupInstance (0ms)
			ReleaseScriptingObjects (0ms)
			CreateAndSetChildDomain (45ms)
		EndReloadAssembly (1169ms)
			LoadAssemblies (87ms)
			RebuildTransferFunctionScriptingTraits (0ms)
			SetupTypeCache (245ms)
			ReleaseScriptCaches (4ms)
			RebuildScriptCaches (91ms)
			SetupLoadedEditorAssemblies (615ms)
				LogAssemblyErrors (0ms)
				InitializePlatformSupportModulesInManaged (15ms)
				SetLoadedEditorAssemblies (1ms)
				RefreshPlugins (4ms)
				BeforeProcessingInitializeOnLoad (122ms)
				ProcessInitializeOnLoadAttributes (355ms)
				ProcessInitializeOnLoadMethodAttributes (113ms)
				AfterProcessingInitializeOnLoad (4ms)
				EditorAssembliesLoaded (0ms)
			ExecutionOrderSort2 (0ms)
			AwakeInstancesAfterBackupRestoration (16ms)
Platform modules already initialized, skipping
Refreshing native plugins compatible for Editor in 13.20 ms, found 16 plugins.
Preloading 0 native plugins for Editor in 0.00 ms.
Unloading 5704 Unused Serialized files (Serialized files now loaded: 0)
Unloading 153 unused Assets / (1.2 MB). Loaded Objects now: 6330.
Memory consumption went from 226.3 MB to 225.1 MB.
Total: 7.215500 ms (FindLiveObjects: 1.117200 ms CreateObjectMapping: 0.359500 ms MarkObjects: 4.690500 ms  DeleteObjects: 1.045900 ms)

AssetImportParameters requested are different than current active one (requested -> active):
  custom:video-decoder-ogg-theora: a1e56fd34408186e4bbccfd4996cb3dc -> 
  custom:container-muxer-webm: aa71ff27fc2769a1b78a27578f13a17b -> 
  custom:container-demuxer-webm: 4f35f7cbe854078d1ac9338744f61a02 -> 
  custom:video-encoder-webm-vp8: eb34c28f22e8b96e1ab97ce403110664 -> 
  custom:video-codec-MediaFoundation-h265: 746d11721c4dcdbdad8f713fa42b33f4 -> 
  custom:audio-encoder-webm-vorbis: bf7c407c2cedff20999df2af8eb42d56 -> 
  custom:framework-win-MediaFoundation: 216162199b28c13a410421893ffa2e32 -> 
  custom:container-demuxer-ogg: 62fdf1f143b41e24485cea50d1cbac27 -> 
  custom:video-decoder-webm-vp8: 9c59270c3fd7afecdb556c50c9e8de78 -> 
  custom:audio-decoder-ogg-vorbis: bf7c407c2cedff20999df2af8eb42d56 -> 
Editor requested this worker to shutdown with reason: Scaling down because of idle timeout
AssetImportWorker is now disconnected from the server
Process exiting
Exiting without the bug reporter. Application will terminate with return code 0