Using pre-set license
Built from '2021.3/staging' branch; Version is '2021.3.11f1 (0a5ca18544bf) revision 679073'; Using compiler version '192829333'; Build Type 'Release'
OS: 'Windows 11  (10.0.22621) 64bit Professional' Language: 'ko' Physical Memory: 15773 MB
BatchMode: 1, IsHumanControllingUs: 0, StartBugReporterOnCrash: 0, Is64bit: 1, IsPro: 1

COMMAND LINE ARGUMENTS:
C:\Program Files\Unity\Hub\Editor\2021.3.11f1\Editor\Unity.exe
-adb2
-batchMode
-noUpm
-name
AssetImportWorker0
-projectPath
C:/Users/Gnob/test
-logFile
Logs/AssetImportWorker0.log
-srvPort
4246
Successfully changed project path to: C:/Users/Gnob/test
C:/Users/Gnob/test
[UnityMemory] Configuration Parameters - Can be set up in boot.config
    "memorysetup-bucket-allocator-granularity=16"
    "memorysetup-bucket-allocator-bucket-count=8"
    "memorysetup-bucket-allocator-block-size=33554432"
    "memorysetup-bucket-allocator-block-count=8"
    "memorysetup-main-allocator-block-size=16777216"
    "memorysetup-thread-allocator-block-size=16777216"
    "memorysetup-gfx-main-allocator-block-size=16777216"
    "memorysetup-gfx-thread-allocator-block-size=16777216"
    "memorysetup-cache-allocator-block-size=4194304"
    "memorysetup-typetree-allocator-block-size=2097152"
    "memorysetup-profiler-bucket-allocator-granularity=16"
    "memorysetup-profiler-bucket-allocator-bucket-count=8"
    "memorysetup-profiler-bucket-allocator-block-size=33554432"
    "memorysetup-profiler-bucket-allocator-block-count=8"
    "memorysetup-profiler-allocator-block-size=16777216"
    "memorysetup-profiler-editor-allocator-block-size=1048576"
    "memorysetup-temp-allocator-size-main=16777216"
    "memorysetup-job-temp-allocator-block-size=2097152"
    "memorysetup-job-temp-allocator-block-size-background=1048576"
    "memorysetup-job-temp-allocator-reduction-small-platforms=262144"
    "memorysetup-temp-allocator-size-background-worker=32768"
    "memorysetup-temp-allocator-size-job-worker=262144"
    "memorysetup-temp-allocator-size-preload-manager=33554432"
    "memorysetup-temp-allocator-size-nav-mesh-worker=65536"
    "memorysetup-temp-allocator-size-audio-worker=65536"
    "memorysetup-temp-allocator-size-cloud-worker=32768"
    "memorysetup-temp-allocator-size-gi-baking-worker=262144"
    "memorysetup-temp-allocator-size-gfx=262144"
Refreshing native plugins compatible for Editor in 171.38 ms, found 16 plugins.
Preloading 0 native plugins for Editor in 0.00 ms.
Initialize engine version: 2021.3.11f1 (0a5ca18544bf)
[Subsystems] Discovering subsystems at path C:/Program Files/Unity/Hub/Editor/2021.3.11f1/Editor/Data/Resources/UnitySubsystems
[Subsystems] Discovering subsystems at path C:/Users/Gnob/test/Assets
GfxDevice: creating device client; threaded=0; jobified=0
Direct3D:
    Version:  Direct3D 11.0 [level 11.1]
    Renderer: AMD Radeon (TM) Graphics (ID=0x15e7)
    Vendor:   ATI
    VRAM:     7886 MB
    Driver:   31.0.12019.15004
Initialize mono
Mono path[0] = 'C:/Program Files/Unity/Hub/Editor/2021.3.11f1/Editor/Data/Managed'
Mono path[1] = 'C:/Program Files/Unity/Hub/Editor/2021.3.11f1/Editor/Data/MonoBleedingEdge/lib/mono/unityjit-win32'
Mono config path = 'C:/Program Files/Unity/Hub/Editor/2021.3.11f1/Editor/Data/MonoBleedingEdge/etc'
Using monoOptions --debugger-agent=transport=dt_socket,embedding=1,server=y,suspend=n,address=127.0.0.1:56496
Begin MonoManager ReloadAssembly
Registering precompiled unity dll's ...
Register platform support module: C:/Program Files/Unity/Hub/Editor/2021.3.11f1/Editor/Data/PlaybackEngines/WindowsStandaloneSupport/UnityEditor.WindowsStandalone.Extensions.dll
Registered in 0.002957 seconds.
Native extension for WindowsStandalone target not found
Refreshing native plugins compatible for Editor in 118.25 ms, found 16 plugins.
Preloading 0 native plugins for Editor in 0.00 ms.
Mono: successfully reloaded assembly
- Completed reload, in  0.721 seconds
Domain Reload Profiling:
	ReloadAssembly (721ms)
		BeginReloadAssembly (96ms)
			ExecutionOrderSort (0ms)
			DisableScriptedObjects (0ms)
			BackupInstance (0ms)
			ReleaseScriptingObjects (0ms)
			CreateAndSetChildDomain (1ms)
		EndReloadAssembly (504ms)
			LoadAssemblies (94ms)
			RebuildTransferFunctionScriptingTraits (0ms)
			SetupTypeCache (148ms)
			ReleaseScriptCaches (0ms)
			RebuildScriptCaches (25ms)
			SetupLoadedEditorAssemblies (276ms)
				LogAssemblyErrors (0ms)
				InitializePlatformSupportModulesInManaged (7ms)
				SetLoadedEditorAssemblies (0ms)
				RefreshPlugins (118ms)
				BeforeProcessingInitializeOnLoad (1ms)
				ProcessInitializeOnLoadAttributes (109ms)
				ProcessInitializeOnLoadMethodAttributes (40ms)
				AfterProcessingInitializeOnLoad (0ms)
				EditorAssembliesLoaded (0ms)
			ExecutionOrderSort2 (0ms)
			AwakeInstancesAfterBackupRestoration (0ms)
Platform modules already initialized, skipping
Registering precompiled user dll's ...
Registered in 0.008174 seconds.
Begin MonoManager ReloadAssembly
Symbol file LoadedFromMemory doesn't match image C:\Users\Gnob\test\Library\PackageCache\com.unity.visualscripting@1.7.8\Editor\VisualScripting.Core\Dependencies\DotNetZip\Unity.VisualScripting.IonicZip.dll
Symbol file LoadedFromMemory doesn't match image C:\Users\Gnob\test\Library\PackageCache\com.unity.visualscripting@1.7.8\Editor\VisualScripting.Core\Dependencies\YamlDotNet\Unity.VisualScripting.YamlDotNet.dll
Native extension for WindowsStandalone target not found
Refreshing native plugins compatible for Editor in 110.53 ms, found 16 plugins.
Preloading 0 native plugins for Editor in 0.00 ms.
Unable to write to 'ProjectSettings\GvhProjectSettings.xml' (System.IO.IOException: Sharing violation on path C:\Users\Gnob\test\ProjectSettings\GvhProjectSettings.xml
  at System.IO.FileStream..ctor (System.String path, System.IO.FileMode mode, System.IO.FileAccess access, System.IO.FileShare share, System.Int32 bufferSize, System.Boolean anonymous, System.IO.FileOptions options) [0x0019e] in <9aad1b3a47484d63ba2b3985692d80e9>:0 
  at System.IO.FileStream..ctor (System.String path, System.IO.FileMode mode, System.IO.FileAccess access, System.IO.FileShare share, System.Int32 bufferSize, System.IO.FileOptions options) [0x00000] in <9aad1b3a47484d63ba2b3985692d80e9>:0 
  at System.IO.FileStream..ctor (System.String path, System.IO.FileMode mode, System.IO.FileAccess access, System.IO.FileShare share, System.Int32 bufferSize, System.Boolean useAsync) [0x00000] in <9aad1b3a47484d63ba2b3985692d80e9>:0 
  at (wrapper remoting-invoke-with-check) System.IO.FileStream..ctor(string,System.IO.FileMode,System.IO.FileAccess,System.IO.FileShare,int,bool)
  at System.Xml.XmlWriterSettings.CreateWriter (System.String outputFileName) [0x00051] in <dd0557022e4e4150b548e69900b259c8>:0 
  at System.Xml.XmlWriter.Create (System.String outputFileName, System.Xml.XmlWriterSettings settings) [0x0000a] in <dd0557022e4e4150b548e69900b259c8>:0 
  at Google.ProjectSettings.Save () [0x000a1] in <f84891da46494f42b06c4c4875aa2f96>:0 , Project settings were not saved!
UnityEngine.StackTraceUtility:ExtractStackTrace ()
UnityEngine.DebugLogHandler:LogFormat (UnityEngine.LogType,UnityEngine.Object,string,object[])
UnityEngine.Logger:Log (UnityEngine.LogType,object)
UnityEngine.Debug:LogError (object)
Google.Logger:Log (string,Google.LogLevel)
Google.ProjectSettings:Save ()
Google.ProjectSettings:SetBool (string,bool,Google.SettingsLocation)
Google.ProjectSettings:SetBool (string,bool)
Google.IOSResolver:set_VerboseLoggingEnabled (bool)
Google.IOSResolver:.cctor ()
System.Runtime.CompilerServices.RuntimeHelpers:RunClassConstructor (System.RuntimeTypeHandle)
UnityEditor.EditorAssemblies:ProcessInitializeOnLoadAttributes (System.Type[])

Mono: successfully reloaded assembly
- Completed reload, in  1.250 seconds
Domain Reload Profiling:
	ReloadAssembly (1251ms)
		BeginReloadAssembly (97ms)
			ExecutionOrderSort (0ms)
			DisableScriptedObjects (5ms)
			BackupInstance (0ms)
			ReleaseScriptingObjects (0ms)
			CreateAndSetChildDomain (21ms)
		EndReloadAssembly (1061ms)
			LoadAssemblies (84ms)
			RebuildTransferFunctionScriptingTraits (0ms)
			SetupTypeCache (287ms)
			ReleaseScriptCaches (1ms)
			RebuildScriptCaches (62ms)
			SetupLoadedEditorAssemblies (584ms)
				LogAssemblyErrors (0ms)
				InitializePlatformSupportModulesInManaged (3ms)
				SetLoadedEditorAssemblies (0ms)
				RefreshPlugins (111ms)
				BeforeProcessingInitializeOnLoad (101ms)
				ProcessInitializeOnLoadAttributes (283ms)
				ProcessInitializeOnLoadMethodAttributes (84ms)
				AfterProcessingInitializeOnLoad (2ms)
				EditorAssembliesLoaded (0ms)
			ExecutionOrderSort2 (0ms)
			AwakeInstancesAfterBackupRestoration (5ms)
Platform modules already initialized, skipping
========================================================================
Worker process is ready to serve import requests
Launched and connected shader compiler UnityShaderCompiler.exe after 0.04 seconds
Refreshing native plugins compatible for Editor in 1.86 ms, found 16 plugins.
Preloading 0 native plugins for Editor in 0.00 ms.
Unloading 5830 Unused Serialized files (Serialized files now loaded: 0)
Unloading 166 unused Assets / (1.2 MB). Loaded Objects now: 6195.
Memory consumption went from 226.0 MB to 224.8 MB.
Total: 5.216000 ms (FindLiveObjects: 0.515500 ms CreateObjectMapping: 0.470600 ms MarkObjects: 3.621400 ms  DeleteObjects: 0.607500 ms)

AssetImportParameters requested are different than current active one (requested -> active):
  custom:video-decoder-ogg-theora: a1e56fd34408186e4bbccfd4996cb3dc -> 
  custom:container-muxer-webm: aa71ff27fc2769a1b78a27578f13a17b -> 
  custom:container-demuxer-webm: 4f35f7cbe854078d1ac9338744f61a02 -> 
  custom:video-encoder-webm-vp8: eb34c28f22e8b96e1ab97ce403110664 -> 
  custom:video-codec-MediaFoundation-h265: 746d11721c4dcdbdad8f713fa42b33f4 -> 
  custom:audio-encoder-webm-vorbis: bf7c407c2cedff20999df2af8eb42d56 -> 
  custom:framework-win-MediaFoundation: 216162199b28c13a410421893ffa2e32 -> 
  custom:container-demuxer-ogg: 62fdf1f143b41e24485cea50d1cbac27 -> 
  custom:video-decoder-webm-vp8: 9c59270c3fd7afecdb556c50c9e8de78 -> 
  custom:audio-decoder-ogg-vorbis: bf7c407c2cedff20999df2af8eb42d56 -> 
========================================================================
Received Import Request.
  Time since last request: 91537.207653 seconds.
  path: Assets/Prefabs/star.prefab
  artifactKey: Guid(2bdb178577ebaf94d9372987b2dd7f1e) Importer(815301076,1909f56bfc062723c751e8b465ee728b)
Start importing Assets/Prefabs/star.prefab using Guid(2bdb178577ebaf94d9372987b2dd7f1e) Importer(815301076,1909f56bfc062723c751e8b465ee728b)  -> (artifact id: '3b86040b1b7f49e8c58306ecbbc43066') in 0.212765 seconds 
========================================================================
Received Prepare
Registering precompiled user dll's ...
Registered in 0.007567 seconds.
Begin MonoManager ReloadAssembly
Symbol file LoadedFromMemory doesn't match image C:\Users\Gnob\test\Library\PackageCache\com.unity.visualscripting@1.7.8\Editor\VisualScripting.Core\Dependencies\DotNetZip\Unity.VisualScripting.IonicZip.dll
Symbol file LoadedFromMemory doesn't match image C:\Users\Gnob\test\Library\PackageCache\com.unity.visualscripting@1.7.8\Editor\VisualScripting.Core\Dependencies\YamlDotNet\Unity.VisualScripting.YamlDotNet.dll
Native extension for WindowsStandalone target not found
Refreshing native plugins compatible for Editor in 5.08 ms, found 16 plugins.
Preloading 0 native plugins for Editor in 0.00 ms.
Mono: successfully reloaded assembly
- Completed reload, in  1.451 seconds
Domain Reload Profiling:
	ReloadAssembly (1451ms)
		BeginReloadAssembly (126ms)
			ExecutionOrderSort (0ms)
			DisableScriptedObjects (8ms)
			BackupInstance (0ms)
			ReleaseScriptingObjects (0ms)
			CreateAndSetChildDomain (45ms)
		EndReloadAssembly (1242ms)
			LoadAssemblies (76ms)
			RebuildTransferFunctionScriptingTraits (0ms)
			SetupTypeCache (354ms)
			ReleaseScriptCaches (5ms)
			RebuildScriptCaches (77ms)
			SetupLoadedEditorAssemblies (606ms)
				LogAssemblyErrors (0ms)
				InitializePlatformSupportModulesInManaged (14ms)
				SetLoadedEditorAssemblies (1ms)
				RefreshPlugins (5ms)
				BeforeProcessingInitializeOnLoad (115ms)
				ProcessInitializeOnLoadAttributes (356ms)
				ProcessInitializeOnLoadMethodAttributes (111ms)
				AfterProcessingInitializeOnLoad (4ms)
				EditorAssembliesLoaded (0ms)
			ExecutionOrderSort2 (0ms)
			AwakeInstancesAfterBackupRestoration (15ms)
Platform modules already initialized, skipping
Refreshing native plugins compatible for Editor in 10.59 ms, found 16 plugins.
Preloading 0 native plugins for Editor in 0.00 ms.
Unloading 5703 Unused Serialized files (Serialized files now loaded: 0)
Unloading 157 unused Assets / (1.2 MB). Loaded Objects now: 6250.
Memory consumption went from 226.1 MB to 224.9 MB.
Total: 10.146700 ms (FindLiveObjects: 0.915400 ms CreateObjectMapping: 0.919700 ms MarkObjects: 6.852600 ms  DeleteObjects: 1.456200 ms)

AssetImportParameters requested are different than current active one (requested -> active):
  custom:video-decoder-ogg-theora: a1e56fd34408186e4bbccfd4996cb3dc -> 
  custom:container-muxer-webm: aa71ff27fc2769a1b78a27578f13a17b -> 
  custom:container-demuxer-webm: 4f35f7cbe854078d1ac9338744f61a02 -> 
  custom:video-encoder-webm-vp8: eb34c28f22e8b96e1ab97ce403110664 -> 
  custom:video-codec-MediaFoundation-h265: 746d11721c4dcdbdad8f713fa42b33f4 -> 
  custom:audio-encoder-webm-vorbis: bf7c407c2cedff20999df2af8eb42d56 -> 
  custom:framework-win-MediaFoundation: 216162199b28c13a410421893ffa2e32 -> 
  custom:container-demuxer-ogg: 62fdf1f143b41e24485cea50d1cbac27 -> 
  custom:video-decoder-webm-vp8: 9c59270c3fd7afecdb556c50c9e8de78 -> 
  custom:audio-decoder-ogg-vorbis: bf7c407c2cedff20999df2af8eb42d56 -> 
========================================================================
Received Import Request.
  Time since last request: 545.603054 seconds.
  path: Assets/Pixel_planets/Showcase/sprites/sprLayer2/layers/4db1cd71-8a43-4cc8-904d-becc08b7b143/85fd140f-14bb-46d7-a6af-3f14575c2968.png
  artifactKey: Guid(b160940675e781c438d1af1d4bfb0580) Importer(815301076,1909f56bfc062723c751e8b465ee728b)
Start importing Assets/Pixel_planets/Showcase/sprites/sprLayer2/layers/4db1cd71-8a43-4cc8-904d-becc08b7b143/85fd140f-14bb-46d7-a6af-3f14575c2968.png using Guid(b160940675e781c438d1af1d4bfb0580) Importer(815301076,1909f56bfc062723c751e8b465ee728b)  -> (artifact id: '7baef58bcd0654eca211ac31aef8adaa') in 0.223855 seconds 
========================================================================
Received Import Request.
  Time since last request: 0.000034 seconds.
  path: Assets/Pixel_planets/Showcase/sprites/sprComet/0f64544d-5af4-4e36-a797-a5584013df0b.png
  artifactKey: Guid(be8899d63209bc94db2170f97341660c) Importer(815301076,1909f56bfc062723c751e8b465ee728b)
Start importing Assets/Pixel_planets/Showcase/sprites/sprComet/0f64544d-5af4-4e36-a797-a5584013df0b.png using Guid(be8899d63209bc94db2170f97341660c) Importer(815301076,1909f56bfc062723c751e8b465ee728b)  -> (artifact id: 'd099ca9e6eaa91138431a2f0aabf1ebb') in 0.022104 seconds 
========================================================================
Received Import Request.
  Time since last request: 0.000032 seconds.
  path: Assets/Pixel_planets/Showcase/sprites/sprMoon/49d556c9-ec3a-4fc1-8f64-2ff564e844e8.png
  artifactKey: Guid(a64b1e1c1614d8b45a5614c38d3f7bba) Importer(815301076,1909f56bfc062723c751e8b465ee728b)
Start importing Assets/Pixel_planets/Showcase/sprites/sprMoon/49d556c9-ec3a-4fc1-8f64-2ff564e844e8.png using Guid(a64b1e1c1614d8b45a5614c38d3f7bba) Importer(815301076,1909f56bfc062723c751e8b465ee728b)  -> (artifact id: '5c0f5f68b4aefe87fc4cb818daf230b7') in 0.019637 seconds 
========================================================================
Received Import Request.
  Time since last request: 0.000024 seconds.
  path: Assets/Pixel_planets/Showcase/sprites/sprPlanet/layers/a3bf50eb-9c0e-4132-a95d-2cd19bea7c03/58d6ffb0-393a-4f49-855b-b55e004e21f1.png
  artifactKey: Guid(fba63cb46646ee2499e1934caf718393) Importer(815301076,1909f56bfc062723c751e8b465ee728b)
Start importing Assets/Pixel_planets/Showcase/sprites/sprPlanet/layers/a3bf50eb-9c0e-4132-a95d-2cd19bea7c03/58d6ffb0-393a-4f49-855b-b55e004e21f1.png using Guid(fba63cb46646ee2499e1934caf718393) Importer(815301076,1909f56bfc062723c751e8b465ee728b)  -> (artifact id: 'e4372374bdcbbd5e76996d3fe49ca763') in 0.022316 seconds 
========================================================================
Received Import Request.
  Time since last request: 0.000024 seconds.
  path: Assets/Pixel_planets/Showcase/sprites/sprPlanet/layers/664d8ef1-878d-429d-9fd8-9a95ed7a451b/58d6ffb0-393a-4f49-855b-b55e004e21f1.png
  artifactKey: Guid(08d0b8f4d52713d4688f73542c3be009) Importer(815301076,1909f56bfc062723c751e8b465ee728b)
Start importing Assets/Pixel_planets/Showcase/sprites/sprPlanet/layers/664d8ef1-878d-429d-9fd8-9a95ed7a451b/58d6ffb0-393a-4f49-855b-b55e004e21f1.png using Guid(08d0b8f4d52713d4688f73542c3be009) Importer(815301076,1909f56bfc062723c751e8b465ee728b)  -> (artifact id: '446b4aa50bba2b9d628df4e7f4c778cd') in 0.018723 seconds 
========================================================================
Received Import Request.
  Time since last request: 5.047371 seconds.
  path: Assets/Pixel_planets/Showcase/sprites/sprMoon/2f2a1e47-5a7d-4429-92af-07a7ecc406b3.png
  artifactKey: Guid(d4d91908777a6b04d9e38d940f3ce397) Importer(815301076,1909f56bfc062723c751e8b465ee728b)
Start importing Assets/Pixel_planets/Showcase/sprites/sprMoon/2f2a1e47-5a7d-4429-92af-07a7ecc406b3.png using Guid(d4d91908777a6b04d9e38d940f3ce397) Importer(815301076,1909f56bfc062723c751e8b465ee728b)  -> (artifact id: 'e8537948d02dce2c101779903a6fbe54') in 0.020462 seconds 
========================================================================
Received Import Request.
  Time since last request: 0.000025 seconds.
  path: Assets/Pixel_planets/Showcase/sprites/sprStar2/3f26a985-6738-4403-afbc-05f72743acf4.png
  artifactKey: Guid(a100e3a9ea4cdf94b910f24828c71d0c) Importer(815301076,1909f56bfc062723c751e8b465ee728b)
Start importing Assets/Pixel_planets/Showcase/sprites/sprStar2/3f26a985-6738-4403-afbc-05f72743acf4.png using Guid(a100e3a9ea4cdf94b910f24828c71d0c) Importer(815301076,1909f56bfc062723c751e8b465ee728b)  -> (artifact id: '3bebcb27ea649f1e60ed5ad3fa6cac76') in 0.018795 seconds 
========================================================================
Received Import Request.
  Time since last request: 0.055086 seconds.
  path: Assets/Pixel_planets/Showcase/sprites/sprStar1/7f70a188-b1f9-4712-9124-3fb0fbe2d013.png
  artifactKey: Guid(7af63b1d74edb3341b19251076a8c1dd) Importer(815301076,1909f56bfc062723c751e8b465ee728b)
Start importing Assets/Pixel_planets/Showcase/sprites/sprStar1/7f70a188-b1f9-4712-9124-3fb0fbe2d013.png using Guid(7af63b1d74edb3341b19251076a8c1dd) Importer(815301076,1909f56bfc062723c751e8b465ee728b)  -> (artifact id: '4f4ade3bd70544b389ce52962de28ac7') in 0.021478 seconds 
========================================================================
Received Import Request.
  Time since last request: 0.124755 seconds.
  path: Assets/Pixel_planets/Showcase/sprites/sprPlanet/layers/5ad4a4ea-b38d-4ed1-9695-69dfea7e1fad/58d6ffb0-393a-4f49-855b-b55e004e21f1.png
  artifactKey: Guid(871f61dd7204b6e428316d07a4aae070) Importer(815301076,1909f56bfc062723c751e8b465ee728b)
Start importing Assets/Pixel_planets/Showcase/sprites/sprPlanet/layers/5ad4a4ea-b38d-4ed1-9695-69dfea7e1fad/58d6ffb0-393a-4f49-855b-b55e004e21f1.png using Guid(871f61dd7204b6e428316d07a4aae070) Importer(815301076,1909f56bfc062723c751e8b465ee728b)  -> (artifact id: '9e7429b065521f2a8af61f580fa7d14f') in 0.018187 seconds 
========================================================================
Received Import Request.
  Time since last request: 0.014644 seconds.
  path: Assets/Pixel_planets/Showcase/sprites/sprPlanet/layers/43a2e271-86b9-45e9-8364-f0eab79cf874/58d6ffb0-393a-4f49-855b-b55e004e21f1.png
  artifactKey: Guid(b29eb295c96d7f144b6ed91e2c901cb8) Importer(815301076,1909f56bfc062723c751e8b465ee728b)
Start importing Assets/Pixel_planets/Showcase/sprites/sprPlanet/layers/43a2e271-86b9-45e9-8364-f0eab79cf874/58d6ffb0-393a-4f49-855b-b55e004e21f1.png using Guid(b29eb295c96d7f144b6ed91e2c901cb8) Importer(815301076,1909f56bfc062723c751e8b465ee728b)  -> (artifact id: 'e4264296b411a0d8a0ca5a6217c129e3') in 0.016702 seconds 
========================================================================
Received Import Request.
  Time since last request: 0.000040 seconds.
  path: Assets/Pixel_planets/Showcase/sprites/sprPlanet/layers/b3d9fd2e-8f92-4633-aa52-d1e273ccee6a/58d6ffb0-393a-4f49-855b-b55e004e21f1.png
  artifactKey: Guid(c6d2b6cea029d2c49b771bec05821d6f) Importer(815301076,1909f56bfc062723c751e8b465ee728b)
Start importing Assets/Pixel_planets/Showcase/sprites/sprPlanet/layers/b3d9fd2e-8f92-4633-aa52-d1e273ccee6a/58d6ffb0-393a-4f49-855b-b55e004e21f1.png using Guid(c6d2b6cea029d2c49b771bec05821d6f) Importer(815301076,1909f56bfc062723c751e8b465ee728b)  -> (artifact id: 'ef6321da464745c6886c24ed38bd2350') in 0.013952 seconds 
========================================================================
Received Import Request.
  Time since last request: 0.000034 seconds.
  path: Assets/Pixel_planets/Showcase/sprites/sprPlanet/layers/2198985b-4cba-4321-b643-9dc51c3c4d1f/58d6ffb0-393a-4f49-855b-b55e004e21f1.png
  artifactKey: Guid(41265ceaa390be24e9673afbf3bb7944) Importer(815301076,1909f56bfc062723c751e8b465ee728b)
Start importing Assets/Pixel_planets/Showcase/sprites/sprPlanet/layers/2198985b-4cba-4321-b643-9dc51c3c4d1f/58d6ffb0-393a-4f49-855b-b55e004e21f1.png using Guid(41265ceaa390be24e9673afbf3bb7944) Importer(815301076,1909f56bfc062723c751e8b465ee728b)  -> (artifact id: '0eb3106c5ae62e4973224df6c975fb41') in 0.022583 seconds 
========================================================================
Received Import Request.
  Time since last request: 0.000038 seconds.
  path: Assets/Pixel_planets/Showcase/sprites/sprPlanet/layers/57375ae6-e065-4032-b6ad-e42af458cefe/58d6ffb0-393a-4f49-855b-b55e004e21f1.png
  artifactKey: Guid(41bddf40944094a42876957d55188930) Importer(815301076,1909f56bfc062723c751e8b465ee728b)
Start importing Assets/Pixel_planets/Showcase/sprites/sprPlanet/layers/57375ae6-e065-4032-b6ad-e42af458cefe/58d6ffb0-393a-4f49-855b-b55e004e21f1.png using Guid(41bddf40944094a42876957d55188930) Importer(815301076,1909f56bfc062723c751e8b465ee728b)  -> (artifact id: '6d573333a86ead35c465768e25229314') in 0.018747 seconds 
========================================================================
Received Import Request.
  Time since last request: 0.000033 seconds.
  path: Assets/Pixel_planets/Showcase/sprites/sprPlanet/layers/b57ef081-53b0-4f78-a003-d5a20972a177/58d6ffb0-393a-4f49-855b-b55e004e21f1.png
  artifactKey: Guid(3090322416ad75b4dbe09da7f1741758) Importer(815301076,1909f56bfc062723c751e8b465ee728b)
Start importing Assets/Pixel_planets/Showcase/sprites/sprPlanet/layers/b57ef081-53b0-4f78-a003-d5a20972a177/58d6ffb0-393a-4f49-855b-b55e004e21f1.png using Guid(3090322416ad75b4dbe09da7f1741758) Importer(815301076,1909f56bfc062723c751e8b465ee728b)  -> (artifact id: '4ecedea21f0bb907b4a25b127d612693') in 0.016548 seconds 
========================================================================
Received Import Request.
  Time since last request: 0.000034 seconds.
  path: Assets/Pixel_planets/Showcase/sprites/sprPlanet/layers/95400dee-3403-4f88-b38e-d018dc35abde/58d6ffb0-393a-4f49-855b-b55e004e21f1.png
  artifactKey: Guid(d92bb443b83a63d4fb03c232cdcf07ca) Importer(815301076,1909f56bfc062723c751e8b465ee728b)
Start importing Assets/Pixel_planets/Showcase/sprites/sprPlanet/layers/95400dee-3403-4f88-b38e-d018dc35abde/58d6ffb0-393a-4f49-855b-b55e004e21f1.png using Guid(d92bb443b83a63d4fb03c232cdcf07ca) Importer(815301076,1909f56bfc062723c751e8b465ee728b)  -> (artifact id: '9bbb11fc08b7894030746a96c8cd30e8') in 0.024820 seconds 
========================================================================
Received Import Request.
  Time since last request: 0.000041 seconds.
  path: Assets/Pixel_planets/Showcase/sprites/sprPlanet/layers/0e5378ad-da8d-4f65-8664-d969c5b32dd6/58d6ffb0-393a-4f49-855b-b55e004e21f1.png
  artifactKey: Guid(e3b933ebc6384f841bf02cf6e3ad0425) Importer(815301076,1909f56bfc062723c751e8b465ee728b)
Start importing Assets/Pixel_planets/Showcase/sprites/sprPlanet/layers/0e5378ad-da8d-4f65-8664-d969c5b32dd6/58d6ffb0-393a-4f49-855b-b55e004e21f1.png using Guid(e3b933ebc6384f841bf02cf6e3ad0425) Importer(815301076,1909f56bfc062723c751e8b465ee728b)  -> (artifact id: '3016fc89a7a7ca58cb3e95eb8c5769b5') in 0.019990 seconds 
========================================================================
Received Import Request.
  Time since last request: 0.000022 seconds.
  path: Assets/Pixel_planets/Showcase/sprites/sprPlanet/layers/c45ff414-6c67-4059-b41c-af5fc5135831/58d6ffb0-393a-4f49-855b-b55e004e21f1.png
  artifactKey: Guid(ea97013891c276240ba1f3a74a44d270) Importer(815301076,1909f56bfc062723c751e8b465ee728b)
Start importing Assets/Pixel_planets/Showcase/sprites/sprPlanet/layers/c45ff414-6c67-4059-b41c-af5fc5135831/58d6ffb0-393a-4f49-855b-b55e004e21f1.png using Guid(ea97013891c276240ba1f3a74a44d270) Importer(815301076,1909f56bfc062723c751e8b465ee728b)  -> (artifact id: '3ed6a5210676c88c1092dce0bbb2eaed') in 0.018874 seconds 
========================================================================
Received Import Request.
  Time since last request: 0.000022 seconds.
  path: Assets/Pixel_planets/Showcase/sprites/sprPlanet/layers/c77d341f-a9c7-4efa-a52c-8c6eb7527661/58d6ffb0-393a-4f49-855b-b55e004e21f1.png
  artifactKey: Guid(4c356bf78d1130d4fbeb6a5e77cd4e2c) Importer(815301076,1909f56bfc062723c751e8b465ee728b)
Start importing Assets/Pixel_planets/Showcase/sprites/sprPlanet/layers/c77d341f-a9c7-4efa-a52c-8c6eb7527661/58d6ffb0-393a-4f49-855b-b55e004e21f1.png using Guid(4c356bf78d1130d4fbeb6a5e77cd4e2c) Importer(815301076,1909f56bfc062723c751e8b465ee728b)  -> (artifact id: '90181186cd5aa4e3911a28ddd92f15dd') in 0.019387 seconds 
========================================================================
Received Import Request.
  Time since last request: 0.000053 seconds.
  path: Assets/Pixel_planets/Showcase/sprites/sprPlanet/layers/bd4af21b-3c0e-4f7a-9f15-f551978e5083/58d6ffb0-393a-4f49-855b-b55e004e21f1.png
  artifactKey: Guid(c2473b6a39261b34ea18b5208a177564) Importer(815301076,1909f56bfc062723c751e8b465ee728b)
Start importing Assets/Pixel_planets/Showcase/sprites/sprPlanet/layers/bd4af21b-3c0e-4f7a-9f15-f551978e5083/58d6ffb0-393a-4f49-855b-b55e004e21f1.png using Guid(c2473b6a39261b34ea18b5208a177564) Importer(815301076,1909f56bfc062723c751e8b465ee728b)  -> (artifact id: 'b71018b4f0a577760c3e642a0e0e3778') in 0.017578 seconds 
========================================================================
Received Import Request.
  Time since last request: 0.000039 seconds.
  path: Assets/Pixel_planets/Showcase/sprites/sprPlanet/layers/77fde869-589e-4049-ae5c-c934227f8e84/58d6ffb0-393a-4f49-855b-b55e004e21f1.png
  artifactKey: Guid(4affef4d6215f0c4e8939cd0da5c99eb) Importer(815301076,1909f56bfc062723c751e8b465ee728b)
Start importing Assets/Pixel_planets/Showcase/sprites/sprPlanet/layers/77fde869-589e-4049-ae5c-c934227f8e84/58d6ffb0-393a-4f49-855b-b55e004e21f1.png using Guid(4affef4d6215f0c4e8939cd0da5c99eb) Importer(815301076,1909f56bfc062723c751e8b465ee728b)  -> (artifact id: '443754097f1054c44f0800dae4e9d507') in 0.015676 seconds 
========================================================================
Received Import Request.
  Time since last request: 0.000051 seconds.
  path: Assets/Pixel_planets/Showcase/sprites/sprPlanet/layers/acb28852-9dfe-43e0-a913-fcc436e7ed44/58d6ffb0-393a-4f49-855b-b55e004e21f1.png
  artifactKey: Guid(6786026e40ac44b439932dd75fd3d4c8) Importer(815301076,1909f56bfc062723c751e8b465ee728b)
Start importing Assets/Pixel_planets/Showcase/sprites/sprPlanet/layers/acb28852-9dfe-43e0-a913-fcc436e7ed44/58d6ffb0-393a-4f49-855b-b55e004e21f1.png using Guid(6786026e40ac44b439932dd75fd3d4c8) Importer(815301076,1909f56bfc062723c751e8b465ee728b)  -> (artifact id: '1948a2b86790989e20257cf3dcf92cde') in 0.016936 seconds 
========================================================================
Received Import Request.
  Time since last request: 0.268068 seconds.
  path: Assets/Pixel_planets/Showcase/sprites/sprStar2/layers/77c7bbd2-61d8-4644-8ab9-41bdb3b5585e/db0b5121-fa85-488e-b3a1-c57d5e519adc.png
  artifactKey: Guid(63005e282ce778048963c605f7a24db6) Importer(815301076,1909f56bfc062723c751e8b465ee728b)
Start importing Assets/Pixel_planets/Showcase/sprites/sprStar2/layers/77c7bbd2-61d8-4644-8ab9-41bdb3b5585e/db0b5121-fa85-488e-b3a1-c57d5e519adc.png using Guid(63005e282ce778048963c605f7a24db6) Importer(815301076,1909f56bfc062723c751e8b465ee728b)  -> (artifact id: '6f5ab8a2abe32012e19162fe7f897f48') in 0.040780 seconds 
========================================================================
Received Import Request.
  Time since last request: 0.000037 seconds.
  path: Assets/Pixel_planets/Showcase/sprites/sprStar1/layers/41320ccf-1294-4b0f-8f89-573c436903dc/ea37dcad-903a-4b6b-b86e-5484284472c5.png
  artifactKey: Guid(91d2d7ffcc414de47a8299ef6657cddd) Importer(815301076,1909f56bfc062723c751e8b465ee728b)
Start importing Assets/Pixel_planets/Showcase/sprites/sprStar1/layers/41320ccf-1294-4b0f-8f89-573c436903dc/ea37dcad-903a-4b6b-b86e-5484284472c5.png using Guid(91d2d7ffcc414de47a8299ef6657cddd) Importer(815301076,1909f56bfc062723c751e8b465ee728b)  -> (artifact id: '3d6d733c88f64fe76774f6b4f39a2be2') in 0.022922 seconds 
========================================================================
Received Import Request.
  Time since last request: 0.000029 seconds.
  path: Assets/Pixel_planets/Showcase/sprites/sprStar1/layers/cced125d-e4bb-4ad4-afd8-e675998a3a57/ea37dcad-903a-4b6b-b86e-5484284472c5.png
  artifactKey: Guid(e45a0230eb06d3b4bafdb79e9377a492) Importer(815301076,1909f56bfc062723c751e8b465ee728b)
Start importing Assets/Pixel_planets/Showcase/sprites/sprStar1/layers/cced125d-e4bb-4ad4-afd8-e675998a3a57/ea37dcad-903a-4b6b-b86e-5484284472c5.png using Guid(e45a0230eb06d3b4bafdb79e9377a492) Importer(815301076,1909f56bfc062723c751e8b465ee728b)  -> (artifact id: '4fad6cd1f4d3d7288e81e3eb2d9cc3d6') in 0.021347 seconds 
========================================================================
Received Import Request.
  Time since last request: 0.000029 seconds.
  path: Assets/Pixel_planets/Showcase/sprites/sprMoon/ea9afffe-78c3-491e-b551-69cfc0c8a556.png
  artifactKey: Guid(ec3a95a2440857649b38ddd8f8c875ce) Importer(815301076,1909f56bfc062723c751e8b465ee728b)
Start importing Assets/Pixel_planets/Showcase/sprites/sprMoon/ea9afffe-78c3-491e-b551-69cfc0c8a556.png using Guid(ec3a95a2440857649b38ddd8f8c875ce) Importer(815301076,1909f56bfc062723c751e8b465ee728b)  -> (artifact id: 'fdaf2f5bb9b0371a5555b5a79ac590d3') in 0.022552 seconds 
========================================================================
Received Import Request.
  Time since last request: 0.000060 seconds.
  path: Assets/Pixel_planets/Showcase/sprites/sprStar2/layers/5bf56b0d-4c04-4b59-b82f-cab76e64c0dc/db0b5121-fa85-488e-b3a1-c57d5e519adc.png
  artifactKey: Guid(9e03b471f4ed65a4da0128b70e6b4ecd) Importer(815301076,1909f56bfc062723c751e8b465ee728b)
Start importing Assets/Pixel_planets/Showcase/sprites/sprStar2/layers/5bf56b0d-4c04-4b59-b82f-cab76e64c0dc/db0b5121-fa85-488e-b3a1-c57d5e519adc.png using Guid(9e03b471f4ed65a4da0128b70e6b4ecd) Importer(815301076,1909f56bfc062723c751e8b465ee728b)  -> (artifact id: 'a117b0089ad9f039b0aff6bd377a1430') in 0.017875 seconds 
========================================================================
Received Import Request.
  Time since last request: 0.243986 seconds.
  path: Assets/Pixel_planets/Showcase/sprites/sprMoon/eb109636-a468-4c56-9e04-afa5a2257131.png
  artifactKey: Guid(7705d66c5e4f9154eb343ab4a612305a) Importer(815301076,1909f56bfc062723c751e8b465ee728b)
Start importing Assets/Pixel_planets/Showcase/sprites/sprMoon/eb109636-a468-4c56-9e04-afa5a2257131.png using Guid(7705d66c5e4f9154eb343ab4a612305a) Importer(815301076,1909f56bfc062723c751e8b465ee728b)  -> (artifact id: '82efed76824eef01a4fa1de1a42d3b06') in 0.017524 seconds 
========================================================================
Received Import Request.
  Time since last request: 1.854273 seconds.
  path: Assets/Prefabs/b_star.prefab
  artifactKey: Guid(8e724265cff96f64eb8deec9d680cc54) Importer(815301076,1909f56bfc062723c751e8b465ee728b)
Start importing Assets/Prefabs/b_star.prefab using Guid(8e724265cff96f64eb8deec9d680cc54) Importer(815301076,1909f56bfc062723c751e8b465ee728b)  -> (artifact id: '50f628a0f160c0ee9675a45b6fae6f79') in 0.144881 seconds 
========================================================================
Received Prepare
Registering precompiled user dll's ...
Registered in 0.008217 seconds.
Begin MonoManager ReloadAssembly
Symbol file LoadedFromMemory doesn't match image C:\Users\Gnob\test\Library\PackageCache\com.unity.visualscripting@1.7.8\Editor\VisualScripting.Core\Dependencies\DotNetZip\Unity.VisualScripting.IonicZip.dll
Symbol file LoadedFromMemory doesn't match image C:\Users\Gnob\test\Library\PackageCache\com.unity.visualscripting@1.7.8\Editor\VisualScripting.Core\Dependencies\YamlDotNet\Unity.VisualScripting.YamlDotNet.dll
Native extension for WindowsStandalone target not found
Refreshing native plugins compatible for Editor in 3.00 ms, found 16 plugins.
Preloading 0 native plugins for Editor in 0.00 ms.
Mono: successfully reloaded assembly
- Completed reload, in  1.311 seconds
Domain Reload Profiling:
	ReloadAssembly (1311ms)
		BeginReloadAssembly (127ms)
			ExecutionOrderSort (0ms)
			DisableScriptedObjects (7ms)
			BackupInstance (0ms)
			ReleaseScriptingObjects (0ms)
			CreateAndSetChildDomain (45ms)
		EndReloadAssembly (1108ms)
			LoadAssemblies (79ms)
			RebuildTransferFunctionScriptingTraits (0ms)
			SetupTypeCache (233ms)
			ReleaseScriptCaches (3ms)
			RebuildScriptCaches (84ms)
			SetupLoadedEditorAssemblies (596ms)
				LogAssemblyErrors (0ms)
				InitializePlatformSupportModulesInManaged (13ms)
				SetLoadedEditorAssemblies (1ms)
				RefreshPlugins (3ms)
				BeforeProcessingInitializeOnLoad (116ms)
				ProcessInitializeOnLoadAttributes (353ms)
				ProcessInitializeOnLoadMethodAttributes (106ms)
				AfterProcessingInitializeOnLoad (3ms)
				EditorAssembliesLoaded (0ms)
			ExecutionOrderSort2 (0ms)
			AwakeInstancesAfterBackupRestoration (18ms)
Platform modules already initialized, skipping
Refreshing native plugins compatible for Editor in 12.00 ms, found 16 plugins.
Preloading 0 native plugins for Editor in 0.00 ms.
Unloading 5703 Unused Serialized files (Serialized files now loaded: 0)
Unloading 157 unused Assets / (1.2 MB). Loaded Objects now: 6308.
Memory consumption went from 226.2 MB to 225.0 MB.
Total: 7.507800 ms (FindLiveObjects: 0.644400 ms CreateObjectMapping: 0.643300 ms MarkObjects: 5.359100 ms  DeleteObjects: 0.858400 ms)

AssetImportParameters requested are different than current active one (requested -> active):
  custom:video-decoder-ogg-theora: a1e56fd34408186e4bbccfd4996cb3dc -> 
  custom:container-muxer-webm: aa71ff27fc2769a1b78a27578f13a17b -> 
  custom:container-demuxer-webm: 4f35f7cbe854078d1ac9338744f61a02 -> 
  custom:video-encoder-webm-vp8: eb34c28f22e8b96e1ab97ce403110664 -> 
  custom:video-codec-MediaFoundation-h265: 746d11721c4dcdbdad8f713fa42b33f4 -> 
  custom:audio-encoder-webm-vorbis: bf7c407c2cedff20999df2af8eb42d56 -> 
  custom:framework-win-MediaFoundation: 216162199b28c13a410421893ffa2e32 -> 
  custom:container-demuxer-ogg: 62fdf1f143b41e24485cea50d1cbac27 -> 
  custom:video-decoder-webm-vp8: 9c59270c3fd7afecdb556c50c9e8de78 -> 
  custom:audio-decoder-ogg-vorbis: bf7c407c2cedff20999df2af8eb42d56 -> 
========================================================================
Received Prepare
Registering precompiled user dll's ...
Registered in 0.007496 seconds.
Begin MonoManager ReloadAssembly
Symbol file LoadedFromMemory doesn't match image C:\Users\Gnob\test\Library\PackageCache\com.unity.visualscripting@1.7.8\Editor\VisualScripting.Core\Dependencies\DotNetZip\Unity.VisualScripting.IonicZip.dll
Symbol file LoadedFromMemory doesn't match image C:\Users\Gnob\test\Library\PackageCache\com.unity.visualscripting@1.7.8\Editor\VisualScripting.Core\Dependencies\YamlDotNet\Unity.VisualScripting.YamlDotNet.dll
Native extension for WindowsStandalone target not found
Refreshing native plugins compatible for Editor in 3.12 ms, found 16 plugins.
Preloading 0 native plugins for Editor in 0.00 ms.
Mono: successfully reloaded assembly
- Completed reload, in  1.335 seconds
Domain Reload Profiling:
	ReloadAssembly (1336ms)
		BeginReloadAssembly (123ms)
			ExecutionOrderSort (0ms)
			DisableScriptedObjects (6ms)
			BackupInstance (0ms)
			ReleaseScriptingObjects (0ms)
			CreateAndSetChildDomain (50ms)
		EndReloadAssembly (1134ms)
			LoadAssemblies (72ms)
			RebuildTransferFunctionScriptingTraits (0ms)
			SetupTypeCache (256ms)
			ReleaseScriptCaches (3ms)
			RebuildScriptCaches (100ms)
			SetupLoadedEditorAssemblies (566ms)
				LogAssemblyErrors (0ms)
				InitializePlatformSupportModulesInManaged (14ms)
				SetLoadedEditorAssemblies (1ms)
				RefreshPlugins (3ms)
				BeforeProcessingInitializeOnLoad (87ms)
				ProcessInitializeOnLoadAttributes (339ms)
				ProcessInitializeOnLoadMethodAttributes (118ms)
				AfterProcessingInitializeOnLoad (3ms)
				EditorAssembliesLoaded (0ms)
			ExecutionOrderSort2 (0ms)
			AwakeInstancesAfterBackupRestoration (18ms)
Platform modules already initialized, skipping
Refreshing native plugins compatible for Editor in 9.33 ms, found 16 plugins.
Preloading 0 native plugins for Editor in 0.00 ms.
Unloading 5704 Unused Serialized files (Serialized files now loaded: 0)
Unloading 153 unused Assets / (1.2 MB). Loaded Objects now: 6311.
Memory consumption went from 226.2 MB to 225.0 MB.
Total: 4.935100 ms (FindLiveObjects: 0.463200 ms CreateObjectMapping: 0.407900 ms MarkObjects: 3.464400 ms  DeleteObjects: 0.598700 ms)

AssetImportParameters requested are different than current active one (requested -> active):
  custom:video-decoder-ogg-theora: a1e56fd34408186e4bbccfd4996cb3dc -> 
  custom:container-muxer-webm: aa71ff27fc2769a1b78a27578f13a17b -> 
  custom:container-demuxer-webm: 4f35f7cbe854078d1ac9338744f61a02 -> 
  custom:video-encoder-webm-vp8: eb34c28f22e8b96e1ab97ce403110664 -> 
  custom:video-codec-MediaFoundation-h265: 746d11721c4dcdbdad8f713fa42b33f4 -> 
  custom:audio-encoder-webm-vorbis: bf7c407c2cedff20999df2af8eb42d56 -> 
  custom:framework-win-MediaFoundation: 216162199b28c13a410421893ffa2e32 -> 
  custom:container-demuxer-ogg: 62fdf1f143b41e24485cea50d1cbac27 -> 
  custom:video-decoder-webm-vp8: 9c59270c3fd7afecdb556c50c9e8de78 -> 
  custom:audio-decoder-ogg-vorbis: bf7c407c2cedff20999df2af8eb42d56 -> 
========================================================================
Received Prepare
Registering precompiled user dll's ...
Registered in 0.009199 seconds.
Begin MonoManager ReloadAssembly
Symbol file LoadedFromMemory doesn't match image C:\Users\Gnob\test\Library\PackageCache\com.unity.visualscripting@1.7.8\Editor\VisualScripting.Core\Dependencies\DotNetZip\Unity.VisualScripting.IonicZip.dll
Symbol file LoadedFromMemory doesn't match image C:\Users\Gnob\test\Library\PackageCache\com.unity.visualscripting@1.7.8\Editor\VisualScripting.Core\Dependencies\YamlDotNet\Unity.VisualScripting.YamlDotNet.dll
Native extension for WindowsStandalone target not found
Refreshing native plugins compatible for Editor in 2.53 ms, found 16 plugins.
Preloading 0 native plugins for Editor in 0.00 ms.
Mono: successfully reloaded assembly
- Completed reload, in  1.253 seconds
Domain Reload Profiling:
	ReloadAssembly (1254ms)
		BeginReloadAssembly (125ms)
			ExecutionOrderSort (0ms)
			DisableScriptedObjects (6ms)
			BackupInstance (0ms)
			ReleaseScriptingObjects (0ms)
			CreateAndSetChildDomain (51ms)
		EndReloadAssembly (1050ms)
			LoadAssemblies (70ms)
			RebuildTransferFunctionScriptingTraits (0ms)
			SetupTypeCache (230ms)
			ReleaseScriptCaches (2ms)
			RebuildScriptCaches (69ms)
			SetupLoadedEditorAssemblies (564ms)
				LogAssemblyErrors (0ms)
				InitializePlatformSupportModulesInManaged (14ms)
				SetLoadedEditorAssemblies (1ms)
				RefreshPlugins (3ms)
				BeforeProcessingInitializeOnLoad (110ms)
				ProcessInitializeOnLoadAttributes (330ms)
				ProcessInitializeOnLoadMethodAttributes (103ms)
				AfterProcessingInitializeOnLoad (4ms)
				EditorAssembliesLoaded (0ms)
			ExecutionOrderSort2 (0ms)
			AwakeInstancesAfterBackupRestoration (14ms)
Platform modules already initialized, skipping
Refreshing native plugins compatible for Editor in 12.45 ms, found 16 plugins.
Preloading 0 native plugins for Editor in 0.00 ms.
Unloading 5704 Unused Serialized files (Serialized files now loaded: 0)
Unloading 153 unused Assets / (1.2 MB). Loaded Objects now: 6314.
Memory consumption went from 226.2 MB to 225.0 MB.
Total: 9.877300 ms (FindLiveObjects: 1.119400 ms CreateObjectMapping: 0.666100 ms MarkObjects: 6.602600 ms  DeleteObjects: 1.486000 ms)

AssetImportParameters requested are different than current active one (requested -> active):
  custom:video-decoder-ogg-theora: a1e56fd34408186e4bbccfd4996cb3dc -> 
  custom:container-muxer-webm: aa71ff27fc2769a1b78a27578f13a17b -> 
  custom:container-demuxer-webm: 4f35f7cbe854078d1ac9338744f61a02 -> 
  custom:video-encoder-webm-vp8: eb34c28f22e8b96e1ab97ce403110664 -> 
  custom:video-codec-MediaFoundation-h265: 746d11721c4dcdbdad8f713fa42b33f4 -> 
  custom:audio-encoder-webm-vorbis: bf7c407c2cedff20999df2af8eb42d56 -> 
  custom:framework-win-MediaFoundation: 216162199b28c13a410421893ffa2e32 -> 
  custom:container-demuxer-ogg: 62fdf1f143b41e24485cea50d1cbac27 -> 
  custom:video-decoder-webm-vp8: 9c59270c3fd7afecdb556c50c9e8de78 -> 
  custom:audio-decoder-ogg-vorbis: bf7c407c2cedff20999df2af8eb42d56 -> 
========================================================================
Received Import Request.
  Time since last request: 191.877797 seconds.
  path: Assets/Pixel_planets/Showcase/sprites/sprStar2/layers/7872268c-c1d9-400d-9464-3975bd1e9723/db0b5121-fa85-488e-b3a1-c57d5e519adc.png
  artifactKey: Guid(2bedfd4c16e647649b879b646e032df9) Importer(815301076,1909f56bfc062723c751e8b465ee728b)
Start importing Assets/Pixel_planets/Showcase/sprites/sprStar2/layers/7872268c-c1d9-400d-9464-3975bd1e9723/db0b5121-fa85-488e-b3a1-c57d5e519adc.png using Guid(2bedfd4c16e647649b879b646e032df9) Importer(815301076,1909f56bfc062723c751e8b465ee728b)  -> (artifact id: 'e6f5b03697a7660626c64aaa20b67314') in 0.061618 seconds 
========================================================================
Received Import Request.
  Time since last request: 5.583522 seconds.
  path: Assets/Pixel_planets/Showcase/sprites/sprComet/layers/0edc3ee5-ee68-46b5-a99e-ad967c16739e/85684fe5-56d5-44a6-b098-87c13a46c178.png
  artifactKey: Guid(3009fa8789ae64d4da4fb7067942dae3) Importer(815301076,1909f56bfc062723c751e8b465ee728b)
Start importing Assets/Pixel_planets/Showcase/sprites/sprComet/layers/0edc3ee5-ee68-46b5-a99e-ad967c16739e/85684fe5-56d5-44a6-b098-87c13a46c178.png using Guid(3009fa8789ae64d4da4fb7067942dae3) Importer(815301076,1909f56bfc062723c751e8b465ee728b)  -> (artifact id: 'eac6c16570d6a35e3254bcd0a4498c49') in 0.036318 seconds 
========================================================================
Received Import Request.
  Time since last request: 0.000056 seconds.
  path: Assets/Pixel_planets/Showcase/sprites/sprStar2/7872268c-c1d9-400d-9464-3975bd1e9723.png
  artifactKey: Guid(c050930de7900ff40bb237dc3ea79d66) Importer(815301076,1909f56bfc062723c751e8b465ee728b)
Start importing Assets/Pixel_planets/Showcase/sprites/sprStar2/7872268c-c1d9-400d-9464-3975bd1e9723.png using Guid(c050930de7900ff40bb237dc3ea79d66) Importer(815301076,1909f56bfc062723c751e8b465ee728b)  -> (artifact id: 'ecb49bf50a9ac6224c6876d116b582f8') in 0.019381 seconds 
========================================================================
Received Import Request.
  Time since last request: 0.000030 seconds.
  path: Assets/Pixel_planets/Showcase/sprites/sprComet/832bc9e3-65ad-4a55-ad84-a7c52478638c.png
  artifactKey: Guid(4aec6d690c7f0054da33a1fad1170239) Importer(815301076,1909f56bfc062723c751e8b465ee728b)
Start importing Assets/Pixel_planets/Showcase/sprites/sprComet/832bc9e3-65ad-4a55-ad84-a7c52478638c.png using Guid(4aec6d690c7f0054da33a1fad1170239) Importer(815301076,1909f56bfc062723c751e8b465ee728b)  -> (artifact id: 'f537e5d0dcdb27d78161361b0cdacc39') in 0.022372 seconds 
========================================================================
Received Import Request.
  Time since last request: 0.000026 seconds.
  path: Assets/Pixel_planets/Showcase/sprites/sprPlanet/layers/402c08ed-f570-4f63-b00e-ee8706b99e24/58d6ffb0-393a-4f49-855b-b55e004e21f1.png
  artifactKey: Guid(35c1597c0bbc66042aeb0ac1098f81a9) Importer(815301076,1909f56bfc062723c751e8b465ee728b)
Start importing Assets/Pixel_planets/Showcase/sprites/sprPlanet/layers/402c08ed-f570-4f63-b00e-ee8706b99e24/58d6ffb0-393a-4f49-855b-b55e004e21f1.png using Guid(35c1597c0bbc66042aeb0ac1098f81a9) Importer(815301076,1909f56bfc062723c751e8b465ee728b)  -> (artifact id: 'e68d5c1bedb50f1ca71b94074f56a281') in 0.018112 seconds 
========================================================================
Received Import Request.
  Time since last request: 0.000054 seconds.
  path: Assets/Pixel_planets/Showcase/sprites/sprPlanet/layers/d6aeb40f-1d21-4de5-8d33-d454e9c304ba/58d6ffb0-393a-4f49-855b-b55e004e21f1.png
  artifactKey: Guid(7937c87236930084dae9aeeb006d156a) Importer(815301076,1909f56bfc062723c751e8b465ee728b)
Start importing Assets/Pixel_planets/Showcase/sprites/sprPlanet/layers/d6aeb40f-1d21-4de5-8d33-d454e9c304ba/58d6ffb0-393a-4f49-855b-b55e004e21f1.png using Guid(7937c87236930084dae9aeeb006d156a) Importer(815301076,1909f56bfc062723c751e8b465ee728b)  -> (artifact id: '90facbf4be246d0eeb2f9bc9e712a10c') in 0.018009 seconds 
========================================================================
Received Import Request.
  Time since last request: 0.000026 seconds.
  path: Assets/Pixel_planets/Showcase/sprites/sprPlanet/layers/0bcba2d1-7c33-45f5-842d-b9c08c5fb98e/58d6ffb0-393a-4f49-855b-b55e004e21f1.png
  artifactKey: Guid(6721646bab7b5914db197e139cc7b16d) Importer(815301076,1909f56bfc062723c751e8b465ee728b)
Start importing Assets/Pixel_planets/Showcase/sprites/sprPlanet/layers/0bcba2d1-7c33-45f5-842d-b9c08c5fb98e/58d6ffb0-393a-4f49-855b-b55e004e21f1.png using Guid(6721646bab7b5914db197e139cc7b16d) Importer(815301076,1909f56bfc062723c751e8b465ee728b)  -> (artifact id: 'f51c262b53861adc72a1c384ef007b36') in 0.015062 seconds 
========================================================================
Received Import Request.
  Time since last request: 0.000028 seconds.
  path: Assets/Pixel_planets/Showcase/sprites/sprMoon/layers/d189cd2e-ff0f-4cb7-a330-e8552b1025dd/554f4959-f029-4304-a89b-6161919f7e00.png
  artifactKey: Guid(dd439a66f5a8bb945a68083a9fa49219) Importer(815301076,1909f56bfc062723c751e8b465ee728b)
Start importing Assets/Pixel_planets/Showcase/sprites/sprMoon/layers/d189cd2e-ff0f-4cb7-a330-e8552b1025dd/554f4959-f029-4304-a89b-6161919f7e00.png using Guid(dd439a66f5a8bb945a68083a9fa49219) Importer(815301076,1909f56bfc062723c751e8b465ee728b)  -> (artifact id: '76f764d9d22d45d4ebdc0789466b73ad') in 0.015181 seconds 
========================================================================
Received Import Request.
  Time since last request: 0.000025 seconds.
  path: Assets/Pixel_planets/Showcase/sprites/sprStar1/891eba39-bfd6-47ff-b769-27c4cb382df0.png
  artifactKey: Guid(1650bba9ebb3a824bbce031443b7827d) Importer(815301076,1909f56bfc062723c751e8b465ee728b)
Start importing Assets/Pixel_planets/Showcase/sprites/sprStar1/891eba39-bfd6-47ff-b769-27c4cb382df0.png using Guid(1650bba9ebb3a824bbce031443b7827d) Importer(815301076,1909f56bfc062723c751e8b465ee728b)  -> (artifact id: '1cfeddb92f3220e880b7cbe82b29752a') in 0.018525 seconds 
========================================================================
Received Import Request.
  Time since last request: 0.000024 seconds.
  path: Assets/Pixel_planets/Showcase/sprites/sprComet/layers/3ca120b0-521b-4a25-9697-f38424cdb5dc/85684fe5-56d5-44a6-b098-87c13a46c178.png
  artifactKey: Guid(7d05b80ac6bfca14fbc0da91f2efb6cd) Importer(815301076,1909f56bfc062723c751e8b465ee728b)
Start importing Assets/Pixel_planets/Showcase/sprites/sprComet/layers/3ca120b0-521b-4a25-9697-f38424cdb5dc/85684fe5-56d5-44a6-b098-87c13a46c178.png using Guid(7d05b80ac6bfca14fbc0da91f2efb6cd) Importer(815301076,1909f56bfc062723c751e8b465ee728b)  -> (artifact id: 'beecefd5e4e9340962468b10cef8754a') in 0.015603 seconds 
========================================================================
Received Import Request.
  Time since last request: 0.000024 seconds.
  path: Assets/Pixel_planets/Showcase/sprites/sprComet/486587d0-1ae7-4423-accd-8e04937311b7.png
  artifactKey: Guid(52793a81a77e4784f881570f95211240) Importer(815301076,1909f56bfc062723c751e8b465ee728b)
Start importing Assets/Pixel_planets/Showcase/sprites/sprComet/486587d0-1ae7-4423-accd-8e04937311b7.png using Guid(52793a81a77e4784f881570f95211240) Importer(815301076,1909f56bfc062723c751e8b465ee728b)  -> (artifact id: '5e400bfc74be43556bf6c2b0c5755933') in 0.022604 seconds 
========================================================================
Received Import Request.
  Time since last request: 0.000024 seconds.
  path: Assets/Pixel_planets/Showcase/sprites/sprMoon/layers/aed4b7b1-4cd3-4582-a126-80d8b53af82c/554f4959-f029-4304-a89b-6161919f7e00.png
  artifactKey: Guid(26ca0a861370c68459d7262f46adb6d7) Importer(815301076,1909f56bfc062723c751e8b465ee728b)
Start importing Assets/Pixel_planets/Showcase/sprites/sprMoon/layers/aed4b7b1-4cd3-4582-a126-80d8b53af82c/554f4959-f029-4304-a89b-6161919f7e00.png using Guid(26ca0a861370c68459d7262f46adb6d7) Importer(815301076,1909f56bfc062723c751e8b465ee728b)  -> (artifact id: 'ed3309fde79bcd526f179f6096cd07fc') in 0.019237 seconds 
========================================================================
Received Import Request.
  Time since last request: 0.000047 seconds.
  path: Assets/Pixel_planets/Showcase/sprites/sprPlanet/layers/d5be3f24-6931-4ab4-835c-889b6f817ee8/58d6ffb0-393a-4f49-855b-b55e004e21f1.png
  artifactKey: Guid(f1972c853e60a80499919714cce14731) Importer(815301076,1909f56bfc062723c751e8b465ee728b)
Start importing Assets/Pixel_planets/Showcase/sprites/sprPlanet/layers/d5be3f24-6931-4ab4-835c-889b6f817ee8/58d6ffb0-393a-4f49-855b-b55e004e21f1.png using Guid(f1972c853e60a80499919714cce14731) Importer(815301076,1909f56bfc062723c751e8b465ee728b)  -> (artifact id: '2108ec7ed851fd41278a2fb3086bae24') in 0.014118 seconds 
========================================================================
Received Import Request.
  Time since last request: 0.309483 seconds.
  path: Assets/Pixel_planets/Showcase/sprites/sprMoon/layers/ea9afffe-78c3-491e-b551-69cfc0c8a556/554f4959-f029-4304-a89b-6161919f7e00.png
  artifactKey: Guid(1e73b2752d5755e4ea05117f3faf067b) Importer(815301076,1909f56bfc062723c751e8b465ee728b)
Start importing Assets/Pixel_planets/Showcase/sprites/sprMoon/layers/ea9afffe-78c3-491e-b551-69cfc0c8a556/554f4959-f029-4304-a89b-6161919f7e00.png using Guid(1e73b2752d5755e4ea05117f3faf067b) Importer(815301076,1909f56bfc062723c751e8b465ee728b)  -> (artifact id: 'c4e0a8f758b90847396e3a9fc7bdb514') in 0.015624 seconds 
========================================================================
Received Import Request.
  Time since last request: 0.000057 seconds.
  path: Assets/Pixel_planets/Showcase/sprites/sprMoon/layers/8d506bdf-abc0-4f77-a91c-a8535dbbd97e/554f4959-f029-4304-a89b-6161919f7e00.png
  artifactKey: Guid(9920ce508b574724ba48113639fb611c) Importer(815301076,1909f56bfc062723c751e8b465ee728b)
Start importing Assets/Pixel_planets/Showcase/sprites/sprMoon/layers/8d506bdf-abc0-4f77-a91c-a8535dbbd97e/554f4959-f029-4304-a89b-6161919f7e00.png using Guid(9920ce508b574724ba48113639fb611c) Importer(815301076,1909f56bfc062723c751e8b465ee728b)  -> (artifact id: 'fac7e8af636793e970f1807de1fd559a') in 0.020793 seconds 
========================================================================
Received Import Request.
  Time since last request: 47.652195 seconds.
  path: Assets/Pixel_planets/Showcase/sprites/sprMoon/a110950e-4a98-492a-bbf8-b7568d4311dd.png
  artifactKey: Guid(7e7d4760a9dacfb40be1c1d8429eebd4) Importer(815301076,1909f56bfc062723c751e8b465ee728b)
Start importing Assets/Pixel_planets/Showcase/sprites/sprMoon/a110950e-4a98-492a-bbf8-b7568d4311dd.png using Guid(7e7d4760a9dacfb40be1c1d8429eebd4) Importer(815301076,1909f56bfc062723c751e8b465ee728b)  -> (artifact id: 'eabdf9d6b9ad891fa0644caa38873253') in 0.017044 seconds 
========================================================================
Received Import Request.
  Time since last request: 0.263033 seconds.
  path: Assets/Pixel_planets/Showcase/sprites/sprComet/layers/832bc9e3-65ad-4a55-ad84-a7c52478638c/85684fe5-56d5-44a6-b098-87c13a46c178.png
  artifactKey: Guid(0f26b56c31ad6c344bfb0f9fe8dd071a) Importer(815301076,1909f56bfc062723c751e8b465ee728b)
Start importing Assets/Pixel_planets/Showcase/sprites/sprComet/layers/832bc9e3-65ad-4a55-ad84-a7c52478638c/85684fe5-56d5-44a6-b098-87c13a46c178.png using Guid(0f26b56c31ad6c344bfb0f9fe8dd071a) Importer(815301076,1909f56bfc062723c751e8b465ee728b)  -> (artifact id: '279bf2f10be1b453233715ee0ffe4371') in 0.018226 seconds 
========================================================================
Received Import Request.
  Time since last request: 0.000031 seconds.
  path: Assets/Pixel_planets/Showcase/sprites/sprStar1/11550d7c-ed37-4e7f-a6e0-a8f8029661e2.png
  artifactKey: Guid(2a90f930d99839f44ab1a5b085563e62) Importer(815301076,1909f56bfc062723c751e8b465ee728b)
Start importing Assets/Pixel_planets/Showcase/sprites/sprStar1/11550d7c-ed37-4e7f-a6e0-a8f8029661e2.png using Guid(2a90f930d99839f44ab1a5b085563e62) Importer(815301076,1909f56bfc062723c751e8b465ee728b)  -> (artifact id: '784f716bf0c79de24020c298927fcc3c') in 0.023589 seconds 
========================================================================
Received Import Request.
  Time since last request: 0.000054 seconds.
  path: Assets/Pixel_planets/Showcase/sprites/sprComet/69942a9b-a714-43aa-b975-958fc09f46fb.png
  artifactKey: Guid(b01d6a7b2191b7d49aaf16acc48893bc) Importer(815301076,1909f56bfc062723c751e8b465ee728b)
Start importing Assets/Pixel_planets/Showcase/sprites/sprComet/69942a9b-a714-43aa-b975-958fc09f46fb.png using Guid(b01d6a7b2191b7d49aaf16acc48893bc) Importer(815301076,1909f56bfc062723c751e8b465ee728b)  -> (artifact id: '52874b7b0153bae02fa259d7a15cbf77') in 0.021494 seconds 
========================================================================
Received Import Request.
  Time since last request: 0.000051 seconds.
  path: Assets/Pixel_planets/Showcase/sprites/sprComet/layers/d3778393-7400-4db6-bb9f-402e7b530ace/85684fe5-56d5-44a6-b098-87c13a46c178.png
  artifactKey: Guid(65911eeb1285e074bb1276925342bac7) Importer(815301076,1909f56bfc062723c751e8b465ee728b)
Start importing Assets/Pixel_planets/Showcase/sprites/sprComet/layers/d3778393-7400-4db6-bb9f-402e7b530ace/85684fe5-56d5-44a6-b098-87c13a46c178.png using Guid(65911eeb1285e074bb1276925342bac7) Importer(815301076,1909f56bfc062723c751e8b465ee728b)  -> (artifact id: 'a7e646f98a6e5481bc0d311de7fc1731') in 0.014502 seconds 
========================================================================
Received Import Request.
  Time since last request: 1.076126 seconds.
  path: Assets/Pixel_planets/Showcase/sprites/sprPlanet/layers/2233a6b2-799e-45f0-8605-b9bd00e3b065/58d6ffb0-393a-4f49-855b-b55e004e21f1.png
  artifactKey: Guid(6915418060afac545ba753e90b8f1f47) Importer(815301076,1909f56bfc062723c751e8b465ee728b)
Start importing Assets/Pixel_planets/Showcase/sprites/sprPlanet/layers/2233a6b2-799e-45f0-8605-b9bd00e3b065/58d6ffb0-393a-4f49-855b-b55e004e21f1.png using Guid(6915418060afac545ba753e90b8f1f47) Importer(815301076,1909f56bfc062723c751e8b465ee728b)  -> (artifact id: '38d8f4e056898ff59da851f01756067a') in 0.017945 seconds 
========================================================================
Received Import Request.
  Time since last request: 0.000027 seconds.
  path: Assets/Pixel_planets/Showcase/sprites/sprPlanet/layers/24db7f8b-a948-4bd0-a212-d2454797df32/58d6ffb0-393a-4f49-855b-b55e004e21f1.png
  artifactKey: Guid(ae9d6257f0b20614895fe4c81e00adff) Importer(815301076,1909f56bfc062723c751e8b465ee728b)
Start importing Assets/Pixel_planets/Showcase/sprites/sprPlanet/layers/24db7f8b-a948-4bd0-a212-d2454797df32/58d6ffb0-393a-4f49-855b-b55e004e21f1.png using Guid(ae9d6257f0b20614895fe4c81e00adff) Importer(815301076,1909f56bfc062723c751e8b465ee728b)  -> (artifact id: '80690749f906dfbaa64430a42efd9c8d') in 0.018844 seconds 
========================================================================
Received Import Request.
  Time since last request: 0.000033 seconds.
  path: Assets/Pixel_planets/Showcase/sprites/sprPlanet/layers/5f5617a6-69b6-4c88-b89e-d1651e368845/58d6ffb0-393a-4f49-855b-b55e004e21f1.png
  artifactKey: Guid(0e1b58abcc05620479776b0beb8d0ba9) Importer(815301076,1909f56bfc062723c751e8b465ee728b)
Start importing Assets/Pixel_planets/Showcase/sprites/sprPlanet/layers/5f5617a6-69b6-4c88-b89e-d1651e368845/58d6ffb0-393a-4f49-855b-b55e004e21f1.png using Guid(0e1b58abcc05620479776b0beb8d0ba9) Importer(815301076,1909f56bfc062723c751e8b465ee728b)  -> (artifact id: 'ea1faf860c5cb33576272eceb10fd65c') in 0.018535 seconds 
========================================================================
Received Import Request.
  Time since last request: 0.591264 seconds.
  path: Assets/Pixel_planets/Showcase/sprites/sprStar2/8cf4b711-ae76-4086-bc80-7e1130c3c644.png
  artifactKey: Guid(52329e336009b364c983526dc4e43d78) Importer(815301076,1909f56bfc062723c751e8b465ee728b)
Start importing Assets/Pixel_planets/Showcase/sprites/sprStar2/8cf4b711-ae76-4086-bc80-7e1130c3c644.png using Guid(52329e336009b364c983526dc4e43d78) Importer(815301076,1909f56bfc062723c751e8b465ee728b)  -> (artifact id: '63329e5830700b12da6540052a3bf104') in 0.015919 seconds 
========================================================================
Received Import Request.
  Time since last request: 0.288878 seconds.
  path: Assets/Pixel_planets/Showcase/sprites/sprMoon/5f55783b-1d8d-442b-8e78-ce5b6fb656b4.png
  artifactKey: Guid(19781460bcecf974eaf2a42f7755306a) Importer(815301076,1909f56bfc062723c751e8b465ee728b)
Start importing Assets/Pixel_planets/Showcase/sprites/sprMoon/5f55783b-1d8d-442b-8e78-ce5b6fb656b4.png using Guid(19781460bcecf974eaf2a42f7755306a) Importer(815301076,1909f56bfc062723c751e8b465ee728b)  -> (artifact id: '7d2a0b80b0ada3162da3d18dcef3bb3c') in 0.027442 seconds 
========================================================================
Received Import Request.
  Time since last request: 0.039142 seconds.
  path: Assets/Pixel_planets/Showcase/sprites/sprStar1/4a4f7454-e7f1-41ff-b3ea-16242e9fc5f2.png
  artifactKey: Guid(da3c76bf00df34e4f8601844c42b7e5a) Importer(815301076,1909f56bfc062723c751e8b465ee728b)
Start importing Assets/Pixel_planets/Showcase/sprites/sprStar1/4a4f7454-e7f1-41ff-b3ea-16242e9fc5f2.png using Guid(da3c76bf00df34e4f8601844c42b7e5a) Importer(815301076,1909f56bfc062723c751e8b465ee728b)  -> (artifact id: '9c91517a99b511a82c5a460d575354bf') in 0.021493 seconds 
========================================================================
Received Import Request.
  Time since last request: 143.951166 seconds.
  path: Packages/com.unity.2d.animation/Editor/Assets/SkinningModule/Icons/Light/Copy@2x.png
  artifactKey: Guid(2e0cf451cb3d56742aad87ea75993209) Importer(815301076,1909f56bfc062723c751e8b465ee728b)
Start importing Packages/com.unity.2d.animation/Editor/Assets/SkinningModule/Icons/Light/Copy@2x.png using Guid(2e0cf451cb3d56742aad87ea75993209) Importer(815301076,1909f56bfc062723c751e8b465ee728b)  -> (artifact id: '13dbccd92df606d92c17535978810bd2') in 0.050309 seconds 
========================================================================
Received Import Request.
  Time since last request: 0.017544 seconds.
  path: Packages/com.unity.2d.animation/Editor/Assets/SkinningModule/Icons/Selected/Copy@3x.png
  artifactKey: Guid(bb51334c6930f864abac38001f7bdf6e) Importer(815301076,1909f56bfc062723c751e8b465ee728b)
Start importing Packages/com.unity.2d.animation/Editor/Assets/SkinningModule/Icons/Selected/Copy@3x.png using Guid(bb51334c6930f864abac38001f7bdf6e) Importer(815301076,1909f56bfc062723c751e8b465ee728b)  -> (artifact id: 'c7eb2449d98153759fc96d71f6f81da3') in 0.043050 seconds 
========================================================================
Received Import Request.
  Time since last request: 0.256114 seconds.
  path: Packages/com.unity.2d.animation/Editor/Assets/SkinningModule/Icons/Selected/Copy@4x.png
  artifactKey: Guid(b6a96c7c65795c94abf54a62adbf5c38) Importer(815301076,1909f56bfc062723c751e8b465ee728b)
Start importing Packages/com.unity.2d.animation/Editor/Assets/SkinningModule/Icons/Selected/Copy@4x.png using Guid(b6a96c7c65795c94abf54a62adbf5c38) Importer(815301076,1909f56bfc062723c751e8b465ee728b)  -> (artifact id: '33b1842522fbec9c724174ea2d83c715') in 0.023811 seconds 
========================================================================
Received Import Request.
  Time since last request: 0.000024 seconds.
  path: Packages/com.unity.2d.animation/Editor/Assets/SkinningModule/Icons/Light/Create Bones.png
  artifactKey: Guid(0e5ae7fe3a07e88429a3e90897c6ab82) Importer(815301076,1909f56bfc062723c751e8b465ee728b)
Start importing Packages/com.unity.2d.animation/Editor/Assets/SkinningModule/Icons/Light/Create Bones.png using Guid(0e5ae7fe3a07e88429a3e90897c6ab82) Importer(815301076,1909f56bfc062723c751e8b465ee728b)  -> (artifact id: '7f6558f76f2d19bb001007a04f30b5a7') in 0.046226 seconds 
========================================================================
Received Import Request.
  Time since last request: 0.208937 seconds.
  path: Packages/com.unity.2d.animation/Editor/Assets/SkinningModule/Icons/Light/Create Bones@2x.png
  artifactKey: Guid(03976b6af3289c0409a55e2c4eab4087) Importer(815301076,1909f56bfc062723c751e8b465ee728b)
Start importing Packages/com.unity.2d.animation/Editor/Assets/SkinningModule/Icons/Light/Create Bones@2x.png using Guid(03976b6af3289c0409a55e2c4eab4087) Importer(815301076,1909f56bfc062723c751e8b465ee728b)  -> (artifact id: '4afb688d055287bc1bd7d2986232133b') in 0.029358 seconds 
========================================================================
Received Import Request.
  Time since last request: 0.000020 seconds.
  path: Packages/com.unity.2d.animation/Editor/Assets/SkinningModule/Icons/Light/Create Bones@3x.png
  artifactKey: Guid(803b0b9bfc1fd824aae8423bfbab83b4) Importer(815301076,1909f56bfc062723c751e8b465ee728b)
Start importing Packages/com.unity.2d.animation/Editor/Assets/SkinningModule/Icons/Light/Create Bones@3x.png using Guid(803b0b9bfc1fd824aae8423bfbab83b4) Importer(815301076,1909f56bfc062723c751e8b465ee728b)  -> (artifact id: '87b160cdeba9ea1693a98e0d0bc4d9d3') in 0.023702 seconds 
========================================================================
Received Import Request.
  Time since last request: 0.000021 seconds.
  path: Packages/com.unity.2d.animation/Editor/Assets/SkinningModule/Icons/Selected/Create Bones@4x.png
  artifactKey: Guid(61ac40b257b3a994f841856ad38b2b6b) Importer(815301076,1909f56bfc062723c751e8b465ee728b)
Start importing Packages/com.unity.2d.animation/Editor/Assets/SkinningModule/Icons/Selected/Create Bones@4x.png using Guid(61ac40b257b3a994f841856ad38b2b6b) Importer(815301076,1909f56bfc062723c751e8b465ee728b)  -> (artifact id: '0ffa4c184b4b268a183e7189d8702e68') in 0.022431 seconds 
========================================================================
Received Import Request.
  Time since last request: 0.195019 seconds.
  path: Packages/com.unity.2d.animation/Editor/Assets/SkinningModule/Icons/Light/Create_Edge.png
  artifactKey: Guid(1af9d2e44ecf3a2468601c9071df581f) Importer(815301076,1909f56bfc062723c751e8b465ee728b)
Start importing Packages/com.unity.2d.animation/Editor/Assets/SkinningModule/Icons/Light/Create_Edge.png using Guid(1af9d2e44ecf3a2468601c9071df581f) Importer(815301076,1909f56bfc062723c751e8b465ee728b)  -> (artifact id: 'fdd0018e2d74377eaf8b76ee4d3f81ee') in 0.038705 seconds 
========================================================================
Received Import Request.
  Time since last request: 0.000025 seconds.
  path: Packages/com.unity.2d.animation/Editor/Assets/SkinningModule/Icons/Selected/Create_Edge@2x.png
  artifactKey: Guid(e5da66fa63839274dbffb877e43e888b) Importer(815301076,1909f56bfc062723c751e8b465ee728b)
Start importing Packages/com.unity.2d.animation/Editor/Assets/SkinningModule/Icons/Selected/Create_Edge@2x.png using Guid(e5da66fa63839274dbffb877e43e888b) Importer(815301076,1909f56bfc062723c751e8b465ee728b)  -> (artifact id: '416439ac5e2d5f48100a5e23d4796801') in 0.027545 seconds 
========================================================================
Received Import Request.
  Time since last request: 0.202940 seconds.
  path: Packages/com.unity.2d.animation/Editor/Assets/SkinningModule/Icons/Light/Create_Edge@3x.png
  artifactKey: Guid(0da63bf69e254aa4a83c345c3de497c8) Importer(815301076,1909f56bfc062723c751e8b465ee728b)
Start importing Packages/com.unity.2d.animation/Editor/Assets/SkinningModule/Icons/Light/Create_Edge@3x.png using Guid(0da63bf69e254aa4a83c345c3de497c8) Importer(815301076,1909f56bfc062723c751e8b465ee728b)  -> (artifact id: 'f337dc4e94eb5773c5ff7e68d2a9d11b') in 0.044556 seconds 
========================================================================
Received Import Request.
  Time since last request: 0.000055 seconds.
  path: Packages/com.unity.2d.animation/Editor/Assets/SkinningModule/Icons/Light/Create_Edge@4x.png
  artifactKey: Guid(1f21190ca9d1e8540b2a3a2e46002685) Importer(815301076,1909f56bfc062723c751e8b465ee728b)
Start importing Packages/com.unity.2d.animation/Editor/Assets/SkinningModule/Icons/Light/Create_Edge@4x.png using Guid(1f21190ca9d1e8540b2a3a2e46002685) Importer(815301076,1909f56bfc062723c751e8b465ee728b)  -> (artifact id: '01c6a259c4f83a20396ae954205cb524') in 0.026121 seconds 
========================================================================
Received Import Request.
  Time since last request: 0.000032 seconds.
  path: Packages/com.unity.2d.animation/Editor/Assets/SkinningModule/Icons/Light/Create_Vertex@2x.png
  artifactKey: Guid(a0c33b3a6e0728343b29883d739f1322) Importer(815301076,1909f56bfc062723c751e8b465ee728b)
Start importing Packages/com.unity.2d.animation/Editor/Assets/SkinningModule/Icons/Light/Create_Vertex@2x.png using Guid(a0c33b3a6e0728343b29883d739f1322) Importer(815301076,1909f56bfc062723c751e8b465ee728b)  -> (artifact id: '399d4e7d79e799bd1d591d9140ebcfc9') in 0.028099 seconds 
========================================================================
Received Import Request.
  Time since last request: 0.000025 seconds.
  path: Packages/com.unity.2d.animation/Editor/Assets/SkinningModule/Icons/Selected/Create_Edge@4x.png
  artifactKey: Guid(3458c119c69e9bc4f9647599c2901dee) Importer(815301076,1909f56bfc062723c751e8b465ee728b)
Start importing Packages/com.unity.2d.animation/Editor/Assets/SkinningModule/Icons/Selected/Create_Edge@4x.png using Guid(3458c119c69e9bc4f9647599c2901dee) Importer(815301076,1909f56bfc062723c751e8b465ee728b)  -> (artifact id: '4b6533e962162708c43248cea5027aef') in 0.024312 seconds 
========================================================================
Received Import Request.
  Time since last request: 0.132588 seconds.
  path: Packages/com.unity.2d.animation/Editor/Assets/SkinningModule/Icons/Selected/Create_Vertex@3x.png
  artifactKey: Guid(47fe565904dc6b1419e9acc62b99812e) Importer(815301076,1909f56bfc062723c751e8b465ee728b)
Start importing Packages/com.unity.2d.animation/Editor/Assets/SkinningModule/Icons/Selected/Create_Vertex@3x.png using Guid(47fe565904dc6b1419e9acc62b99812e) Importer(815301076,1909f56bfc062723c751e8b465ee728b)  -> (artifact id: '86e65301c939c618266b0865710c76ec') in 0.023121 seconds 
========================================================================
Received Import Request.
  Time since last request: 0.000049 seconds.
  path: Packages/com.unity.2d.animation/Editor/Assets/SkinningModule/Icons/Light/Create_Vertex@4x.png
  artifactKey: Guid(e6a6624ab013b8e44beddfa2668afb65) Importer(815301076,1909f56bfc062723c751e8b465ee728b)
Start importing Packages/com.unity.2d.animation/Editor/Assets/SkinningModule/Icons/Light/Create_Vertex@4x.png using Guid(e6a6624ab013b8e44beddfa2668afb65) Importer(815301076,1909f56bfc062723c751e8b465ee728b)  -> (artifact id: '21874c9c75089fa0cde14ef460c26efd') in 0.028727 seconds 
Editor requested this worker to shutdown with reason: Scaling down because of idle timeout
AssetImportWorker is now disconnected from the server
Process exiting
Exiting without the bug reporter. Application will terminate with return code 0