Using pre-set license
Built from '2021.3/staging' branch; Version is '2021.3.11f1 (0a5ca18544bf) revision 679073'; Using compiler version '192829333'; Build Type 'Release'
OS: 'Windows 11  (10.0.22621) 64bit Professional' Language: 'ko' Physical Memory: 15773 MB
BatchMode: 1, IsHumanControllingUs: 0, StartBugReporterOnCrash: 0, Is64bit: 1, IsPro: 1

COMMAND LINE ARGUMENTS:
C:\Program Files\Unity\Hub\Editor\2021.3.11f1\Editor\Unity.exe
-adb2
-batchMode
-noUpm
-name
AssetImportWorker1
-projectPath
C:/Users/Gnob/test
-logFile
Logs/AssetImportWorker1.log
-srvPort
4246
Successfully changed project path to: C:/Users/Gnob/test
C:/Users/Gnob/test
[UnityMemory] Configuration Parameters - Can be set up in boot.config
    "memorysetup-bucket-allocator-granularity=16"
    "memorysetup-bucket-allocator-bucket-count=8"
    "memorysetup-bucket-allocator-block-size=33554432"
    "memorysetup-bucket-allocator-block-count=8"
    "memorysetup-main-allocator-block-size=16777216"
    "memorysetup-thread-allocator-block-size=16777216"
    "memorysetup-gfx-main-allocator-block-size=16777216"
    "memorysetup-gfx-thread-allocator-block-size=16777216"
    "memorysetup-cache-allocator-block-size=4194304"
    "memorysetup-typetree-allocator-block-size=2097152"
    "memorysetup-profiler-bucket-allocator-granularity=16"
    "memorysetup-profiler-bucket-allocator-bucket-count=8"
    "memorysetup-profiler-bucket-allocator-block-size=33554432"
    "memorysetup-profiler-bucket-allocator-block-count=8"
    "memorysetup-profiler-allocator-block-size=16777216"
    "memorysetup-profiler-editor-allocator-block-size=1048576"
    "memorysetup-temp-allocator-size-main=16777216"
    "memorysetup-job-temp-allocator-block-size=2097152"
    "memorysetup-job-temp-allocator-block-size-background=1048576"
    "memorysetup-job-temp-allocator-reduction-small-platforms=262144"
    "memorysetup-temp-allocator-size-background-worker=32768"
    "memorysetup-temp-allocator-size-job-worker=262144"
    "memorysetup-temp-allocator-size-preload-manager=33554432"
    "memorysetup-temp-allocator-size-nav-mesh-worker=65536"
    "memorysetup-temp-allocator-size-audio-worker=65536"
    "memorysetup-temp-allocator-size-cloud-worker=32768"
    "memorysetup-temp-allocator-size-gi-baking-worker=262144"
    "memorysetup-temp-allocator-size-gfx=262144"
Refreshing native plugins compatible for Editor in 184.26 ms, found 16 plugins.
Preloading 0 native plugins for Editor in 0.00 ms.
Initialize engine version: 2021.3.11f1 (0a5ca18544bf)
[Subsystems] Discovering subsystems at path C:/Program Files/Unity/Hub/Editor/2021.3.11f1/Editor/Data/Resources/UnitySubsystems
[Subsystems] Discovering subsystems at path C:/Users/Gnob/test/Assets
GfxDevice: creating device client; threaded=0; jobified=0
Direct3D:
    Version:  Direct3D 11.0 [level 11.1]
    Renderer: AMD Radeon (TM) Graphics (ID=0x15e7)
    Vendor:   ATI
    VRAM:     7886 MB
    Driver:   31.0.12019.15004
Initialize mono
Mono path[0] = 'C:/Program Files/Unity/Hub/Editor/2021.3.11f1/Editor/Data/Managed'
Mono path[1] = 'C:/Program Files/Unity/Hub/Editor/2021.3.11f1/Editor/Data/MonoBleedingEdge/lib/mono/unityjit-win32'
Mono config path = 'C:/Program Files/Unity/Hub/Editor/2021.3.11f1/Editor/Data/MonoBleedingEdge/etc'
Using monoOptions --debugger-agent=transport=dt_socket,embedding=1,server=y,suspend=n,address=127.0.0.1:56344
Begin MonoManager ReloadAssembly
Registering precompiled unity dll's ...
Register platform support module: C:/Program Files/Unity/Hub/Editor/2021.3.11f1/Editor/Data/PlaybackEngines/WindowsStandaloneSupport/UnityEditor.WindowsStandalone.Extensions.dll
Registered in 0.002943 seconds.
Native extension for WindowsStandalone target not found
Refreshing native plugins compatible for Editor in 113.74 ms, found 16 plugins.
Preloading 0 native plugins for Editor in 0.00 ms.
Mono: successfully reloaded assembly
- Completed reload, in  0.708 seconds
Domain Reload Profiling:
	ReloadAssembly (708ms)
		BeginReloadAssembly (92ms)
			ExecutionOrderSort (0ms)
			DisableScriptedObjects (0ms)
			BackupInstance (0ms)
			ReleaseScriptingObjects (0ms)
			CreateAndSetChildDomain (1ms)
		EndReloadAssembly (492ms)
			LoadAssemblies (90ms)
			RebuildTransferFunctionScriptingTraits (0ms)
			SetupTypeCache (142ms)
			ReleaseScriptCaches (0ms)
			RebuildScriptCaches (27ms)
			SetupLoadedEditorAssemblies (264ms)
				LogAssemblyErrors (0ms)
				InitializePlatformSupportModulesInManaged (6ms)
				SetLoadedEditorAssemblies (0ms)
				RefreshPlugins (114ms)
				BeforeProcessingInitializeOnLoad (1ms)
				ProcessInitializeOnLoadAttributes (104ms)
				ProcessInitializeOnLoadMethodAttributes (39ms)
				AfterProcessingInitializeOnLoad (0ms)
				EditorAssembliesLoaded (0ms)
			ExecutionOrderSort2 (0ms)
			AwakeInstancesAfterBackupRestoration (0ms)
Platform modules already initialized, skipping
Registering precompiled user dll's ...
Registered in 0.008438 seconds.
Begin MonoManager ReloadAssembly
Symbol file LoadedFromMemory doesn't match image C:\Users\Gnob\test\Library\PackageCache\com.unity.visualscripting@1.7.8\Editor\VisualScripting.Core\Dependencies\DotNetZip\Unity.VisualScripting.IonicZip.dll
Symbol file LoadedFromMemory doesn't match image C:\Users\Gnob\test\Library\PackageCache\com.unity.visualscripting@1.7.8\Editor\VisualScripting.Core\Dependencies\YamlDotNet\Unity.VisualScripting.YamlDotNet.dll
Native extension for WindowsStandalone target not found
Refreshing native plugins compatible for Editor in 113.83 ms, found 16 plugins.
Preloading 0 native plugins for Editor in 0.00 ms.
Mono: successfully reloaded assembly
- Completed reload, in  1.255 seconds
Domain Reload Profiling:
	ReloadAssembly (1256ms)
		BeginReloadAssembly (92ms)
			ExecutionOrderSort (0ms)
			DisableScriptedObjects (5ms)
			BackupInstance (0ms)
			ReleaseScriptingObjects (0ms)
			CreateAndSetChildDomain (21ms)
		EndReloadAssembly (1074ms)
			LoadAssemblies (77ms)
			RebuildTransferFunctionScriptingTraits (0ms)
			SetupTypeCache (290ms)
			ReleaseScriptCaches (1ms)
			RebuildScriptCaches (60ms)
			SetupLoadedEditorAssemblies (599ms)
				LogAssemblyErrors (0ms)
				InitializePlatformSupportModulesInManaged (4ms)
				SetLoadedEditorAssemblies (0ms)
				RefreshPlugins (114ms)
				BeforeProcessingInitializeOnLoad (103ms)
				ProcessInitializeOnLoadAttributes (287ms)
				ProcessInitializeOnLoadMethodAttributes (89ms)
				AfterProcessingInitializeOnLoad (2ms)
				EditorAssembliesLoaded (0ms)
			ExecutionOrderSort2 (0ms)
			AwakeInstancesAfterBackupRestoration (5ms)
Platform modules already initialized, skipping
========================================================================
Worker process is ready to serve import requests
Launched and connected shader compiler UnityShaderCompiler.exe after 0.04 seconds
Refreshing native plugins compatible for Editor in 1.82 ms, found 16 plugins.
Preloading 0 native plugins for Editor in 0.00 ms.
Unloading 5830 Unused Serialized files (Serialized files now loaded: 0)
Unloading 166 unused Assets / (1.2 MB). Loaded Objects now: 6195.
Memory consumption went from 225.9 MB to 224.6 MB.
Total: 5.131600 ms (FindLiveObjects: 0.518300 ms CreateObjectMapping: 0.538800 ms MarkObjects: 3.491000 ms  DeleteObjects: 0.581000 ms)

AssetImportParameters requested are different than current active one (requested -> active):
  custom:video-decoder-ogg-theora: a1e56fd34408186e4bbccfd4996cb3dc -> 
  custom:container-muxer-webm: aa71ff27fc2769a1b78a27578f13a17b -> 
  custom:container-demuxer-webm: 4f35f7cbe854078d1ac9338744f61a02 -> 
  custom:video-encoder-webm-vp8: eb34c28f22e8b96e1ab97ce403110664 -> 
  custom:video-codec-MediaFoundation-h265: 746d11721c4dcdbdad8f713fa42b33f4 -> 
  custom:audio-encoder-webm-vorbis: bf7c407c2cedff20999df2af8eb42d56 -> 
  custom:framework-win-MediaFoundation: 216162199b28c13a410421893ffa2e32 -> 
  custom:container-demuxer-ogg: 62fdf1f143b41e24485cea50d1cbac27 -> 
  custom:video-decoder-webm-vp8: 9c59270c3fd7afecdb556c50c9e8de78 -> 
  custom:audio-decoder-ogg-vorbis: bf7c407c2cedff20999df2af8eb42d56 -> 
========================================================================
Received Import Request.
  Time since last request: 91537.334462 seconds.
  path: Assets/Prefabs/b_star.prefab
  artifactKey: Guid(8e724265cff96f64eb8deec9d680cc54) Importer(815301076,1909f56bfc062723c751e8b465ee728b)
Start importing Assets/Prefabs/b_star.prefab using Guid(8e724265cff96f64eb8deec9d680cc54) Importer(815301076,1909f56bfc062723c751e8b465ee728b)  -> (artifact id: '27f4ebc416fe785236f623aee8c20c5c') in 0.224274 seconds 
========================================================================
Received Prepare
Registering precompiled user dll's ...
Registered in 0.007860 seconds.
Begin MonoManager ReloadAssembly
Symbol file LoadedFromMemory doesn't match image C:\Users\Gnob\test\Library\PackageCache\com.unity.visualscripting@1.7.8\Editor\VisualScripting.Core\Dependencies\DotNetZip\Unity.VisualScripting.IonicZip.dll
Symbol file LoadedFromMemory doesn't match image C:\Users\Gnob\test\Library\PackageCache\com.unity.visualscripting@1.7.8\Editor\VisualScripting.Core\Dependencies\YamlDotNet\Unity.VisualScripting.YamlDotNet.dll
Native extension for WindowsStandalone target not found
Refreshing native plugins compatible for Editor in 2.93 ms, found 16 plugins.
Preloading 0 native plugins for Editor in 0.00 ms.
System.IO.IOException: Sharing violation on path C:\Users\Gnob\test\ProjectSettings\GvhProjectSettings.xml
  at System.IO.FileStream..ctor (System.String path, System.IO.FileMode mode, System.IO.FileAccess access, System.IO.FileShare share, System.Int32 bufferSize, System.Boolean anonymous, System.IO.FileOptions options) [0x0019e] in <9aad1b3a47484d63ba2b3985692d80e9>:0 
  at System.IO.FileStream..ctor (System.String path, System.IO.FileMode mode, System.IO.FileAccess access, System.IO.FileShare share, System.Int32 bufferSize, System.IO.FileOptions options) [0x00000] in <9aad1b3a47484d63ba2b3985692d80e9>:0 
  at (wrapper remoting-invoke-with-check) System.IO.FileStream..ctor(string,System.IO.FileMode,System.IO.FileAccess,System.IO.FileShare,int,System.IO.FileOptions)
  at System.IO.StreamReader..ctor (System.String path, System.Text.Encoding encoding, System.Boolean detectEncodingFromByteOrderMarks, System.Int32 bufferSize) [0x00055] in <9aad1b3a47484d63ba2b3985692d80e9>:0 
  at System.IO.StreamReader..ctor (System.String path, System.Boolean detectEncodingFromByteOrderMarks) [0x00007] in <9aad1b3a47484d63ba2b3985692d80e9>:0 
  at System.IO.StreamReader..ctor (System.String path) [0x00000] in <9aad1b3a47484d63ba2b3985692d80e9>:0 
  at (wrapper remoting-invoke-with-check) System.IO.StreamReader..ctor(string)
  at Google.XmlUtilities.ParseXmlTextFileElements (System.String filename, Google.Logger logger, Google.XmlUtilities+ParseElement parseElement) [0x0000f] in <f84891da46494f42b06c4c4875aa2f96>:0 
  at Google.ProjectSettings.Load () [0x0001c] in <f84891da46494f42b06c4c4875aa2f96>:0 
  at Google.ProjectSettings.LoadIfEmpty () [0x0001b] in <f84891da46494f42b06c4c4875aa2f96>:0 
  at Google.ProjectSettings.GetBool (System.String name, System.Boolean defaultValue, Google.SettingsLocation location) [0x0002b] in <f84891da46494f42b06c4c4875aa2f96>:0 
  at Google.ProjectSettings.GetBool (System.String name, System.Boolean defaultValue) [0x00009] in <f84891da46494f42b06c4c4875aa2f96>:0 
  at Google.IOSResolver.get_VerboseLoggingEnabled () [0x00000] in <b113f6e72eee4ddcaefc3eaeb5b314f2>:0 
  at Google.IOSResolver..cctor () [0x001ec] in <b113f6e72eee4ddcaefc3eaeb5b314f2>:0 
UnityEngine.StackTraceUtility:ExtractStackTrace ()
UnityEngine.DebugLogHandler:LogFormat (UnityEngine.LogType,UnityEngine.Object,string,object[])
UnityEngine.Logger:Log (UnityEngine.LogType,object)
UnityEngine.Debug:LogError (object)
UnityEditor.EditorAssemblies:ProcessInitializeOnLoadAttributes (System.Type[])

Mono: successfully reloaded assembly
- Completed reload, in  1.448 seconds
Domain Reload Profiling:
	ReloadAssembly (1448ms)
		BeginReloadAssembly (134ms)
			ExecutionOrderSort (0ms)
			DisableScriptedObjects (8ms)
			BackupInstance (0ms)
			ReleaseScriptingObjects (0ms)
			CreateAndSetChildDomain (53ms)
		EndReloadAssembly (1229ms)
			LoadAssemblies (74ms)
			RebuildTransferFunctionScriptingTraits (0ms)
			SetupTypeCache (354ms)
			ReleaseScriptCaches (4ms)
			RebuildScriptCaches (84ms)
			SetupLoadedEditorAssemblies (584ms)
				LogAssemblyErrors (0ms)
				InitializePlatformSupportModulesInManaged (11ms)
				SetLoadedEditorAssemblies (0ms)
				RefreshPlugins (3ms)
				BeforeProcessingInitializeOnLoad (121ms)
				ProcessInitializeOnLoadAttributes (340ms)
				ProcessInitializeOnLoadMethodAttributes (106ms)
				AfterProcessingInitializeOnLoad (3ms)
				EditorAssembliesLoaded (0ms)
			ExecutionOrderSort2 (0ms)
			AwakeInstancesAfterBackupRestoration (15ms)
Platform modules already initialized, skipping
Refreshing native plugins compatible for Editor in 11.58 ms, found 16 plugins.
Preloading 0 native plugins for Editor in 0.00 ms.
Unloading 5703 Unused Serialized files (Serialized files now loaded: 0)
Unloading 157 unused Assets / (1.2 MB). Loaded Objects now: 6250.
Memory consumption went from 226.1 MB to 224.9 MB.
Total: 8.920800 ms (FindLiveObjects: 0.954200 ms CreateObjectMapping: 0.304000 ms MarkObjects: 5.977900 ms  DeleteObjects: 1.682000 ms)

AssetImportParameters requested are different than current active one (requested -> active):
  custom:video-decoder-ogg-theora: a1e56fd34408186e4bbccfd4996cb3dc -> 
  custom:container-muxer-webm: aa71ff27fc2769a1b78a27578f13a17b -> 
  custom:container-demuxer-webm: 4f35f7cbe854078d1ac9338744f61a02 -> 
  custom:video-encoder-webm-vp8: eb34c28f22e8b96e1ab97ce403110664 -> 
  custom:video-codec-MediaFoundation-h265: 746d11721c4dcdbdad8f713fa42b33f4 -> 
  custom:audio-encoder-webm-vorbis: bf7c407c2cedff20999df2af8eb42d56 -> 
  custom:framework-win-MediaFoundation: 216162199b28c13a410421893ffa2e32 -> 
  custom:container-demuxer-ogg: 62fdf1f143b41e24485cea50d1cbac27 -> 
  custom:video-decoder-webm-vp8: 9c59270c3fd7afecdb556c50c9e8de78 -> 
  custom:audio-decoder-ogg-vorbis: bf7c407c2cedff20999df2af8eb42d56 -> 
========================================================================
Received Import Request.
  Time since last request: 545.466697 seconds.
  path: Assets/Pixel_planets/Showcase/sprites/sprLayer1/88b9e389-4a29-4601-97df-58c40b18d003.png
  artifactKey: Guid(6413718f22065e24f98c1b20b9a9af4b) Importer(815301076,1909f56bfc062723c751e8b465ee728b)
Start importing Assets/Pixel_planets/Showcase/sprites/sprLayer1/88b9e389-4a29-4601-97df-58c40b18d003.png using Guid(6413718f22065e24f98c1b20b9a9af4b) Importer(815301076,1909f56bfc062723c751e8b465ee728b)  -> (artifact id: '373178da5458937c6c923e1a503804f9') in 0.209611 seconds 
========================================================================
Received Import Request.
  Time since last request: 0.000032 seconds.
  path: Assets/Pixel_planets/Showcase/sprites/sprPlanet/layers/2c3cffa0-6fde-4a7a-bea6-334823561e45/58d6ffb0-393a-4f49-855b-b55e004e21f1.png
  artifactKey: Guid(bdab89fc1fcbd7c49ad45071a5104fcb) Importer(815301076,1909f56bfc062723c751e8b465ee728b)
Start importing Assets/Pixel_planets/Showcase/sprites/sprPlanet/layers/2c3cffa0-6fde-4a7a-bea6-334823561e45/58d6ffb0-393a-4f49-855b-b55e004e21f1.png using Guid(bdab89fc1fcbd7c49ad45071a5104fcb) Importer(815301076,1909f56bfc062723c751e8b465ee728b)  -> (artifact id: 'edef9f275efe3a19ff48dc3f6286dec7') in 0.018312 seconds 
========================================================================
Received Import Request.
  Time since last request: 0.000057 seconds.
  path: Assets/Pixel_planets/Showcase/sprites/sprComet/0edc3ee5-ee68-46b5-a99e-ad967c16739e.png
  artifactKey: Guid(c633ba272bba4fe488ac253fce24fe53) Importer(815301076,1909f56bfc062723c751e8b465ee728b)
Start importing Assets/Pixel_planets/Showcase/sprites/sprComet/0edc3ee5-ee68-46b5-a99e-ad967c16739e.png using Guid(c633ba272bba4fe488ac253fce24fe53) Importer(815301076,1909f56bfc062723c751e8b465ee728b)  -> (artifact id: 'bebc20445ee590fabf90d49f4049df74') in 0.023337 seconds 
========================================================================
Received Import Request.
  Time since last request: 0.000028 seconds.
  path: Assets/Pixel_planets/Showcase/sprites/sprMoon/96cf67c4-61b9-479a-9f2f-348592c95b72.png
  artifactKey: Guid(aab85163411ec78419fdce3d91a2e3cc) Importer(815301076,1909f56bfc062723c751e8b465ee728b)
Start importing Assets/Pixel_planets/Showcase/sprites/sprMoon/96cf67c4-61b9-479a-9f2f-348592c95b72.png using Guid(aab85163411ec78419fdce3d91a2e3cc) Importer(815301076,1909f56bfc062723c751e8b465ee728b)  -> (artifact id: 'd903083c17e3438094605964dc3b64d4') in 0.021131 seconds 
========================================================================
Received Import Request.
  Time since last request: 0.000048 seconds.
  path: Assets/Pixel_planets/Showcase/sprites/sprPlanet/layers/4f763952-5d3b-4c11-bf4d-9667cd73ea9c/58d6ffb0-393a-4f49-855b-b55e004e21f1.png
  artifactKey: Guid(0de998cb871d5144896be334f959a795) Importer(815301076,1909f56bfc062723c751e8b465ee728b)
Start importing Assets/Pixel_planets/Showcase/sprites/sprPlanet/layers/4f763952-5d3b-4c11-bf4d-9667cd73ea9c/58d6ffb0-393a-4f49-855b-b55e004e21f1.png using Guid(0de998cb871d5144896be334f959a795) Importer(815301076,1909f56bfc062723c751e8b465ee728b)  -> (artifact id: 'ffc849b90ff50354c438561700db0724') in 0.013104 seconds 
========================================================================
Received Import Request.
  Time since last request: 0.000028 seconds.
  path: Assets/Pixel_planets/Showcase/sprites/sprPlanet/layers/1a4b282e-ae4b-4268-a0a1-f61b7d4ac4ca/58d6ffb0-393a-4f49-855b-b55e004e21f1.png
  artifactKey: Guid(cd662542e60b8f84bb5a84b97fb7e73b) Importer(815301076,1909f56bfc062723c751e8b465ee728b)
Start importing Assets/Pixel_planets/Showcase/sprites/sprPlanet/layers/1a4b282e-ae4b-4268-a0a1-f61b7d4ac4ca/58d6ffb0-393a-4f49-855b-b55e004e21f1.png using Guid(cd662542e60b8f84bb5a84b97fb7e73b) Importer(815301076,1909f56bfc062723c751e8b465ee728b)  -> (artifact id: '0ffa26406d14bf754bf67841bbddf27c') in 0.017209 seconds 
========================================================================
Received Import Request.
  Time since last request: 5.055961 seconds.
  path: Assets/Pixel_planets/Showcase/sprites/sprComet/3ca120b0-521b-4a25-9697-f38424cdb5dc.png
  artifactKey: Guid(fe4cdc59b8709fc47b74878842e9771a) Importer(815301076,1909f56bfc062723c751e8b465ee728b)
Start importing Assets/Pixel_planets/Showcase/sprites/sprComet/3ca120b0-521b-4a25-9697-f38424cdb5dc.png using Guid(fe4cdc59b8709fc47b74878842e9771a) Importer(815301076,1909f56bfc062723c751e8b465ee728b)  -> (artifact id: '7be96c1df075f0d29d30d8c25ae572cb') in 0.022832 seconds 
========================================================================
Received Import Request.
  Time since last request: 0.260027 seconds.
  path: Assets/Pixel_planets/Showcase/sprites/sprPlanet/layers/47d638e9-4ad7-49db-b335-065c101fa310/58d6ffb0-393a-4f49-855b-b55e004e21f1.png
  artifactKey: Guid(a51125632b368624aa618557df451d45) Importer(815301076,1909f56bfc062723c751e8b465ee728b)
Start importing Assets/Pixel_planets/Showcase/sprites/sprPlanet/layers/47d638e9-4ad7-49db-b335-065c101fa310/58d6ffb0-393a-4f49-855b-b55e004e21f1.png using Guid(a51125632b368624aa618557df451d45) Importer(815301076,1909f56bfc062723c751e8b465ee728b)  -> (artifact id: 'ae29eb5979e2c4ca45bdfd0928210cb4') in 0.014148 seconds 
========================================================================
Received Import Request.
  Time since last request: 0.000044 seconds.
  path: Assets/Pixel_planets/Showcase/sprites/sprPlanet/layers/cc0715b2-655d-4214-96ec-adab3ac606bc/58d6ffb0-393a-4f49-855b-b55e004e21f1.png
  artifactKey: Guid(4f5c2911d6aec43468de9efcea911e62) Importer(815301076,1909f56bfc062723c751e8b465ee728b)
Start importing Assets/Pixel_planets/Showcase/sprites/sprPlanet/layers/cc0715b2-655d-4214-96ec-adab3ac606bc/58d6ffb0-393a-4f49-855b-b55e004e21f1.png using Guid(4f5c2911d6aec43468de9efcea911e62) Importer(815301076,1909f56bfc062723c751e8b465ee728b)  -> (artifact id: '6e0e5cf019fc909ce5187d941136e410') in 0.023428 seconds 
========================================================================
Received Import Request.
  Time since last request: 0.000029 seconds.
  path: Assets/Pixel_planets/Showcase/sprites/sprPlanet/layers/465a4eee-b0b9-496e-80ac-c17ef5a4a4b5/58d6ffb0-393a-4f49-855b-b55e004e21f1.png
  artifactKey: Guid(e7ea3154c344580419574204f6bd4a49) Importer(815301076,1909f56bfc062723c751e8b465ee728b)
Start importing Assets/Pixel_planets/Showcase/sprites/sprPlanet/layers/465a4eee-b0b9-496e-80ac-c17ef5a4a4b5/58d6ffb0-393a-4f49-855b-b55e004e21f1.png using Guid(e7ea3154c344580419574204f6bd4a49) Importer(815301076,1909f56bfc062723c751e8b465ee728b)  -> (artifact id: 'eaaaf67b55b47fb62fcd69d55420af93') in 0.019528 seconds 
========================================================================
Received Import Request.
  Time since last request: 0.000032 seconds.
  path: Assets/Pixel_planets/Showcase/sprites/sprPlanet/layers/fbab2389-6543-4476-a6bf-eb02d53ba343/58d6ffb0-393a-4f49-855b-b55e004e21f1.png
  artifactKey: Guid(c61c500d8f368fe448c6652ad1b33d41) Importer(815301076,1909f56bfc062723c751e8b465ee728b)
Start importing Assets/Pixel_planets/Showcase/sprites/sprPlanet/layers/fbab2389-6543-4476-a6bf-eb02d53ba343/58d6ffb0-393a-4f49-855b-b55e004e21f1.png using Guid(c61c500d8f368fe448c6652ad1b33d41) Importer(815301076,1909f56bfc062723c751e8b465ee728b)  -> (artifact id: 'd9c34958209ba66ef26068949f25392a') in 0.019571 seconds 
========================================================================
Received Import Request.
  Time since last request: 0.000023 seconds.
  path: Assets/Pixel_planets/Showcase/sprites/sprPlanet/layers/606b05f1-337d-45ef-8a97-8423d900d004/58d6ffb0-393a-4f49-855b-b55e004e21f1.png
  artifactKey: Guid(0f9c7c67d3ecbed4f87bf617cdd7d509) Importer(815301076,1909f56bfc062723c751e8b465ee728b)
Start importing Assets/Pixel_planets/Showcase/sprites/sprPlanet/layers/606b05f1-337d-45ef-8a97-8423d900d004/58d6ffb0-393a-4f49-855b-b55e004e21f1.png using Guid(0f9c7c67d3ecbed4f87bf617cdd7d509) Importer(815301076,1909f56bfc062723c751e8b465ee728b)  -> (artifact id: '65427c3279876c65054c19a652acdb31') in 0.020359 seconds 
========================================================================
Received Import Request.
  Time since last request: 0.000027 seconds.
  path: Assets/Pixel_planets/Showcase/sprites/sprMoon/aed4b7b1-4cd3-4582-a126-80d8b53af82c.png
  artifactKey: Guid(5580eb6386449f9408576924c064038d) Importer(815301076,1909f56bfc062723c751e8b465ee728b)
Start importing Assets/Pixel_planets/Showcase/sprites/sprMoon/aed4b7b1-4cd3-4582-a126-80d8b53af82c.png using Guid(5580eb6386449f9408576924c064038d) Importer(815301076,1909f56bfc062723c751e8b465ee728b)  -> (artifact id: '56134a29e2caad47fca3ca012532e83e') in 0.025768 seconds 
========================================================================
Received Import Request.
  Time since last request: 0.000027 seconds.
  path: Assets/Pixel_planets/Showcase/sprites/sprPlanet/layers/222c0ced-ae9c-45d6-9741-8d322d6f01c0/58d6ffb0-393a-4f49-855b-b55e004e21f1.png
  artifactKey: Guid(e015c938575ab264782c721a20855649) Importer(815301076,1909f56bfc062723c751e8b465ee728b)
Start importing Assets/Pixel_planets/Showcase/sprites/sprPlanet/layers/222c0ced-ae9c-45d6-9741-8d322d6f01c0/58d6ffb0-393a-4f49-855b-b55e004e21f1.png using Guid(e015c938575ab264782c721a20855649) Importer(815301076,1909f56bfc062723c751e8b465ee728b)  -> (artifact id: '1f7ca27f88c81a4ea595109b2f9470d7') in 0.017342 seconds 
========================================================================
Received Import Request.
  Time since last request: 0.000032 seconds.
  path: Assets/Pixel_planets/Showcase/sprites/sprPlanet/layers/51b5bfb2-27df-4d2a-9e17-f7c15784100c/58d6ffb0-393a-4f49-855b-b55e004e21f1.png
  artifactKey: Guid(83a8edd098b03f8439fe3e02d9c283db) Importer(815301076,1909f56bfc062723c751e8b465ee728b)
Start importing Assets/Pixel_planets/Showcase/sprites/sprPlanet/layers/51b5bfb2-27df-4d2a-9e17-f7c15784100c/58d6ffb0-393a-4f49-855b-b55e004e21f1.png using Guid(83a8edd098b03f8439fe3e02d9c283db) Importer(815301076,1909f56bfc062723c751e8b465ee728b)  -> (artifact id: 'd36c7ee709edb25d8ec285c3748b5408') in 0.019475 seconds 
========================================================================
Received Import Request.
  Time since last request: 0.000032 seconds.
  path: Assets/Pixel_planets/Showcase/sprites/sprPlanet/layers/d02d3cd6-cb8e-4355-bba4-69e3aee80cea/58d6ffb0-393a-4f49-855b-b55e004e21f1.png
  artifactKey: Guid(8a449311d48c32e41ae94b070313cb8e) Importer(815301076,1909f56bfc062723c751e8b465ee728b)
Start importing Assets/Pixel_planets/Showcase/sprites/sprPlanet/layers/d02d3cd6-cb8e-4355-bba4-69e3aee80cea/58d6ffb0-393a-4f49-855b-b55e004e21f1.png using Guid(8a449311d48c32e41ae94b070313cb8e) Importer(815301076,1909f56bfc062723c751e8b465ee728b)  -> (artifact id: '57dee30033fc71db0a0558805a532de4') in 0.014441 seconds 
========================================================================
Received Import Request.
  Time since last request: 0.000031 seconds.
  path: Assets/Pixel_planets/Showcase/sprites/sprPlanet/layers/4810e71e-054f-4f39-bc34-83970da4b20e/58d6ffb0-393a-4f49-855b-b55e004e21f1.png
  artifactKey: Guid(4dce739f7ddeeaf4fb34ee1ab101fdfc) Importer(815301076,1909f56bfc062723c751e8b465ee728b)
Start importing Assets/Pixel_planets/Showcase/sprites/sprPlanet/layers/4810e71e-054f-4f39-bc34-83970da4b20e/58d6ffb0-393a-4f49-855b-b55e004e21f1.png using Guid(4dce739f7ddeeaf4fb34ee1ab101fdfc) Importer(815301076,1909f56bfc062723c751e8b465ee728b)  -> (artifact id: '74209ab2d6723b514d873e924e574043') in 0.015640 seconds 
========================================================================
Received Import Request.
  Time since last request: 0.000054 seconds.
  path: Assets/Pixel_planets/Showcase/sprites/sprPlanet/layers/930fe608-73ef-4782-9e68-07b401db4542/58d6ffb0-393a-4f49-855b-b55e004e21f1.png
  artifactKey: Guid(3e05e8233ba78b14eb53a1f97b56eab5) Importer(815301076,1909f56bfc062723c751e8b465ee728b)
Start importing Assets/Pixel_planets/Showcase/sprites/sprPlanet/layers/930fe608-73ef-4782-9e68-07b401db4542/58d6ffb0-393a-4f49-855b-b55e004e21f1.png using Guid(3e05e8233ba78b14eb53a1f97b56eab5) Importer(815301076,1909f56bfc062723c751e8b465ee728b)  -> (artifact id: '3ae2ca73696f8b5cfa0c5848e928a3c5') in 0.018158 seconds 
========================================================================
Received Import Request.
  Time since last request: 0.000030 seconds.
  path: Assets/Pixel_planets/Showcase/sprites/sprPlanet/layers/15027c1c-37e2-4728-a4d2-d91d6ee466e4/58d6ffb0-393a-4f49-855b-b55e004e21f1.png
  artifactKey: Guid(4b2ff4c80f9288e4e9b67d558540810b) Importer(815301076,1909f56bfc062723c751e8b465ee728b)
Start importing Assets/Pixel_planets/Showcase/sprites/sprPlanet/layers/15027c1c-37e2-4728-a4d2-d91d6ee466e4/58d6ffb0-393a-4f49-855b-b55e004e21f1.png using Guid(4b2ff4c80f9288e4e9b67d558540810b) Importer(815301076,1909f56bfc062723c751e8b465ee728b)  -> (artifact id: 'ecb60085f8800a24a174e0043b5165e3') in 0.014810 seconds 
========================================================================
Received Import Request.
  Time since last request: 0.275165 seconds.
  path: Assets/Pixel_planets/Showcase/sprites/sprStar2/layers/8cf4b711-ae76-4086-bc80-7e1130c3c644/db0b5121-fa85-488e-b3a1-c57d5e519adc.png
  artifactKey: Guid(b6c54efe0d6e1f044ab3156b7d0d98d2) Importer(815301076,1909f56bfc062723c751e8b465ee728b)
Start importing Assets/Pixel_planets/Showcase/sprites/sprStar2/layers/8cf4b711-ae76-4086-bc80-7e1130c3c644/db0b5121-fa85-488e-b3a1-c57d5e519adc.png using Guid(b6c54efe0d6e1f044ab3156b7d0d98d2) Importer(815301076,1909f56bfc062723c751e8b465ee728b)  -> (artifact id: '864664efe56fc1f65a7c7f0359c7950f') in 0.019221 seconds 
========================================================================
Received Import Request.
  Time since last request: 0.000027 seconds.
  path: Assets/Pixel_planets/Showcase/sprites/sprStar1/layers/891eba39-bfd6-47ff-b769-27c4cb382df0/ea37dcad-903a-4b6b-b86e-5484284472c5.png
  artifactKey: Guid(36201e4c200bcc14cbf9c76da5787370) Importer(815301076,1909f56bfc062723c751e8b465ee728b)
Start importing Assets/Pixel_planets/Showcase/sprites/sprStar1/layers/891eba39-bfd6-47ff-b769-27c4cb382df0/ea37dcad-903a-4b6b-b86e-5484284472c5.png using Guid(36201e4c200bcc14cbf9c76da5787370) Importer(815301076,1909f56bfc062723c751e8b465ee728b)  -> (artifact id: '67b5c708bbf43f73f4e9af75ca2f0a40') in 0.016007 seconds 
========================================================================
Received Import Request.
  Time since last request: 0.000027 seconds.
  path: Assets/Pixel_planets/Showcase/sprites/sprStar1/layers/83720bce-940b-4b19-b1b2-90388a559d64/ea37dcad-903a-4b6b-b86e-5484284472c5.png
  artifactKey: Guid(859b72802e7fa914d8e499ae8966390c) Importer(815301076,1909f56bfc062723c751e8b465ee728b)
Start importing Assets/Pixel_planets/Showcase/sprites/sprStar1/layers/83720bce-940b-4b19-b1b2-90388a559d64/ea37dcad-903a-4b6b-b86e-5484284472c5.png using Guid(859b72802e7fa914d8e499ae8966390c) Importer(815301076,1909f56bfc062723c751e8b465ee728b)  -> (artifact id: '0a83a482a66bed5249b03f9287c29c6c') in 0.022318 seconds 
========================================================================
Received Import Request.
  Time since last request: 0.000035 seconds.
  path: Assets/Pixel_planets/Showcase/sprites/sprStar2/layers/b9f16e77-2483-4c30-a70f-192f94146936/db0b5121-fa85-488e-b3a1-c57d5e519adc.png
  artifactKey: Guid(7acdef54d42efe24baa4c4ff10f893c2) Importer(815301076,1909f56bfc062723c751e8b465ee728b)
Start importing Assets/Pixel_planets/Showcase/sprites/sprStar2/layers/b9f16e77-2483-4c30-a70f-192f94146936/db0b5121-fa85-488e-b3a1-c57d5e519adc.png using Guid(7acdef54d42efe24baa4c4ff10f893c2) Importer(815301076,1909f56bfc062723c751e8b465ee728b)  -> (artifact id: 'fd3bb50146abda286e736e4cf9a5c335') in 0.017073 seconds 
========================================================================
Received Import Request.
  Time since last request: 0.000027 seconds.
  path: Assets/Pixel_planets/Showcase/sprites/sprStar1/dfc42e6a-2e01-4db9-8953-c62fa8c85333.png
  artifactKey: Guid(1d59d07eae6217f47a836ed6f74a4398) Importer(815301076,1909f56bfc062723c751e8b465ee728b)
Start importing Assets/Pixel_planets/Showcase/sprites/sprStar1/dfc42e6a-2e01-4db9-8953-c62fa8c85333.png using Guid(1d59d07eae6217f47a836ed6f74a4398) Importer(815301076,1909f56bfc062723c751e8b465ee728b)  -> (artifact id: '8662ea79c45a78c1f2204901b09895dd') in 0.019066 seconds 
========================================================================
Received Import Request.
  Time since last request: 0.000082 seconds.
  path: Assets/Pixel_planets/Showcase/sprites/sprStar2/layers/3f26a985-6738-4403-afbc-05f72743acf4/db0b5121-fa85-488e-b3a1-c57d5e519adc.png
  artifactKey: Guid(ce0f6078fea88d64293d00a14bfe7ecc) Importer(815301076,1909f56bfc062723c751e8b465ee728b)
Start importing Assets/Pixel_planets/Showcase/sprites/sprStar2/layers/3f26a985-6738-4403-afbc-05f72743acf4/db0b5121-fa85-488e-b3a1-c57d5e519adc.png using Guid(ce0f6078fea88d64293d00a14bfe7ecc) Importer(815301076,1909f56bfc062723c751e8b465ee728b)  -> (artifact id: 'bb0ac96267dc5288f740bb7c7ecd5a7d') in 0.017750 seconds 
Editor requested this worker to shutdown with reason: Scaling down because of idle timeout
AssetImportWorker is now disconnected from the server
Process exiting
Exiting without the bug reporter. Application will terminate with return code 0