Using pre-set license
Built from '2021.3/staging' branch; Version is '2021.3.11f1 (0a5ca18544bf) revision 679073'; Using compiler version '192829333'; Build Type 'Release'
OS: 'Windows 11  (10.0.22621) 64bit Professional' Language: 'ko' Physical Memory: 15773 MB
BatchMode: 1, IsHumanControllingUs: 0, StartBugReporterOnCrash: 0, Is64bit: 1, IsPro: 1

COMMAND LINE ARGUMENTS:
C:\Program Files\Unity\Hub\Editor\2021.3.11f1\Editor\Unity.exe
-adb2
-batchMode
-noUpm
-name
AssetImportWorker3
-projectPath
C:/Users/Gnob/test
-logFile
Logs/AssetImportWorker3.log
-srvPort
4246
Successfully changed project path to: C:/Users/Gnob/test
C:/Users/Gnob/test
[UnityMemory] Configuration Parameters - Can be set up in boot.config
    "memorysetup-bucket-allocator-granularity=16"
    "memorysetup-bucket-allocator-bucket-count=8"
    "memorysetup-bucket-allocator-block-size=33554432"
    "memorysetup-bucket-allocator-block-count=8"
    "memorysetup-main-allocator-block-size=16777216"
    "memorysetup-thread-allocator-block-size=16777216"
    "memorysetup-gfx-main-allocator-block-size=16777216"
    "memorysetup-gfx-thread-allocator-block-size=16777216"
    "memorysetup-cache-allocator-block-size=4194304"
    "memorysetup-typetree-allocator-block-size=2097152"
    "memorysetup-profiler-bucket-allocator-granularity=16"
    "memorysetup-profiler-bucket-allocator-bucket-count=8"
    "memorysetup-profiler-bucket-allocator-block-size=33554432"
    "memorysetup-profiler-bucket-allocator-block-count=8"
    "memorysetup-profiler-allocator-block-size=16777216"
    "memorysetup-profiler-editor-allocator-block-size=1048576"
    "memorysetup-temp-allocator-size-main=16777216"
    "memorysetup-job-temp-allocator-block-size=2097152"
    "memorysetup-job-temp-allocator-block-size-background=1048576"
    "memorysetup-job-temp-allocator-reduction-small-platforms=262144"
    "memorysetup-temp-allocator-size-background-worker=32768"
    "memorysetup-temp-allocator-size-job-worker=262144"
    "memorysetup-temp-allocator-size-preload-manager=33554432"
    "memorysetup-temp-allocator-size-nav-mesh-worker=65536"
    "memorysetup-temp-allocator-size-audio-worker=65536"
    "memorysetup-temp-allocator-size-cloud-worker=32768"
    "memorysetup-temp-allocator-size-gi-baking-worker=262144"
    "memorysetup-temp-allocator-size-gfx=262144"
Refreshing native plugins compatible for Editor in 174.37 ms, found 16 plugins.
Preloading 0 native plugins for Editor in 0.00 ms.
Initialize engine version: 2021.3.11f1 (0a5ca18544bf)
[Subsystems] Discovering subsystems at path C:/Program Files/Unity/Hub/Editor/2021.3.11f1/Editor/Data/Resources/UnitySubsystems
[Subsystems] Discovering subsystems at path C:/Users/Gnob/test/Assets
GfxDevice: creating device client; threaded=0; jobified=0
Direct3D:
    Version:  Direct3D 11.0 [level 11.1]
    Renderer: AMD Radeon (TM) Graphics (ID=0x15e7)
    Vendor:   ATI
    VRAM:     7886 MB
    Driver:   31.0.12019.15004
Initialize mono
Mono path[0] = 'C:/Program Files/Unity/Hub/Editor/2021.3.11f1/Editor/Data/Managed'
Mono path[1] = 'C:/Program Files/Unity/Hub/Editor/2021.3.11f1/Editor/Data/MonoBleedingEdge/lib/mono/unityjit-win32'
Mono config path = 'C:/Program Files/Unity/Hub/Editor/2021.3.11f1/Editor/Data/MonoBleedingEdge/etc'
Using monoOptions --debugger-agent=transport=dt_socket,embedding=1,server=y,suspend=n,address=127.0.0.1:56424
Begin MonoManager ReloadAssembly
Registering precompiled unity dll's ...
Register platform support module: C:/Program Files/Unity/Hub/Editor/2021.3.11f1/Editor/Data/PlaybackEngines/WindowsStandaloneSupport/UnityEditor.WindowsStandalone.Extensions.dll
Registered in 0.002531 seconds.
Native extension for WindowsStandalone target not found
Refreshing native plugins compatible for Editor in 117.33 ms, found 16 plugins.
Preloading 0 native plugins for Editor in 0.00 ms.
Mono: successfully reloaded assembly
- Completed reload, in  0.625 seconds
Domain Reload Profiling:
	ReloadAssembly (625ms)
		BeginReloadAssembly (64ms)
			ExecutionOrderSort (0ms)
			DisableScriptedObjects (0ms)
			BackupInstance (0ms)
			ReleaseScriptingObjects (0ms)
			CreateAndSetChildDomain (1ms)
		EndReloadAssembly (467ms)
			LoadAssemblies (64ms)
			RebuildTransferFunctionScriptingTraits (0ms)
			SetupTypeCache (118ms)
			ReleaseScriptCaches (0ms)
			RebuildScriptCaches (23ms)
			SetupLoadedEditorAssemblies (275ms)
				LogAssemblyErrors (0ms)
				InitializePlatformSupportModulesInManaged (7ms)
				SetLoadedEditorAssemblies (0ms)
				RefreshPlugins (117ms)
				BeforeProcessingInitializeOnLoad (1ms)
				ProcessInitializeOnLoadAttributes (109ms)
				ProcessInitializeOnLoadMethodAttributes (40ms)
				AfterProcessingInitializeOnLoad (0ms)
				EditorAssembliesLoaded (0ms)
			ExecutionOrderSort2 (0ms)
			AwakeInstancesAfterBackupRestoration (0ms)
Platform modules already initialized, skipping
Registering precompiled user dll's ...
Registered in 0.008129 seconds.
Begin MonoManager ReloadAssembly
Symbol file LoadedFromMemory doesn't match image C:\Users\Gnob\test\Library\PackageCache\com.unity.visualscripting@1.7.8\Editor\VisualScripting.Core\Dependencies\DotNetZip\Unity.VisualScripting.IonicZip.dll
Symbol file LoadedFromMemory doesn't match image C:\Users\Gnob\test\Library\PackageCache\com.unity.visualscripting@1.7.8\Editor\VisualScripting.Core\Dependencies\YamlDotNet\Unity.VisualScripting.YamlDotNet.dll
Native extension for WindowsStandalone target not found
Refreshing native plugins compatible for Editor in 119.28 ms, found 16 plugins.
Preloading 0 native plugins for Editor in 0.00 ms.
Mono: successfully reloaded assembly
- Completed reload, in  1.192 seconds
Domain Reload Profiling:
	ReloadAssembly (1193ms)
		BeginReloadAssembly (90ms)
			ExecutionOrderSort (0ms)
			DisableScriptedObjects (5ms)
			BackupInstance (0ms)
			ReleaseScriptingObjects (0ms)
			CreateAndSetChildDomain (18ms)
		EndReloadAssembly (1014ms)
			LoadAssemblies (85ms)
			RebuildTransferFunctionScriptingTraits (0ms)
			SetupTypeCache (243ms)
			ReleaseScriptCaches (1ms)
			RebuildScriptCaches (58ms)
			SetupLoadedEditorAssemblies (586ms)
				LogAssemblyErrors (0ms)
				InitializePlatformSupportModulesInManaged (3ms)
				SetLoadedEditorAssemblies (0ms)
				RefreshPlugins (119ms)
				BeforeProcessingInitializeOnLoad (102ms)
				ProcessInitializeOnLoadAttributes (275ms)
				ProcessInitializeOnLoadMethodAttributes (84ms)
				AfterProcessingInitializeOnLoad (2ms)
				EditorAssembliesLoaded (0ms)
			ExecutionOrderSort2 (0ms)
			AwakeInstancesAfterBackupRestoration (5ms)
Platform modules already initialized, skipping
========================================================================
Worker process is ready to serve import requests
Launched and connected shader compiler UnityShaderCompiler.exe after 0.03 seconds
Refreshing native plugins compatible for Editor in 1.82 ms, found 16 plugins.
Preloading 0 native plugins for Editor in 0.00 ms.
Unloading 5830 Unused Serialized files (Serialized files now loaded: 0)
Unloading 166 unused Assets / (1.2 MB). Loaded Objects now: 6195.
Memory consumption went from 225.8 MB to 224.6 MB.
Total: 5.138400 ms (FindLiveObjects: 0.550700 ms CreateObjectMapping: 0.508200 ms MarkObjects: 3.507500 ms  DeleteObjects: 0.570000 ms)

AssetImportParameters requested are different than current active one (requested -> active):
  custom:video-decoder-ogg-theora: a1e56fd34408186e4bbccfd4996cb3dc -> 
  custom:container-muxer-webm: aa71ff27fc2769a1b78a27578f13a17b -> 
  custom:container-demuxer-webm: 4f35f7cbe854078d1ac9338744f61a02 -> 
  custom:video-encoder-webm-vp8: eb34c28f22e8b96e1ab97ce403110664 -> 
  custom:video-codec-MediaFoundation-h265: 746d11721c4dcdbdad8f713fa42b33f4 -> 
  custom:audio-encoder-webm-vorbis: bf7c407c2cedff20999df2af8eb42d56 -> 
  custom:framework-win-MediaFoundation: 216162199b28c13a410421893ffa2e32 -> 
  custom:container-demuxer-ogg: 62fdf1f143b41e24485cea50d1cbac27 -> 
  custom:video-decoder-webm-vp8: 9c59270c3fd7afecdb556c50c9e8de78 -> 
  custom:audio-decoder-ogg-vorbis: bf7c407c2cedff20999df2af8eb42d56 -> 
========================================================================
Received Import Request.
  Time since last request: 92338.050313 seconds.
  path: Assets/Pixel_planets/Showcase/sprites/sprComet/layers/69942a9b-a714-43aa-b975-958fc09f46fb/85684fe5-56d5-44a6-b098-87c13a46c178.png
  artifactKey: Guid(58195fccf3969794ebda46cf4d1fca13) Importer(815301076,1909f56bfc062723c751e8b465ee728b)
Start importing Assets/Pixel_planets/Showcase/sprites/sprComet/layers/69942a9b-a714-43aa-b975-958fc09f46fb/85684fe5-56d5-44a6-b098-87c13a46c178.png using Guid(58195fccf3969794ebda46cf4d1fca13) Importer(815301076,1909f56bfc062723c751e8b465ee728b)  -> (artifact id: '6690ec1dff33a2bd9ec3bd9cc5a6e97e') in 0.126577 seconds 
========================================================================
Received Import Request.
  Time since last request: 1.078198 seconds.
  path: Assets/Pixel_planets/Showcase/sprites/sprPlanet/layers/5e123eec-9a5b-4121-bd92-c396ad83c2a6/58d6ffb0-393a-4f49-855b-b55e004e21f1.png
  artifactKey: Guid(817420109fd1e83429ef0e4e1d0a16a2) Importer(815301076,1909f56bfc062723c751e8b465ee728b)
Start importing Assets/Pixel_planets/Showcase/sprites/sprPlanet/layers/5e123eec-9a5b-4121-bd92-c396ad83c2a6/58d6ffb0-393a-4f49-855b-b55e004e21f1.png using Guid(817420109fd1e83429ef0e4e1d0a16a2) Importer(815301076,1909f56bfc062723c751e8b465ee728b)  -> (artifact id: 'bf3cfbc6a90659db733398e9e78a3692') in 0.020456 seconds 
========================================================================
Received Import Request.
  Time since last request: 0.000028 seconds.
  path: Assets/Pixel_planets/Showcase/sprites/sprPlanet/layers/5bfc1807-0bce-4190-aa52-2be28f353d43/58d6ffb0-393a-4f49-855b-b55e004e21f1.png
  artifactKey: Guid(87b62832cdcaca3478a970a6a4ed70bb) Importer(815301076,1909f56bfc062723c751e8b465ee728b)
Start importing Assets/Pixel_planets/Showcase/sprites/sprPlanet/layers/5bfc1807-0bce-4190-aa52-2be28f353d43/58d6ffb0-393a-4f49-855b-b55e004e21f1.png using Guid(87b62832cdcaca3478a970a6a4ed70bb) Importer(815301076,1909f56bfc062723c751e8b465ee728b)  -> (artifact id: '9f39ac3c09192c0249bc4e24bc585326') in 0.015823 seconds 
========================================================================
Received Import Request.
  Time since last request: 0.000036 seconds.
  path: Assets/Pixel_planets/Showcase/sprites/sprPlanet/layers/14c326f4-a59b-4373-94fc-621645aa369b/58d6ffb0-393a-4f49-855b-b55e004e21f1.png
  artifactKey: Guid(5901d4e6d67b0854c92f0cfb937c7e24) Importer(815301076,1909f56bfc062723c751e8b465ee728b)
Start importing Assets/Pixel_planets/Showcase/sprites/sprPlanet/layers/14c326f4-a59b-4373-94fc-621645aa369b/58d6ffb0-393a-4f49-855b-b55e004e21f1.png using Guid(5901d4e6d67b0854c92f0cfb937c7e24) Importer(815301076,1909f56bfc062723c751e8b465ee728b)  -> (artifact id: '808671d2f5fc9d96a29483890371139a') in 0.013546 seconds 
Editor requested this worker to shutdown with reason: Scaling down because of idle timeout
AssetImportWorker is now disconnected from the server
Process exiting
Exiting without the bug reporter. Application will terminate with return code 0