Using pre-set license
Built from '2021.3/staging' branch; Version is '2021.3.11f1 (0a5ca18544bf) revision 679073'; Using compiler version '192829333'; Build Type 'Release'
OS: 'Windows 11  (10.0.22621) 64bit Professional' Language: 'ko' Physical Memory: 15773 MB
BatchMode: 1, IsHumanControllingUs: 0, StartBugReporterOnCrash: 0, Is64bit: 1, IsPro: 1

COMMAND LINE ARGUMENTS:
C:\Program Files\Unity\Hub\Editor\2021.3.11f1\Editor\Unity.exe
-adb2
-batchMode
-noUpm
-name
AssetImportWorker0
-projectPath
C:/Users/Gnob/test
-logFile
Logs/AssetImportWorker0.log
-srvPort
10200
Successfully changed project path to: C:/Users/Gnob/test
C:/Users/Gnob/test
[UnityMemory] Configuration Parameters - Can be set up in boot.config
    "memorysetup-bucket-allocator-granularity=16"
    "memorysetup-bucket-allocator-bucket-count=8"
    "memorysetup-bucket-allocator-block-size=33554432"
    "memorysetup-bucket-allocator-block-count=8"
    "memorysetup-main-allocator-block-size=16777216"
    "memorysetup-thread-allocator-block-size=16777216"
    "memorysetup-gfx-main-allocator-block-size=16777216"
    "memorysetup-gfx-thread-allocator-block-size=16777216"
    "memorysetup-cache-allocator-block-size=4194304"
    "memorysetup-typetree-allocator-block-size=2097152"
    "memorysetup-profiler-bucket-allocator-granularity=16"
    "memorysetup-profiler-bucket-allocator-bucket-count=8"
    "memorysetup-profiler-bucket-allocator-block-size=33554432"
    "memorysetup-profiler-bucket-allocator-block-count=8"
    "memorysetup-profiler-allocator-block-size=16777216"
    "memorysetup-profiler-editor-allocator-block-size=1048576"
    "memorysetup-temp-allocator-size-main=16777216"
    "memorysetup-job-temp-allocator-block-size=2097152"
    "memorysetup-job-temp-allocator-block-size-background=1048576"
    "memorysetup-job-temp-allocator-reduction-small-platforms=262144"
    "memorysetup-temp-allocator-size-background-worker=32768"
    "memorysetup-temp-allocator-size-job-worker=262144"
    "memorysetup-temp-allocator-size-preload-manager=33554432"
    "memorysetup-temp-allocator-size-nav-mesh-worker=65536"
    "memorysetup-temp-allocator-size-audio-worker=65536"
    "memorysetup-temp-allocator-size-cloud-worker=32768"
    "memorysetup-temp-allocator-size-gi-baking-worker=262144"
    "memorysetup-temp-allocator-size-gfx=262144"
Refreshing native plugins compatible for Editor in 219.61 ms, found 16 plugins.
Preloading 0 native plugins for Editor in 0.00 ms.
Initialize engine version: 2021.3.11f1 (0a5ca18544bf)
[Subsystems] Discovering subsystems at path C:/Program Files/Unity/Hub/Editor/2021.3.11f1/Editor/Data/Resources/UnitySubsystems
[Subsystems] Discovering subsystems at path C:/Users/Gnob/test/Assets
GfxDevice: creating device client; threaded=0; jobified=0
Direct3D:
    Version:  Direct3D 11.0 [level 11.1]
    Renderer: AMD Radeon (TM) Graphics (ID=0x15e7)
    Vendor:   ATI
    VRAM:     7886 MB
    Driver:   31.0.12019.15004
Initialize mono
Mono path[0] = 'C:/Program Files/Unity/Hub/Editor/2021.3.11f1/Editor/Data/Managed'
Mono path[1] = 'C:/Program Files/Unity/Hub/Editor/2021.3.11f1/Editor/Data/MonoBleedingEdge/lib/mono/unityjit-win32'
Mono config path = 'C:/Program Files/Unity/Hub/Editor/2021.3.11f1/Editor/Data/MonoBleedingEdge/etc'
Using monoOptions --debugger-agent=transport=dt_socket,embedding=1,server=y,suspend=n,address=127.0.0.1:56920
Begin MonoManager ReloadAssembly
Registering precompiled unity dll's ...
Register platform support module: C:/Program Files/Unity/Hub/Editor/2021.3.11f1/Editor/Data/PlaybackEngines/WindowsStandaloneSupport/UnityEditor.WindowsStandalone.Extensions.dll
Registered in 0.003271 seconds.
Native extension for WindowsStandalone target not found
Refreshing native plugins compatible for Editor in 192.08 ms, found 16 plugins.
Preloading 0 native plugins for Editor in 0.00 ms.
Mono: successfully reloaded assembly
- Completed reload, in  0.921 seconds
Domain Reload Profiling:
	ReloadAssembly (921ms)
		BeginReloadAssembly (105ms)
			ExecutionOrderSort (0ms)
			DisableScriptedObjects (0ms)
			BackupInstance (0ms)
			ReleaseScriptingObjects (0ms)
			CreateAndSetChildDomain (1ms)
		EndReloadAssembly (667ms)
			LoadAssemblies (104ms)
			RebuildTransferFunctionScriptingTraits (0ms)
			SetupTypeCache (152ms)
			ReleaseScriptCaches (0ms)
			RebuildScriptCaches (31ms)
			SetupLoadedEditorAssemblies (420ms)
				LogAssemblyErrors (0ms)
				InitializePlatformSupportModulesInManaged (8ms)
				SetLoadedEditorAssemblies (0ms)
				RefreshPlugins (192ms)
				BeforeProcessingInitializeOnLoad (2ms)
				ProcessInitializeOnLoadAttributes (147ms)
				ProcessInitializeOnLoadMethodAttributes (70ms)
				AfterProcessingInitializeOnLoad (0ms)
				EditorAssembliesLoaded (0ms)
			ExecutionOrderSort2 (0ms)
			AwakeInstancesAfterBackupRestoration (0ms)
Platform modules already initialized, skipping
Registering precompiled user dll's ...
Registered in 0.015697 seconds.
Begin MonoManager ReloadAssembly
Symbol file LoadedFromMemory doesn't match image C:\Users\Gnob\test\Library\PackageCache\com.unity.visualscripting@1.7.8\Editor\VisualScripting.Core\Dependencies\DotNetZip\Unity.VisualScripting.IonicZip.dll
Symbol file LoadedFromMemory doesn't match image C:\Users\Gnob\test\Library\PackageCache\com.unity.visualscripting@1.7.8\Editor\VisualScripting.Core\Dependencies\YamlDotNet\Unity.VisualScripting.YamlDotNet.dll
Native extension for WindowsStandalone target not found
Refreshing native plugins compatible for Editor in 173.95 ms, found 16 plugins.
Preloading 0 native plugins for Editor in 0.00 ms.
Mono: successfully reloaded assembly
- Completed reload, in  1.985 seconds
Domain Reload Profiling:
	ReloadAssembly (1986ms)
		BeginReloadAssembly (144ms)
			ExecutionOrderSort (0ms)
			DisableScriptedObjects (8ms)
			BackupInstance (0ms)
			ReleaseScriptingObjects (0ms)
			CreateAndSetChildDomain (33ms)
		EndReloadAssembly (1712ms)
			LoadAssemblies (99ms)
			RebuildTransferFunctionScriptingTraits (0ms)
			SetupTypeCache (406ms)
			ReleaseScriptCaches (1ms)
			RebuildScriptCaches (97ms)
			SetupLoadedEditorAssemblies (1025ms)
				LogAssemblyErrors (0ms)
				InitializePlatformSupportModulesInManaged (6ms)
				SetLoadedEditorAssemblies (0ms)
				RefreshPlugins (174ms)
				BeforeProcessingInitializeOnLoad (220ms)
				ProcessInitializeOnLoadAttributes (476ms)
				ProcessInitializeOnLoadMethodAttributes (143ms)
				AfterProcessingInitializeOnLoad (5ms)
				EditorAssembliesLoaded (0ms)
			ExecutionOrderSort2 (0ms)
			AwakeInstancesAfterBackupRestoration (12ms)
Platform modules already initialized, skipping
========================================================================
Worker process is ready to serve import requests
Launched and connected shader compiler UnityShaderCompiler.exe after 0.05 seconds
Refreshing native plugins compatible for Editor in 2.59 ms, found 16 plugins.
Preloading 0 native plugins for Editor in 0.00 ms.
Unloading 5830 Unused Serialized files (Serialized files now loaded: 0)
Unloading 166 unused Assets / (1.2 MB). Loaded Objects now: 6195.
Memory consumption went from 225.8 MB to 224.5 MB.
Total: 9.057900 ms (FindLiveObjects: 0.836600 ms CreateObjectMapping: 0.401200 ms MarkObjects: 6.704400 ms  DeleteObjects: 1.113500 ms)

AssetImportParameters requested are different than current active one (requested -> active):
  custom:video-decoder-ogg-theora: a1e56fd34408186e4bbccfd4996cb3dc -> 
  custom:container-muxer-webm: aa71ff27fc2769a1b78a27578f13a17b -> 
  custom:container-demuxer-webm: 4f35f7cbe854078d1ac9338744f61a02 -> 
  custom:video-encoder-webm-vp8: eb34c28f22e8b96e1ab97ce403110664 -> 
  custom:video-codec-MediaFoundation-h265: 746d11721c4dcdbdad8f713fa42b33f4 -> 
  custom:audio-encoder-webm-vorbis: bf7c407c2cedff20999df2af8eb42d56 -> 
  custom:framework-win-MediaFoundation: 216162199b28c13a410421893ffa2e32 -> 
  custom:container-demuxer-ogg: 62fdf1f143b41e24485cea50d1cbac27 -> 
  custom:video-decoder-webm-vp8: 9c59270c3fd7afecdb556c50c9e8de78 -> 
  custom:audio-decoder-ogg-vorbis: bf7c407c2cedff20999df2af8eb42d56 -> 
========================================================================
Received Import Request.
  Time since last request: 82980.092696 seconds.
  path: Assets/BlackHole-Vortex/Frames/BlackHole-Red-3-s/BH-RED 3_00029.png
  artifactKey: Guid(ba68049f87eec4e4cb272dabf592ae2a) Importer(815301076,1909f56bfc062723c751e8b465ee728b)
Start importing Assets/BlackHole-Vortex/Frames/BlackHole-Red-3-s/BH-RED 3_00029.png using Guid(ba68049f87eec4e4cb272dabf592ae2a) Importer(815301076,1909f56bfc062723c751e8b465ee728b)  -> (artifact id: '25d9fb01debd069ea547e3c34265cc68') in 0.187577 seconds 
========================================================================
Received Import Request.
  Time since last request: 0.000036 seconds.
  path: Assets/BlackHole-Vortex/Frames/BalckHole-Reddish Color-s/BH-RED_00027.png
  artifactKey: Guid(f1bfe0f6e9a7f9840906f6578894c2b0) Importer(815301076,1909f56bfc062723c751e8b465ee728b)
Start importing Assets/BlackHole-Vortex/Frames/BalckHole-Reddish Color-s/BH-RED_00027.png using Guid(f1bfe0f6e9a7f9840906f6578894c2b0) Importer(815301076,1909f56bfc062723c751e8b465ee728b)  -> (artifact id: 'dfa2a4f69175631be883db587cf35598') in 0.049807 seconds 
========================================================================
Received Import Request.
  Time since last request: 0.000037 seconds.
  path: Assets/BlackHole-Vortex/Frames/BalckHole-ReddishColorTunnel-s/BalckHole-ReddishColorTunnel2_00023.png
  artifactKey: Guid(54f04143277aef0429f4c473bd202e5a) Importer(815301076,1909f56bfc062723c751e8b465ee728b)
Start importing Assets/BlackHole-Vortex/Frames/BalckHole-ReddishColorTunnel-s/BalckHole-ReddishColorTunnel2_00023.png using Guid(54f04143277aef0429f4c473bd202e5a) Importer(815301076,1909f56bfc062723c751e8b465ee728b)  -> (artifact id: '52c6d327b40d4ef4d463273c3048689a') in 0.043539 seconds 
========================================================================
Received Import Request.
  Time since last request: 0.000044 seconds.
  path: Assets/BlackHole-Vortex/Frames/BlackHole_Loop_small-3-s/BlackHole_Loop_small-3_00025.png
  artifactKey: Guid(38583c8373e21b141830c554e538497a) Importer(815301076,1909f56bfc062723c751e8b465ee728b)
Start importing Assets/BlackHole-Vortex/Frames/BlackHole_Loop_small-3-s/BlackHole_Loop_small-3_00025.png using Guid(38583c8373e21b141830c554e538497a) Importer(815301076,1909f56bfc062723c751e8b465ee728b)  -> (artifact id: '0591e9623748c9797b7e336ccd1a06f8') in 0.046151 seconds 
========================================================================
Received Import Request.
  Time since last request: 0.000030 seconds.
  path: Assets/BlackHole-Vortex/Frames/BalckHole-Reddish Color-s/BH-RED_00026.png
  artifactKey: Guid(be8f16b132a729b458fc6cca7cc69322) Importer(815301076,1909f56bfc062723c751e8b465ee728b)
Start importing Assets/BlackHole-Vortex/Frames/BalckHole-Reddish Color-s/BH-RED_00026.png using Guid(be8f16b132a729b458fc6cca7cc69322) Importer(815301076,1909f56bfc062723c751e8b465ee728b)  -> (artifact id: '7cd0327f708e77dc135a383a6bf2aa09') in 0.047521 seconds 
========================================================================
Received Import Request.
  Time since last request: 0.000028 seconds.
  path: Assets/BlackHole-Vortex/Frames/BlackHole_Loop_small-3-s/BlackHole_Loop_small-3_00027.png
  artifactKey: Guid(adb80ca18f5b36349940c91ffd16cefc) Importer(815301076,1909f56bfc062723c751e8b465ee728b)
Start importing Assets/BlackHole-Vortex/Frames/BlackHole_Loop_small-3-s/BlackHole_Loop_small-3_00027.png using Guid(adb80ca18f5b36349940c91ffd16cefc) Importer(815301076,1909f56bfc062723c751e8b465ee728b)  -> (artifact id: '0c5b13a37135afc7fbd39818321cca82') in 0.040993 seconds 
========================================================================
Received Import Request.
  Time since last request: 0.000039 seconds.
  path: Assets/BlackHole-Vortex/Frames/BlackHole_Loop_small-2/BlackHole-2_00026.png
  artifactKey: Guid(de726d556d81e104493542ef0922fac1) Importer(815301076,1909f56bfc062723c751e8b465ee728b)
Start importing Assets/BlackHole-Vortex/Frames/BlackHole_Loop_small-2/BlackHole-2_00026.png using Guid(de726d556d81e104493542ef0922fac1) Importer(815301076,1909f56bfc062723c751e8b465ee728b)  -> (artifact id: '00709a3ffe042aaec9bd337055723dde') in 0.050280 seconds 
========================================================================
Received Import Request.
  Time since last request: 0.000039 seconds.
  path: Assets/BlackHole-Vortex/Frames/BalckHole-ReddishColorTunnel-s/BalckHole-ReddishColorTunnel2_00028.png
  artifactKey: Guid(8a9013f0af5a84e43852b9a4b7a9f9ce) Importer(815301076,1909f56bfc062723c751e8b465ee728b)
Start importing Assets/BlackHole-Vortex/Frames/BalckHole-ReddishColorTunnel-s/BalckHole-ReddishColorTunnel2_00028.png using Guid(8a9013f0af5a84e43852b9a4b7a9f9ce) Importer(815301076,1909f56bfc062723c751e8b465ee728b)  -> (artifact id: '2655880e565fc4c646d897425889302f') in 0.054024 seconds 
========================================================================
Received Import Request.
  Time since last request: 0.000042 seconds.
  path: Assets/BlackHole-Vortex/Frames/BlackHole_Loop_small/BlackHole_00025.png
  artifactKey: Guid(dcceab16417c94c41802089f2609319c) Importer(815301076,1909f56bfc062723c751e8b465ee728b)
Start importing Assets/BlackHole-Vortex/Frames/BlackHole_Loop_small/BlackHole_00025.png using Guid(dcceab16417c94c41802089f2609319c) Importer(815301076,1909f56bfc062723c751e8b465ee728b)  -> (artifact id: '1ec09014f435b9e45ff85b9e98f8d67c') in 0.047178 seconds 
========================================================================
Received Import Request.
  Time since last request: 0.000027 seconds.
  path: Assets/BlackHole-Vortex/Frames/BlackHole_Loop_small-3-s/BlackHole_Loop_small-3_00028.png
  artifactKey: Guid(4c66b7c2e9ceb914b9b77004b2b58f8f) Importer(815301076,1909f56bfc062723c751e8b465ee728b)
Start importing Assets/BlackHole-Vortex/Frames/BlackHole_Loop_small-3-s/BlackHole_Loop_small-3_00028.png using Guid(4c66b7c2e9ceb914b9b77004b2b58f8f) Importer(815301076,1909f56bfc062723c751e8b465ee728b)  -> (artifact id: '990238350b4499470f94be2b9e30b902') in 0.041706 seconds 
========================================================================
Received Import Request.
  Time since last request: 0.000029 seconds.
  path: Assets/BlackHole-Vortex/Frames/BlackHole_Loop_small/BlackHole_00029.png
  artifactKey: Guid(cff790e36d1474d4aafa34aa1ab6b730) Importer(815301076,1909f56bfc062723c751e8b465ee728b)
Start importing Assets/BlackHole-Vortex/Frames/BlackHole_Loop_small/BlackHole_00029.png using Guid(cff790e36d1474d4aafa34aa1ab6b730) Importer(815301076,1909f56bfc062723c751e8b465ee728b)  -> (artifact id: '32f1a1073d3c3012b36463c95cfb72df') in 0.042815 seconds 
========================================================================
Received Import Request.
  Time since last request: 0.000031 seconds.
  path: Assets/BlackHole-Vortex/Frames/BlackHole-Tunel2/BlackHole-Tunel2_00028.png
  artifactKey: Guid(83b5d657a8a185043849dcf2909c4bbf) Importer(815301076,1909f56bfc062723c751e8b465ee728b)
Start importing Assets/BlackHole-Vortex/Frames/BlackHole-Tunel2/BlackHole-Tunel2_00028.png using Guid(83b5d657a8a185043849dcf2909c4bbf) Importer(815301076,1909f56bfc062723c751e8b465ee728b)  -> (artifact id: 'd1c82e4334ebf9ffd30546a33e6f77ba') in 0.062404 seconds 
========================================================================
Received Import Request.
  Time since last request: 0.000040 seconds.
  path: Assets/BlackHole-Vortex/Frames/BlackHole-White 2/BH_00029.png
  artifactKey: Guid(569c1a77c86bbe74089b12efaf658469) Importer(815301076,1909f56bfc062723c751e8b465ee728b)
Start importing Assets/BlackHole-Vortex/Frames/BlackHole-White 2/BH_00029.png using Guid(569c1a77c86bbe74089b12efaf658469) Importer(815301076,1909f56bfc062723c751e8b465ee728b)  -> (artifact id: '0d011f12cbe89342c46eb2dc41f99367') in 0.057920 seconds 
========================================================================
Received Import Request.
  Time since last request: 0.000037 seconds.
  path: Assets/BlackHole-Vortex/Frames/BlackHole-White 2/BH_00028.png
  artifactKey: Guid(f51d697027be5704290919e0ed4a45e6) Importer(815301076,1909f56bfc062723c751e8b465ee728b)
Start importing Assets/BlackHole-Vortex/Frames/BlackHole-White 2/BH_00028.png using Guid(f51d697027be5704290919e0ed4a45e6) Importer(815301076,1909f56bfc062723c751e8b465ee728b)  -> (artifact id: 'a8c4eb7413749f5993d6863167e652e4') in 0.040534 seconds 
========================================================================
Received Import Request.
  Time since last request: 0.000024 seconds.
  path: Assets/BlackHole-Vortex/Frames/BlackHole_Loop-s/BlackHole_Loop_00026.png
  artifactKey: Guid(c53e64bcd6ca02842a98f548f3b93c6a) Importer(815301076,1909f56bfc062723c751e8b465ee728b)
Start importing Assets/BlackHole-Vortex/Frames/BlackHole_Loop-s/BlackHole_Loop_00026.png using Guid(c53e64bcd6ca02842a98f548f3b93c6a) Importer(815301076,1909f56bfc062723c751e8b465ee728b)  -> (artifact id: 'ba6d83ce990ed1fe6f5b3c6ea8ee2a59') in 0.039943 seconds 
========================================================================
Received Import Request.
  Time since last request: 0.000043 seconds.
  path: Assets/BlackHole-Vortex/Frames/BlackHole-Red-3-s/BH-RED 3_00027.png
  artifactKey: Guid(dd856496f2255194daa2c52cb22642ed) Importer(815301076,1909f56bfc062723c751e8b465ee728b)
Start importing Assets/BlackHole-Vortex/Frames/BlackHole-Red-3-s/BH-RED 3_00027.png using Guid(dd856496f2255194daa2c52cb22642ed) Importer(815301076,1909f56bfc062723c751e8b465ee728b)  -> (artifact id: 'd7a89226a46478e1ce07af6e78612b67') in 0.051077 seconds 
========================================================================
Received Import Request.
  Time since last request: 0.000022 seconds.
  path: Assets/BlackHole-Vortex/Frames/BlackHole-Red-3-s/BH-RED 3_00026.png
  artifactKey: Guid(31268fe81ca34ac4da78e6227d31c3ed) Importer(815301076,1909f56bfc062723c751e8b465ee728b)
Start importing Assets/BlackHole-Vortex/Frames/BlackHole-Red-3-s/BH-RED 3_00026.png using Guid(31268fe81ca34ac4da78e6227d31c3ed) Importer(815301076,1909f56bfc062723c751e8b465ee728b)  -> (artifact id: '7f62fb6eb35bc540082ddc123c366995') in 0.038423 seconds 
========================================================================
Received Import Request.
  Time since last request: 0.000026 seconds.
  path: Assets/BlackHole-Vortex/Frames/BlackHole-Tunel2/BlackHole-Tunel2_00022.png
  artifactKey: Guid(3c49356163821ef4498ec33b9116a24b) Importer(815301076,1909f56bfc062723c751e8b465ee728b)
Start importing Assets/BlackHole-Vortex/Frames/BlackHole-Tunel2/BlackHole-Tunel2_00022.png using Guid(3c49356163821ef4498ec33b9116a24b) Importer(815301076,1909f56bfc062723c751e8b465ee728b)  -> (artifact id: 'cc9287c27acd0e82c009c98df5e070c7') in 0.044750 seconds 
========================================================================
Received Import Request.
  Time since last request: 0.000042 seconds.
  path: Assets/BlackHole-Vortex/Frames/BlackHole-Tunel2/BlackHole-Tunel2_00021.png
  artifactKey: Guid(6a30a8f5451dd17448f285e220c1d429) Importer(815301076,1909f56bfc062723c751e8b465ee728b)
Start importing Assets/BlackHole-Vortex/Frames/BlackHole-Tunel2/BlackHole-Tunel2_00021.png using Guid(6a30a8f5451dd17448f285e220c1d429) Importer(815301076,1909f56bfc062723c751e8b465ee728b)  -> (artifact id: '2e2b86f10a95bcd665bb22aff5180a94') in 0.056875 seconds 
========================================================================
Received Import Request.
  Time since last request: 0.000048 seconds.
  path: Assets/BlackHole-Vortex/Frames/BlackHole-White 2/BH_00027.png
  artifactKey: Guid(c38aaa96c4625a14290d711ed3369c44) Importer(815301076,1909f56bfc062723c751e8b465ee728b)
Start importing Assets/BlackHole-Vortex/Frames/BlackHole-White 2/BH_00027.png using Guid(c38aaa96c4625a14290d711ed3369c44) Importer(815301076,1909f56bfc062723c751e8b465ee728b)  -> (artifact id: '120dfb8b19f5d65fe6c8d8f2b76884ac') in 0.065480 seconds 
========================================================================
Received Import Request.
  Time since last request: 0.000031 seconds.
  path: Assets/BlackHole-Vortex/Frames/BlackHole-Tunel2/BlackHole-Tunel2_00029.png
  artifactKey: Guid(e94e615253d07e040a332898f684dbe9) Importer(815301076,1909f56bfc062723c751e8b465ee728b)
Start importing Assets/BlackHole-Vortex/Frames/BlackHole-Tunel2/BlackHole-Tunel2_00029.png using Guid(e94e615253d07e040a332898f684dbe9) Importer(815301076,1909f56bfc062723c751e8b465ee728b)  -> (artifact id: '09fe672207f0ad38c83b6c7669265b79') in 0.064911 seconds 
========================================================================
Received Prepare
Registering precompiled user dll's ...
Registered in 0.010610 seconds.
Begin MonoManager ReloadAssembly
Symbol file LoadedFromMemory doesn't match image C:\Users\Gnob\test\Library\PackageCache\com.unity.visualscripting@1.7.8\Editor\VisualScripting.Core\Dependencies\DotNetZip\Unity.VisualScripting.IonicZip.dll
Symbol file LoadedFromMemory doesn't match image C:\Users\Gnob\test\Library\PackageCache\com.unity.visualscripting@1.7.8\Editor\VisualScripting.Core\Dependencies\YamlDotNet\Unity.VisualScripting.YamlDotNet.dll
Native extension for WindowsStandalone target not found
Refreshing native plugins compatible for Editor in 3.84 ms, found 16 plugins.
Preloading 0 native plugins for Editor in 0.00 ms.
Unable to write to 'ProjectSettings\GvhProjectSettings.xml' (System.IO.IOException: Sharing violation on path C:\Users\Gnob\test\ProjectSettings\GvhProjectSettings.xml
  at System.IO.FileStream..ctor (System.String path, System.IO.FileMode mode, System.IO.FileAccess access, System.IO.FileShare share, System.Int32 bufferSize, System.Boolean anonymous, System.IO.FileOptions options) [0x0019e] in <9aad1b3a47484d63ba2b3985692d80e9>:0 
  at System.IO.FileStream..ctor (System.String path, System.IO.FileMode mode, System.IO.FileAccess access, System.IO.FileShare share, System.Int32 bufferSize, System.IO.FileOptions options) [0x00000] in <9aad1b3a47484d63ba2b3985692d80e9>:0 
  at System.IO.FileStream..ctor (System.String path, System.IO.FileMode mode, System.IO.FileAccess access, System.IO.FileShare share, System.Int32 bufferSize, System.Boolean useAsync) [0x00000] in <9aad1b3a47484d63ba2b3985692d80e9>:0 
  at (wrapper remoting-invoke-with-check) System.IO.FileStream..ctor(string,System.IO.FileMode,System.IO.FileAccess,System.IO.FileShare,int,bool)
  at System.Xml.XmlWriterSettings.CreateWriter (System.String outputFileName) [0x00051] in <dd0557022e4e4150b548e69900b259c8>:0 
  at System.Xml.XmlWriter.Create (System.String outputFileName, System.Xml.XmlWriterSettings settings) [0x0000a] in <dd0557022e4e4150b548e69900b259c8>:0 
  at Google.ProjectSettings.Save () [0x000a1] in <f84891da46494f42b06c4c4875aa2f96>:0 , Project settings were not saved!
UnityEngine.StackTraceUtility:ExtractStackTrace ()
UnityEngine.DebugLogHandler:LogFormat (UnityEngine.LogType,UnityEngine.Object,string,object[])
UnityEngine.Logger:Log (UnityEngine.LogType,object)
UnityEngine.Debug:LogError (object)
Google.Logger:Log (string,Google.LogLevel)
Google.ProjectSettings:Save ()
Google.ProjectSettings:SetBool (string,bool,Google.SettingsLocation)
Google.ProjectSettings:SetBool (string,bool)
Google.IOSResolver:set_VerboseLoggingEnabled (bool)
Google.IOSResolver:.cctor ()
System.Runtime.CompilerServices.RuntimeHelpers:RunClassConstructor (System.RuntimeTypeHandle)
UnityEditor.EditorAssemblies:ProcessInitializeOnLoadAttributes (System.Type[])

Mono: successfully reloaded assembly
- Completed reload, in  1.915 seconds
Domain Reload Profiling:
	ReloadAssembly (1915ms)
		BeginReloadAssembly (175ms)
			ExecutionOrderSort (0ms)
			DisableScriptedObjects (7ms)
			BackupInstance (0ms)
			ReleaseScriptingObjects (0ms)
			CreateAndSetChildDomain (62ms)
		EndReloadAssembly (1607ms)
			LoadAssemblies (110ms)
			RebuildTransferFunctionScriptingTraits (0ms)
			SetupTypeCache (418ms)
			ReleaseScriptCaches (4ms)
			RebuildScriptCaches (114ms)
			SetupLoadedEditorAssemblies (834ms)
				LogAssemblyErrors (0ms)
				InitializePlatformSupportModulesInManaged (17ms)
				SetLoadedEditorAssemblies (1ms)
				RefreshPlugins (4ms)
				BeforeProcessingInitializeOnLoad (160ms)
				ProcessInitializeOnLoadAttributes (491ms)
				ProcessInitializeOnLoadMethodAttributes (155ms)
				AfterProcessingInitializeOnLoad (5ms)
				EditorAssembliesLoaded (0ms)
			ExecutionOrderSort2 (0ms)
			AwakeInstancesAfterBackupRestoration (18ms)
Platform modules already initialized, skipping
Refreshing native plugins compatible for Editor in 18.50 ms, found 16 plugins.
Preloading 0 native plugins for Editor in 0.00 ms.
Unloading 5696 Unused Serialized files (Serialized files now loaded: 0)
Unloading 153 unused Assets / (1.2 MB). Loaded Objects now: 6215.
Memory consumption went from 222.3 MB to 221.1 MB.
Total: 8.973000 ms (FindLiveObjects: 0.715100 ms CreateObjectMapping: 0.376700 ms MarkObjects: 6.553000 ms  DeleteObjects: 1.326100 ms)

AssetImportParameters requested are different than current active one (requested -> active):
  custom:video-decoder-ogg-theora: a1e56fd34408186e4bbccfd4996cb3dc -> 
  custom:container-muxer-webm: aa71ff27fc2769a1b78a27578f13a17b -> 
  custom:container-demuxer-webm: 4f35f7cbe854078d1ac9338744f61a02 -> 
  custom:video-encoder-webm-vp8: eb34c28f22e8b96e1ab97ce403110664 -> 
  custom:video-codec-MediaFoundation-h265: 746d11721c4dcdbdad8f713fa42b33f4 -> 
  custom:audio-encoder-webm-vorbis: bf7c407c2cedff20999df2af8eb42d56 -> 
  custom:framework-win-MediaFoundation: 216162199b28c13a410421893ffa2e32 -> 
  custom:container-demuxer-ogg: 62fdf1f143b41e24485cea50d1cbac27 -> 
  custom:video-decoder-webm-vp8: 9c59270c3fd7afecdb556c50c9e8de78 -> 
  custom:audio-decoder-ogg-vorbis: bf7c407c2cedff20999df2af8eb42d56 -> 
Editor requested this worker to shutdown with reason: Scaling down because of idle timeout
AssetImportWorker is now disconnected from the server
Process exiting
Exiting without the bug reporter. Application will terminate with return code 0